[11.02.2012 13:13:33] (Info) 6 InterHandlers loaded.
[11.02.2012 13:13:33] (Info) 27 Handlers loaded.
[11.02.2012 13:13:33] (Info) Loaded 1182 bad names.
[11.02.2012 13:13:33] (Info) DataProvider initialized successfully!
[11.02.2012 13:13:33] (Info) Listening on port 11000 for zones.
[11.02.2012 13:13:33] (Info) Connected to server @ localhost:10000
[11.02.2012 13:13:33] (Info) IV data received
[11.02.2012 13:13:33] (Info) ClientManager initialized.
[11.02.2012 13:13:33] (Info) WorldAcceptor ready at 9110
[11.02.2012 13:13:33] (Info) <3 LoginServer.
[11.02.2012 13:13:42] (Info) Incoming connection from 85.214.55.189:54124
[11.02.2012 13:13:42] (Info) IV data received
[11.02.2012 13:13:43] (Info) Added zone 0 with 64 maps.
[11.02.2012 13:13:43] (Info) Zone 0 listens @ 85.214.55.189:9210
[11.02.2012 13:13:52] (Debug) Client connected from 178.11.252.6
[11.02.2012 13:13:52] (Debug) test authenticated.
[11.02.2012 13:13:52] (Debug) Unhandled packet: 2|13 Opcode: 0x080D Length: 0 Data: 
[11.02.2012 13:14:38] (Debug) Unhandled packet: 22|27 Opcode: 0x581B Length: 0 Data: 
[11.02.2012 13:15:53] (Debug) Client connected from 178.11.252.6
[11.02.2012 13:15:53] (Debug) test7 authenticated.
[11.02.2012 13:15:53] (Debug) Unhandled packet: 2|13 Opcode: 0x080D Length: 0 Data: 
[11.02.2012 13:18:05] (Debug) Unhandled packet: 22|27 Opcode: 0x581B Length: 0 Data: 
[11.02.2012 13:21:46] (Error) Disconnected from server.
