[11.02.2012 18:27:32] (Info) 6 InterHandlers loaded.
[11.02.2012 18:27:32] (Info) 27 Handlers loaded.
[11.02.2012 18:27:32] (Info) Loaded 1182 bad names.
[11.02.2012 18:27:32] (Info) DataProvider initialized successfully!
[11.02.2012 18:27:32] (Info) Listening on port 11000 for zones.
[11.02.2012 18:27:32] (Info) Connected to server @ localhost:10000
[11.02.2012 18:27:32] (Info) ClientManager initialized.
[11.02.2012 18:27:32] (Info) WorldAcceptor ready at 9110
[11.02.2012 18:27:32] (Info) IV data received
[11.02.2012 18:27:32] (Info) <3 LoginServer.
[11.02.2012 18:27:42] (Info) Incoming connection from 85.214.55.189:54744
[11.02.2012 18:27:42] (Info) IV data received
[11.02.2012 18:27:42] (Info) Added zone 0 with 64 maps.
[11.02.2012 18:27:42] (Info) Zone 0 listens @ 85.214.55.189:9210
[11.02.2012 18:29:09] (Debug) Client connected from 178.11.252.6
[11.02.2012 18:29:09] (Debug) test authenticated.
[11.02.2012 18:29:09] (Debug) Unhandled packet: 2|13 Opcode: 0x080D Length: 0 Data: 
[11.02.2012 18:30:13] (Debug) Client connected from 178.11.252.6
[11.02.2012 18:30:13] (Debug) test7 authenticated.
[11.02.2012 18:30:13] (Debug) Unhandled packet: 2|13 Opcode: 0x080D Length: 0 Data: 
[11.02.2012 18:30:57] (Debug) Unhandled packet: 22|27 Opcode: 0x581B Length: 0 Data: 
[11.02.2012 18:32:52] (Debug) Unhandled packet: 22|27 Opcode: 0x581B Length: 0 Data: 
[11.02.2012 18:35:09] (Debug) Unhandled packet: 2|13 Opcode: 0x080D Length: 0 Data: 
[11.02.2012 18:35:11] (Debug) Unhandled packet: 22|27 Opcode: 0x581B Length: 0 Data: 
[11.02.2012 18:35:25] (Debug) Unhandled packet: 2|13 Opcode: 0x080D Length: 0 Data: 
[11.02.2012 18:35:29] (Debug) Unhandled packet: 22|27 Opcode: 0x581B Length: 0 Data: 
