[11.02.2012 11:47:59] (Info) 6 InterHandlers loaded.
[11.02.2012 11:47:59] (Info) 27 Handlers loaded.
[11.02.2012 11:47:59] (Info) Loaded 1182 bad names.
[11.02.2012 11:47:59] (Info) DataProvider initialized successfully!
[11.02.2012 11:47:59] (Info) Listening on port 11000 for zones.
[11.02.2012 11:47:59] (Info) Connected to server @ localhost:10000
[11.02.2012 11:47:59] (Info) IV data received
[11.02.2012 11:47:59] (Info) ClientManager initialized.
[11.02.2012 11:47:59] (Info) WorldAcceptor ready at 9110
[11.02.2012 11:47:59] (Info) <3 LoginServer.
[11.02.2012 11:48:08] (Info) Incoming connection from 85.214.55.189:54033
[11.02.2012 11:48:08] (Info) IV data received
[11.02.2012 11:48:08] (Info) Added zone 0 with 64 maps.
[11.02.2012 11:48:08] (Info) Zone 0 listens @ 85.214.55.189:9210
[11.02.2012 11:50:39] (Debug) Client connected from 178.11.252.6
[11.02.2012 11:50:39] (Debug) test authenticated.
[11.02.2012 11:50:39] (Debug) Unhandled packet: 2|13 Opcode: 0x080D Length: 0 Data: 
[11.02.2012 11:51:22] (Debug) Unhandled packet: 22|27 Opcode: 0x581B Length: 0 Data: 
[11.02.2012 11:52:38] (Debug) Client connected from 178.11.252.6
[11.02.2012 11:52:38] (Debug) test7 authenticated.
[11.02.2012 11:52:38] (Debug) Unhandled packet: 2|13 Opcode: 0x080D Length: 0 Data: 
[11.02.2012 11:56:11] (Debug) Unhandled packet: 22|27 Opcode: 0x581B Length: 0 Data: 
