[11.02.2012 14:28:40] (Info) 6 InterHandlers loaded.
[11.02.2012 14:28:40] (Info) 27 Handlers loaded.
[11.02.2012 14:28:40] (Info) Loaded 1182 bad names.
[11.02.2012 14:28:40] (Info) DataProvider initialized successfully!
[11.02.2012 14:28:40] (Info) Listening on port 11000 for zones.
[11.02.2012 14:28:40] (Info) Connected to server @ localhost:10000
[11.02.2012 14:28:40] (Info) IV data received
[11.02.2012 14:28:40] (Info) ClientManager initialized.
[11.02.2012 14:28:40] (Info) WorldAcceptor ready at 9110
[11.02.2012 14:28:41] (Info) <3 LoginServer.
[11.02.2012 14:28:46] (Info) Incoming connection from 85.214.55.189:54312
[11.02.2012 14:28:46] (Info) IV data received
[11.02.2012 14:28:46] (Info) Added zone 0 with 64 maps.
[11.02.2012 14:28:47] (Info) Zone 0 listens @ 85.214.55.189:9210
[11.02.2012 14:30:56] (Debug) Client connected from 178.11.252.6
[11.02.2012 14:30:57] (Debug) test7 authenticated.
[11.02.2012 14:30:57] (Debug) Unhandled packet: 2|13 Opcode: 0x080D Length: 0 Data: 
[11.02.2012 14:32:02] (Debug) Unhandled packet: 22|27 Opcode: 0x581B Length: 0 Data: 
[11.02.2012 14:33:01] (Debug) Client connected from 178.11.252.6
[11.02.2012 14:33:01] (Debug) test99 authenticated.
[11.02.2012 14:33:01] (Debug) Unhandled packet: 2|13 Opcode: 0x080D Length: 0 Data: 
[11.02.2012 14:35:05] (Debug) Unhandled packet: 22|27 Opcode: 0x581B Length: 0 Data: 
[11.02.2012 15:17:46] (Info) Zone 0 disconnected.
[11.02.2012 15:17:46] (Error) Disconnected from server.
