[05.02.2012 19:15:37] (Info) 6 InterHandlers loaded.
[05.02.2012 19:15:37] (Info) 27 Handlers loaded.
[05.02.2012 19:15:37] (Info) Loaded 1182 bad names.
[05.02.2012 19:15:37] (Info) DataProvider initialized successfully!
[05.02.2012 19:15:37] (Info) Listening on port 11000 for zones.
[05.02.2012 19:15:37] (Info) Connected to server @ localhost:10000
[05.02.2012 19:15:37] (Info) ClientManager initialized.
[05.02.2012 19:15:37] (Info) WorldAcceptor ready at 9110
[05.02.2012 19:15:37] (Info) IV data received
[05.02.2012 19:15:37] (Info) <3 LoginServer.
[05.02.2012 19:15:46] (Info) Incoming connection from 85.214.55.189:50427
[05.02.2012 19:15:46] (Info) IV data received
[05.02.2012 19:15:46] (Info) Added zone 0 with 64 maps.
[05.02.2012 19:15:46] (Info) Zone 0 listens @ 85.214.55.189:9210
[05.02.2012 19:16:29] (Debug) Client connected from 188.96.168.19
[05.02.2012 19:16:29] (Debug) test authenticated.
[05.02.2012 19:16:29] (Debug) Unhandled packet: 2|13 Opcode: 0x080D Length: 0 Data: 
[05.02.2012 19:17:35] (Debug) Unhandled packet: 22|27 Opcode: 0x581B Length: 0 Data: 
[05.02.2012 19:21:32] (Debug) Client connected from 188.96.168.19
[05.02.2012 19:21:32] (Debug) test7 authenticated.
[05.02.2012 19:21:32] (Debug) Unhandled packet: 2|13 Opcode: 0x080D Length: 0 Data: 
[05.02.2012 19:25:11] (Debug) Unhandled packet: 22|27 Opcode: 0x581B Length: 0 Data: 
[05.02.2012 19:27:29] (Debug) Client connected from 88.77.39.179
[05.02.2012 19:27:29] (Debug) test99 authenticated.
[05.02.2012 19:27:29] (Debug) Unhandled packet: 2|13 Opcode: 0x080D Length: 0 Data: 
[05.02.2012 19:27:34] (Debug) Unhandled packet: 22|27 Opcode: 0x581B Length: 0 Data: 
