[05.02.2012 19:38:56] (Info) 6 InterHandlers loaded.
[05.02.2012 19:38:56] (Info) 27 Handlers loaded.
[05.02.2012 19:38:56] (Info) Loaded 1182 bad names.
[05.02.2012 19:38:56] (Info) DataProvider initialized successfully!
[05.02.2012 19:38:56] (Info) Listening on port 11000 for zones.
[05.02.2012 19:38:56] (Info) Connected to server @ localhost:10000
[05.02.2012 19:38:56] (Info) ClientManager initialized.
[05.02.2012 19:38:56] (Info) WorldAcceptor ready at 9110
[05.02.2012 19:38:56] (Info) IV data received
[05.02.2012 19:38:57] (Info) <3 LoginServer.
[05.02.2012 19:39:05] (Info) Incoming connection from 85.214.55.189:50514
[05.02.2012 19:39:05] (Info) IV data received
[05.02.2012 19:39:06] (Info) Added zone 0 with 64 maps.
[05.02.2012 19:39:06] (Info) Zone 0 listens @ 85.214.55.189:9210
[05.02.2012 19:42:21] (Debug) Client connected from 188.96.168.19
[05.02.2012 19:42:21] (Debug) test authenticated.
[05.02.2012 19:42:21] (Debug) Unhandled packet: 2|13 Opcode: 0x080D Length: 0 Data: 
[05.02.2012 19:42:43] (Debug) Client connected from 188.96.168.19
[05.02.2012 19:42:43] (Debug) test7 authenticated.
[05.02.2012 19:42:43] (Debug) Unhandled packet: 2|13 Opcode: 0x080D Length: 0 Data: 
[05.02.2012 19:45:17] (Debug) Client connected from 88.77.39.179
[05.02.2012 19:45:17] (Debug) test99 authenticated.
[05.02.2012 19:45:17] (Debug) Unhandled packet: 2|13 Opcode: 0x080D Length: 0 Data: 
[05.02.2012 19:45:20] (Debug) Unhandled packet: 22|27 Opcode: 0x581B Length: 0 Data: 
[05.02.2012 19:45:20] (Debug) Unhandled packet: 22|27 Opcode: 0x581B Length: 0 Data: 
[05.02.2012 19:45:22] (Debug) Unhandled packet: 22|27 Opcode: 0x581B Length: 0 Data: 
[05.02.2012 19:49:35] (Exception) Unhandled Exception : System.Reflection.TargetInvocationException: Ein Aufrufziel hat einen Ausnahmefehler verursacht. ---> System.InvalidOperationException: Die Auflistung wurde geändert. Der Enumerationsvorgang kann möglicherweise nicht ausgeführt werden.
   bei System.ThrowHelper.ThrowInvalidOperationException(ExceptionResource resource)
   bei System.Collections.Generic.List`1.Enumerator.MoveNextRare()
   bei System.Collections.Generic.List`1.Enumerator.MoveNext()
   bei Zepheus.World.Handlers.Handler14.KickPartyMember(WorldClient client, Packet packet) in C:\Users\Gothic\Desktop\rev93\branches\Zepheus.World\Handlers\Handler14.cs:Zeile 153.
   --- Ende der internen Ausnahmestapelüberwachung ---
   bei System.RuntimeMethodHandle._InvokeMethodFast(IRuntimeMethodInfo method, Object target, Object[] arguments, SignatureStruct& sig, MethodAttributes methodAttributes, RuntimeType typeOwner)
   bei System.RuntimeMethodHandle.InvokeMethodFast(IRuntimeMethodInfo method, Object target, Object[] arguments, Signature sig, MethodAttributes methodAttributes, RuntimeType typeOwner)
   bei System.Reflection.RuntimeMethodInfo.Invoke(Object obj, BindingFlags invokeAttr, Binder binder, Object[] parameters, CultureInfo culture, Boolean skipVisibilityChecks)
   bei System.Reflection.RuntimeMethodInfo.Invoke(Object obj, BindingFlags invokeAttr, Binder binder, Object[] parameters, CultureInfo culture)
   bei System.Reflection.MethodBase.Invoke(Object obj, Object[] parameters)
   bei Zepheus.World.Handlers.HandlerStore.<>c__DisplayClass1.<GetCallback>b__0() in C:\Users\Gothic\Desktop\rev93\branches\Zepheus.World\Handlers\HandlerStore.cs:Zeile 55.
   bei Zepheus.World.Worker.Work() in C:\Users\Gothic\Desktop\rev93\branches\Zepheus.World\Worker.cs:Zeile 77.
   bei System.Threading.ThreadHelper.ThreadStart_Context(Object state)
   bei System.Threading.ExecutionContext.Run(ExecutionContext executionContext, ContextCallback callback, Object state, Boolean ignoreSyncCtx)
   bei System.Threading.ExecutionContext.Run(ExecutionContext executionContext, ContextCallback callback, Object state)
   bei System.Threading.ThreadHelper.ThreadStart()
