[05.02.2012 17:55:36] (Info) 6 InterHandlers loaded.
[05.02.2012 17:55:36] (Info) 27 Handlers loaded.
[05.02.2012 17:55:36] (Info) Loaded 1182 bad names.
[05.02.2012 17:55:36] (Info) DataProvider initialized successfully!
[05.02.2012 17:55:36] (Info) Listening on port 11000 for zones.
[05.02.2012 17:55:36] (Info) Connected to server @ localhost:10000
[05.02.2012 17:55:36] (Info) ClientManager initialized.
[05.02.2012 17:55:36] (Info) WorldAcceptor ready at 9110
[05.02.2012 17:55:36] (Info) IV data received
[05.02.2012 17:55:37] (Info) <3 LoginServer.
[05.02.2012 17:55:46] (Info) Incoming connection from 85.214.55.189:50249
[05.02.2012 17:55:46] (Info) IV data received
[05.02.2012 17:55:46] (Info) Added zone 0 with 64 maps.
[05.02.2012 17:55:46] (Info) Zone 0 listens @ 85.214.55.189:9210
[05.02.2012 17:56:10] (Debug) Client connected from 188.96.168.19
[05.02.2012 17:56:10] (Debug) test authenticated.
[05.02.2012 17:56:10] (Debug) Unhandled packet: 2|13 Opcode: 0x080D Length: 0 Data: 
[05.02.2012 17:58:56] (Debug) Unhandled packet: 22|27 Opcode: 0x581B Length: 0 Data: 
[05.02.2012 18:10:12] (Debug) 188.96.168.19 Disconnected.
[05.02.2012 18:36:22] (Debug) Client connected from 188.96.168.19
[05.02.2012 18:36:22] (Debug) test authenticated.
[05.02.2012 18:36:22] (Debug) Unhandled packet: 2|13 Opcode: 0x080D Length: 0 Data: 
[05.02.2012 18:38:08] (Debug) Client connected from 88.77.39.179
[05.02.2012 18:38:08] (Debug) test99 authenticated.
[05.02.2012 18:38:08] (Debug) Unhandled packet: 2|13 Opcode: 0x080D Length: 0 Data: 
[05.02.2012 18:38:13] (Debug) Unhandled packet: 22|27 Opcode: 0x581B Length: 0 Data: 
[05.02.2012 18:39:18] (Debug) Unhandled packet: 22|27 Opcode: 0x581B Length: 0 Data: 
[05.02.2012 18:41:05] (Exception) Unhandled Exception : System.Reflection.TargetInvocationException: Ein Aufrufziel hat einen Ausnahmefehler verursacht. ---> MySql.Data.MySqlClient.MySqlException: Table 'fiesta_world.groups' doesn't exist
   bei MySql.Data.MySqlClient.MySqlStream.ReadPacket()
   bei MySql.Data.MySqlClient.NativeDriver.GetResult(Int32& affectedRow, Int32& insertedId)
   bei MySql.Data.MySqlClient.Driver.GetResult(Int32 statementId, Int32& affectedRows, Int32& insertedId)
   bei MySql.Data.MySqlClient.Driver.NextResult(Int32 statementId)
   bei MySql.Data.MySqlClient.MySqlDataReader.NextResult()
   bei MySql.Data.MySqlClient.MySqlCommand.ExecuteReader(CommandBehavior behavior)
   bei MySql.Data.MySqlClient.MySqlCommand.ExecuteDbDataReader(CommandBehavior behavior)
   bei System.Data.Common.DbCommand.System.Data.IDbCommand.ExecuteReader(CommandBehavior behavior)
   bei System.Data.Common.DbDataAdapter.FillInternal(DataSet dataset, DataTable[] datatables, Int32 startRecord, Int32 maxRecords, String srcTable, IDbCommand command, CommandBehavior behavior)
   bei System.Data.Common.DbDataAdapter.Fill(DataTable[] dataTables, Int32 startRecord, Int32 maxRecords, IDbCommand command, CommandBehavior behavior)
   bei System.Data.Common.DbDataAdapter.Fill(DataTable dataTable)
   bei Zepheus.Database.DatabaseClient.ReadDataTable(String Query) in C:\Users\Gothic\Desktop\rev93\branches\Zepheus.Database\Database.cs:Zeile 456.
   bei Zepheus.World.Handlers.Handler14.AcceptParty(WorldClient client, Packet packet) in C:\Users\Gothic\Desktop\rev93\branches\Zepheus.World\Handlers\Handler14.cs:Zeile 253.
   --- Ende der internen Ausnahmestapelüberwachung ---
   bei System.RuntimeMethodHandle._InvokeMethodFast(IRuntimeMethodInfo method, Object target, Object[] arguments, SignatureStruct& sig, MethodAttributes methodAttributes, RuntimeType typeOwner)
   bei System.RuntimeMethodHandle.InvokeMethodFast(IRuntimeMethodInfo method, Object target, Object[] arguments, Signature sig, MethodAttributes methodAttributes, RuntimeType typeOwner)
   bei System.Reflection.RuntimeMethodInfo.Invoke(Object obj, BindingFlags invokeAttr, Binder binder, Object[] parameters, CultureInfo culture, Boolean skipVisibilityChecks)
   bei System.Reflection.RuntimeMethodInfo.Invoke(Object obj, BindingFlags invokeAttr, Binder binder, Object[] parameters, CultureInfo culture)
   bei System.Reflection.MethodBase.Invoke(Object obj, Object[] parameters)
   bei Zepheus.World.Handlers.HandlerStore.<>c__DisplayClass1.<GetCallback>b__0() in C:\Users\Gothic\Desktop\rev93\branches\Zepheus.World\Handlers\HandlerStore.cs:Zeile 55.
   bei Zepheus.World.Worker.Work() in C:\Users\Gothic\Desktop\rev93\branches\Zepheus.World\Worker.cs:Zeile 77.
   bei System.Threading.ThreadHelper.ThreadStart_Context(Object state)
   bei System.Threading.ExecutionContext.Run(ExecutionContext executionContext, ContextCallback callback, Object state, Boolean ignoreSyncCtx)
   bei System.Threading.ExecutionContext.Run(ExecutionContext executionContext, ContextCallback callback, Object state)
   bei System.Threading.ThreadHelper.ThreadStart()
