[06.02.2012 19:47:33] (Info) 6 InterHandlers loaded.
[06.02.2012 19:47:33] (Info) 27 Handlers loaded.
[06.02.2012 19:47:33] (Info) Loaded 1182 bad names.
[06.02.2012 19:47:33] (Info) DataProvider initialized successfully!
[06.02.2012 19:47:33] (Info) Listening on port 11000 for zones.
[06.02.2012 19:47:33] (Info) Connected to server @ localhost:10000
[06.02.2012 19:47:33] (Info) ClientManager initialized.
[06.02.2012 19:47:33] (Info) WorldAcceptor ready at 9110
[06.02.2012 19:47:33] (Info) IV data received
[06.02.2012 19:47:33] (Info) <3 LoginServer.
[06.02.2012 19:47:43] (Info) Incoming connection from 85.214.55.189:51307
[06.02.2012 19:47:43] (Info) IV data received
[06.02.2012 19:47:43] (Info) Added zone 0 with 64 maps.
[06.02.2012 19:47:43] (Info) Zone 0 listens @ 85.214.55.189:9210
[06.02.2012 19:48:46] (Debug) Client connected from 188.96.168.19
[06.02.2012 19:48:46] (Debug) test authenticated.
[06.02.2012 19:48:46] (Debug) Unhandled packet: 2|13 Opcode: 0x080D Length: 0 Data: 
[06.02.2012 19:49:33] (Debug) Unhandled packet: 22|27 Opcode: 0x581B Length: 0 Data: 
[06.02.2012 19:51:07] (Debug) Client connected from 188.96.168.19
[06.02.2012 19:51:07] (Debug) test99 authenticated.
[06.02.2012 19:51:07] (Debug) Unhandled packet: 2|13 Opcode: 0x080D Length: 0 Data: 
[06.02.2012 19:54:52] (Debug) Unhandled packet: 22|27 Opcode: 0x581B Length: 0 Data: 
[06.02.2012 20:01:48] (Error) Disconnected from server.
[06.02.2012 20:01:48] (Info) Zone 0 disconnected.
