[06.02.2012 17:26:48] (Info) 6 InterHandlers loaded.
[06.02.2012 17:26:48] (Info) 27 Handlers loaded.
[06.02.2012 17:26:48] (Info) Loaded 1182 bad names.
[06.02.2012 17:26:48] (Info) DataProvider initialized successfully!
[06.02.2012 17:26:48] (Info) Listening on port 11000 for zones.
[06.02.2012 17:26:48] (Info) Connected to server @ localhost:10000
[06.02.2012 17:26:48] (Info) ClientManager initialized.
[06.02.2012 17:26:48] (Info) WorldAcceptor ready at 9110
[06.02.2012 17:26:48] (Info) IV data received
[06.02.2012 17:26:48] (Info) <3 LoginServer.
[06.02.2012 17:26:57] (Info) Incoming connection from 85.214.55.189:51053
[06.02.2012 17:26:57] (Info) IV data received
[06.02.2012 17:26:57] (Info) Added zone 0 with 64 maps.
[06.02.2012 17:26:57] (Info) Zone 0 listens @ 85.214.55.189:9210
[06.02.2012 17:28:07] (Debug) Client connected from 188.96.168.19
[06.02.2012 17:28:07] (Debug) test authenticated.
[06.02.2012 17:28:07] (Debug) Unhandled packet: 2|13 Opcode: 0x080D Length: 0 Data: 
[06.02.2012 17:29:25] (Debug) Unhandled packet: 22|27 Opcode: 0x581B Length: 0 Data: 
[06.02.2012 17:32:08] (Debug) Client connected from 188.96.168.19
[06.02.2012 17:32:08] (Debug) test99 authenticated.
[06.02.2012 17:32:08] (Debug) Unhandled packet: 2|13 Opcode: 0x080D Length: 0 Data: 
[06.02.2012 17:34:48] (Debug) Unhandled packet: 22|27 Opcode: 0x581B Length: 0 Data: 
[06.02.2012 17:37:36] (Exception) System.Reflection.TargetInvocationException: Ein Aufrufziel hat einen Ausnahmefehler verursacht. ---> System.InvalidOperationException: Die Auflistung wurde geändert. Der Enumerationsvorgang kann möglicherweise nicht ausgeführt werden.
   bei System.ThrowHelper.ThrowInvalidOperationException(ExceptionResource resource)
   bei System.Collections.Generic.List`1.Enumerator.MoveNextRare()
   bei System.Collections.Generic.List`1.Enumerator.MoveNext()
   bei Zepheus.World.Handlers.Handler14.KickPartyMember(WorldClient client, Packet packet) in C:\Users\Gothic\Desktop\rev93\branches\Zepheus.World\Handlers\Handler14.cs:Zeile 152.
   --- Ende der internen Ausnahmestapelüberwachung ---
   bei System.RuntimeMethodHandle._InvokeMethodFast(IRuntimeMethodInfo method, Object target, Object[] arguments, SignatureStruct& sig, MethodAttributes methodAttributes, RuntimeType typeOwner)
   bei System.RuntimeMethodHandle.InvokeMethodFast(IRuntimeMethodInfo method, Object target, Object[] arguments, Signature sig, MethodAttributes methodAttributes, RuntimeType typeOwner)
   bei System.Reflection.RuntimeMethodInfo.Invoke(Object obj, BindingFlags invokeAttr, Binder binder, Object[] parameters, CultureInfo culture, Boolean skipVisibilityChecks)
   bei System.Reflection.RuntimeMethodInfo.Invoke(Object obj, BindingFlags invokeAttr, Binder binder, Object[] parameters, CultureInfo culture)
   bei System.Reflection.MethodBase.Invoke(Object obj, Object[] parameters)
   bei Zepheus.World.Handlers.HandlerStore.<>c__DisplayClass1.<GetCallback>b__0() in C:\Users\Gothic\Desktop\rev93\branches\Zepheus.World\Handlers\HandlerStore.cs:Zeile 55.
   bei Zepheus.World.Worker.Work() in C:\Users\Gothic\Desktop\rev93\branches\Zepheus.World\Worker.cs:Zeile 79.
