[06.02.2012 20:04:21] (Info) 6 InterHandlers loaded.
[06.02.2012 20:04:21] (Info) 27 Handlers loaded.
[06.02.2012 20:04:21] (Info) Loaded 1182 bad names.
[06.02.2012 20:04:21] (Info) DataProvider initialized successfully!
[06.02.2012 20:04:21] (Info) Listening on port 11000 for zones.
[06.02.2012 20:04:21] (Info) Connected to server @ localhost:10000
[06.02.2012 20:04:21] (Info) ClientManager initialized.
[06.02.2012 20:04:21] (Info) IV data received
[06.02.2012 20:04:21] (Info) WorldAcceptor ready at 9110
[06.02.2012 20:04:21] (Info) <3 LoginServer.
[06.02.2012 20:04:30] (Info) Incoming connection from 85.214.55.189:51350
[06.02.2012 20:04:30] (Info) IV data received
[06.02.2012 20:04:30] (Info) Added zone 0 with 64 maps.
[06.02.2012 20:04:30] (Info) Zone 0 listens @ 85.214.55.189:9210
[06.02.2012 20:07:39] (Debug) Client connected from 188.96.168.19
[06.02.2012 20:07:39] (Debug) test authenticated.
[06.02.2012 20:07:40] (Debug) Unhandled packet: 2|13 Opcode: 0x080D Length: 0 Data: 
[06.02.2012 20:08:06] (Debug) Client connected from 188.96.168.19
[06.02.2012 20:08:06] (Debug) test99 authenticated.
[06.02.2012 20:08:06] (Debug) Unhandled packet: 2|13 Opcode: 0x080D Length: 0 Data: 
[06.02.2012 20:09:22] (Debug) Unhandled packet: 22|27 Opcode: 0x581B Length: 0 Data: 
[06.02.2012 20:14:35] (Debug) Unhandled packet: 22|27 Opcode: 0x581B Length: 0 Data: 
[06.02.2012 20:38:40] (Error) Disconnected from server.
[06.02.2012 20:38:40] (Info) Zone 0 disconnected.
