[07.02.2012 15:22:53] (Info) 6 InterHandlers loaded.
[07.02.2012 15:22:53] (Info) 27 Handlers loaded.
[07.02.2012 15:22:53] (Info) Loaded 1182 bad names.
[07.02.2012 15:22:53] (Info) DataProvider initialized successfully!
[07.02.2012 15:22:53] (Info) Listening on port 11000 for zones.
[07.02.2012 15:22:53] (Info) Connected to server @ localhost:10000
[07.02.2012 15:22:53] (Info) ClientManager initialized.
[07.02.2012 15:22:53] (Info) WorldAcceptor ready at 9110
[07.02.2012 15:22:53] (Info) IV data received
[07.02.2012 15:22:53] (Info) <3 LoginServer.
[07.02.2012 15:23:03] (Info) Incoming connection from 85.214.55.189:51428
[07.02.2012 15:23:03] (Info) IV data received
[07.02.2012 15:23:03] (Info) Added zone 0 with 64 maps.
[07.02.2012 15:23:03] (Info) Zone 0 listens @ 85.214.55.189:9210
[07.02.2012 15:24:46] (Debug) Client connected from 188.96.168.19
[07.02.2012 15:24:46] (Debug) test authenticated.
[07.02.2012 15:24:46] (Debug) Unhandled packet: 2|13 Opcode: 0x080D Length: 0 Data: 
[07.02.2012 15:25:17] (Debug) Client connected from 188.96.168.19
[07.02.2012 15:25:17] (Debug) test authenticated.
[07.02.2012 15:25:17] (Debug) Unhandled packet: 2|13 Opcode: 0x080D Length: 0 Data: 
[07.02.2012 15:26:56] (Debug) Unhandled packet: 22|27 Opcode: 0x581B Length: 0 Data: 
[07.02.2012 15:33:00] (Debug) Unhandled packet: 22|27 Opcode: 0x581B Length: 0 Data: 
