[08.02.2012 16:47:16] (Info) 6 InterHandlers loaded.
[08.02.2012 16:47:17] (Info) 27 Handlers loaded.
[08.02.2012 16:47:17] (Info) Loaded 1182 bad names.
[08.02.2012 16:47:17] (Info) DataProvider initialized successfully!
[08.02.2012 16:47:17] (Info) Listening on port 11000 for zones.
[08.02.2012 16:47:17] (Info) Connected to server @ localhost:10000
[08.02.2012 16:47:17] (Info) IV data received
[08.02.2012 16:47:17] (Info) ClientManager initialized.
[08.02.2012 16:47:17] (Info) WorldAcceptor ready at 9110
[08.02.2012 16:47:17] (Info) <3 LoginServer.
[08.02.2012 16:47:26] (Info) Incoming connection from 85.214.55.189:52000
[08.02.2012 16:47:26] (Info) IV data received
[08.02.2012 16:47:26] (Info) Added zone 0 with 64 maps.
[08.02.2012 16:47:26] (Info) Zone 0 listens @ 85.214.55.189:9210
[08.02.2012 19:21:43] (Debug) Client connected from 188.96.168.19
[08.02.2012 19:21:43] (Debug) test authenticated.
[08.02.2012 19:21:43] (Debug) Unhandled packet: 2|13 Opcode: 0x080D Length: 0 Data: 
[08.02.2012 19:22:21] (Debug) Unhandled packet: 22|27 Opcode: 0x581B Length: 0 Data: 
[08.02.2012 19:22:50] (Debug) Client connected from 188.96.168.19
[08.02.2012 19:22:50] (Debug) test7 authenticated.
[08.02.2012 19:22:50] (Debug) Unhandled packet: 2|13 Opcode: 0x080D Length: 0 Data: 
[08.02.2012 19:23:14] (Debug) Client connected from 188.96.168.19
[08.02.2012 19:23:14] (Debug) test99 authenticated.
[08.02.2012 19:23:14] (Debug) Unhandled packet: 2|13 Opcode: 0x080D Length: 0 Data: 
[08.02.2012 19:23:14] (Debug) Unhandled packet: 22|27 Opcode: 0x581B Length: 0 Data: 
[08.02.2012 19:24:05] (Exception) System.Reflection.TargetInvocationException: Ein Aufrufziel hat einen Ausnahmefehler verursacht. ---> System.ArgumentNullException: Der Wert darf nicht NULL sein.
Parametername: source
   bei System.Linq.Enumerable.First[TSource](IEnumerable`1 source, Func`2 predicate)
   bei Zepheus.World.Data.WorldGuild.GetGuild(Int32 ID) in C:\Users\Gothic\Desktop\rev93\branches\Zepheus.World\Data\WorldGuild.cs:Zeile 26.
   bei Zepheus.World.Handlers.Handler29.GuildNameRequest(WorldClient client, Packet packet) in C:\Users\Gothic\Desktop\rev93\branches\Zepheus.World\Handlers\Handler29.cs:Zeile 20.
   --- Ende der internen Ausnahmestapel端berwachung ---
   bei System.RuntimeMethodHandle._InvokeMethodFast(IRuntimeMethodInfo method, Object target, Object[] arguments, SignatureStruct& sig, MethodAttributes methodAttributes, RuntimeType typeOwner)
   bei System.RuntimeMethodHandle.InvokeMethodFast(IRuntimeMethodInfo method, Object target, Object[] arguments, Signature sig, MethodAttributes methodAttributes, RuntimeType typeOwner)
   bei System.Reflection.RuntimeMethodInfo.Invoke(Object obj, BindingFlags invokeAttr, Binder binder, Object[] parameters, CultureInfo culture, Boolean skipVisibilityChecks)
   bei System.Reflection.RuntimeMethodInfo.Invoke(Object obj, BindingFlags invokeAttr, Binder binder, Object[] parameters, CultureInfo culture)
   bei System.Reflection.MethodBase.Invoke(Object obj, Object[] parameters)
   bei Zepheus.World.Handlers.HandlerStore.<>c__DisplayClass1.<GetCallback>b__0() in C:\Users\Gothic\Desktop\rev93\branches\Zepheus.World\Handlers\HandlerStore.cs:Zeile 55.
   bei Zepheus.World.Worker.Work() in C:\Users\Gothic\Desktop\rev93\branches\Zepheus.World\Worker.cs:Zeile 79.
[08.02.2012 19:24:09] (Exception) System.Reflection.TargetInvocationException: Ein Aufrufziel hat einen Ausnahmefehler verursacht. ---> System.ArgumentNullException: Der Wert darf nicht NULL sein.
Parametername: source
   bei System.Linq.Enumerable.First[TSource](IEnumerable`1 source, Func`2 predicate)
   bei Zepheus.World.Data.WorldGuild.GetGuild(Int32 ID) in C:\Users\Gothic\Desktop\rev93\branches\Zepheus.World\Data\WorldGuild.cs:Zeile 26.
   bei Zepheus.World.Handlers.Handler29.GuildNameRequest(WorldClient client, Packet packet) in C:\Users\Gothic\Desktop\rev93\branches\Zepheus.World\Handlers\Handler29.cs:Zeile 20.
   --- Ende der internen Ausnahmestapel端berwachung ---
   bei System.RuntimeMethodHandle._InvokeMethodFast(IRuntimeMethodInfo method, Object target, Object[] arguments, SignatureStruct& sig, MethodAttributes methodAttributes, RuntimeType typeOwner)
   bei System.RuntimeMethodHandle.InvokeMethodFast(IRuntimeMethodInfo method, Object target, Object[] arguments, Signature sig, MethodAttributes methodAttributes, RuntimeType typeOwner)
   bei System.Reflection.RuntimeMethodInfo.Invoke(Object obj, BindingFlags invokeAttr, Binder binder, Object[] parameters, CultureInfo culture, Boolean skipVisibilityChecks)
   bei System.Reflection.RuntimeMethodInfo.Invoke(Object obj, BindingFlags invokeAttr, Binder binder, Object[] parameters, CultureInfo culture)
   bei System.Reflection.MethodBase.Invoke(Object obj, Object[] parameters)
   bei Zepheus.World.Handlers.HandlerStore.<>c__DisplayClass1.<GetCallback>b__0() in C:\Users\Gothic\Desktop\rev93\branches\Zepheus.World\Handlers\HandlerStore.cs:Zeile 55.
   bei Zepheus.World.Worker.Work() in C:\Users\Gothic\Desktop\rev93\branches\Zepheus.World\Worker.cs:Zeile 79.
[08.02.2012 19:24:57] (Debug) Unhandled packet: 22|27 Opcode: 0x581B Length: 0 Data: 
[08.02.2012 19:25:05] (Exception) System.Reflection.TargetInvocationException: Ein Aufrufziel hat einen Ausnahmefehler verursacht. ---> System.ArgumentNullException: Der Wert darf nicht NULL sein.
Parametername: source
   bei System.Linq.Enumerable.First[TSource](IEnumerable`1 source, Func`2 predicate)
   bei Zepheus.World.Data.WorldGuild.GetGuild(Int32 ID) in C:\Users\Gothic\Desktop\rev93\branches\Zepheus.World\Data\WorldGuild.cs:Zeile 26.
   bei Zepheus.World.Handlers.Handler29.GuildNameRequest(WorldClient client, Packet packet) in C:\Users\Gothic\Desktop\rev93\branches\Zepheus.World\Handlers\Handler29.cs:Zeile 20.
   --- Ende der internen Ausnahmestapel端berwachung ---
   bei System.RuntimeMethodHandle._InvokeMethodFast(IRuntimeMethodInfo method, Object target, Object[] arguments, SignatureStruct& sig, MethodAttributes methodAttributes, RuntimeType typeOwner)
   bei System.RuntimeMethodHandle.InvokeMethodFast(IRuntimeMethodInfo method, Object target, Object[] arguments, Signature sig, MethodAttributes methodAttributes, RuntimeType typeOwner)
   bei System.Reflection.RuntimeMethodInfo.Invoke(Object obj, BindingFlags invokeAttr, Binder binder, Object[] parameters, CultureInfo culture, Boolean skipVisibilityChecks)
   bei System.Reflection.RuntimeMethodInfo.Invoke(Object obj, BindingFlags invokeAttr, Binder binder, Object[] parameters, CultureInfo culture)
   bei System.Reflection.MethodBase.Invoke(Object obj, Object[] parameters)
   bei Zepheus.World.Handlers.HandlerStore.<>c__DisplayClass1.<GetCallback>b__0() in C:\Users\Gothic\Desktop\rev93\branches\Zepheus.World\Handlers\HandlerStore.cs:Zeile 55.
   bei Zepheus.World.Worker.Work() in C:\Users\Gothic\Desktop\rev93\branches\Zepheus.World\Worker.cs:Zeile 79.
[08.02.2012 19:27:13] (Debug) Client connected from 188.96.168.19
[08.02.2012 19:27:13] (Debug) test authenticated.
[08.02.2012 19:27:13] (Debug) Unhandled packet: 2|13 Opcode: 0x080D Length: 0 Data: 
[08.02.2012 19:30:36] (Debug) Unhandled packet: 22|27 Opcode: 0x581B Length: 0 Data: 
[08.02.2012 19:33:20] (Exception) System.Reflection.TargetInvocationException: Ein Aufrufziel hat einen Ausnahmefehler verursacht. ---> System.ArgumentNullException: Der Wert darf nicht NULL sein.
Parametername: source
   bei System.Linq.Enumerable.First[TSource](IEnumerable`1 source, Func`2 predicate)
   bei Zepheus.World.Data.WorldGuild.GetGuild(Int32 ID) in C:\Users\Gothic\Desktop\rev93\branches\Zepheus.World\Data\WorldGuild.cs:Zeile 26.
   bei Zepheus.World.Handlers.Handler29.GuildNameRequest(WorldClient client, Packet packet) in C:\Users\Gothic\Desktop\rev93\branches\Zepheus.World\Handlers\Handler29.cs:Zeile 20.
   --- Ende der internen Ausnahmestapel端berwachung ---
   bei System.RuntimeMethodHandle._InvokeMethodFast(IRuntimeMethodInfo method, Object target, Object[] arguments, SignatureStruct& sig, MethodAttributes methodAttributes, RuntimeType typeOwner)
   bei System.RuntimeMethodHandle.InvokeMethodFast(IRuntimeMethodInfo method, Object target, Object[] arguments, Signature sig, MethodAttributes methodAttributes, RuntimeType typeOwner)
   bei System.Reflection.RuntimeMethodInfo.Invoke(Object obj, BindingFlags invokeAttr, Binder binder, Object[] parameters, CultureInfo culture, Boolean skipVisibilityChecks)
   bei System.Reflection.RuntimeMethodInfo.Invoke(Object obj, BindingFlags invokeAttr, Binder binder, Object[] parameters, CultureInfo culture)
   bei System.Reflection.MethodBase.Invoke(Object obj, Object[] parameters)
   bei Zepheus.World.Handlers.HandlerStore.<>c__DisplayClass1.<GetCallback>b__0() in C:\Users\Gothic\Desktop\rev93\branches\Zepheus.World\Handlers\HandlerStore.cs:Zeile 55.
   bei Zepheus.World.Worker.Work() in C:\Users\Gothic\Desktop\rev93\branches\Zepheus.World\Worker.cs:Zeile 79.
