[09.02.2012 18:22:41] (Info) 7 InterHandlers loaded.
[09.02.2012 18:22:41] (Info) 27 Handlers loaded.
[09.02.2012 18:22:42] (Info) Loaded 1182 bad names.
[09.02.2012 18:22:42] (Info) DataProvider initialized successfully!
[09.02.2012 18:22:42] (Info) Listening on port 11000 for zones.
[09.02.2012 18:22:42] (Info) Connected to server @ localhost:10000
[09.02.2012 18:22:42] (Info) IV data received
[09.02.2012 18:22:42] (Info) ClientManager initialized.
[09.02.2012 18:22:42] (Info) WorldAcceptor ready at 9110
[09.02.2012 18:22:42] (Info) <3 LoginServer.
[09.02.2012 18:22:50] (Info) Incoming connection from 85.214.55.189:53269
[09.02.2012 18:22:50] (Info) IV data received
[09.02.2012 18:22:50] (Info) Added zone 0 with 64 maps.
[09.02.2012 18:22:50] (Info) Zone 0 listens @ 85.214.55.189:9210
[09.02.2012 18:25:39] (Debug) Client connected from 188.96.168.19
[09.02.2012 18:25:39] (Debug) test authenticated.
[09.02.2012 18:25:39] (Debug) Unhandled packet: 2|13 Opcode: 0x080D Length: 0 Data: 
[09.02.2012 18:25:55] (Debug) Client connected from 188.96.168.19
[09.02.2012 18:25:55] (Debug) test authenticated.
[09.02.2012 18:25:55] (Debug) Unhandled packet: 2|13 Opcode: 0x080D Length: 0 Data: 
[09.02.2012 18:27:58] (Debug) Unhandled packet: 22|27 Opcode: 0x581B Length: 0 Data: 
[09.02.2012 18:29:39] (Debug) Unhandled packet: 22|27 Opcode: 0x581B Length: 0 Data: 
[09.02.2012 18:30:45] (Debug) Unhandled packet: 2|13 Opcode: 0x080D Length: 0 Data: 
[09.02.2012 18:31:00] (Debug) Unhandled packet: 22|27 Opcode: 0x581B Length: 0 Data: 
[09.02.2012 18:35:05] (Debug) Unhandled packet: 2|13 Opcode: 0x080D Length: 0 Data: 
[09.02.2012 18:35:06] (Debug) Unhandled packet: 22|27 Opcode: 0x581B Length: 0 Data: 
