[09.02.2012 20:12:28] (Info) 6 InterHandlers loaded.
[09.02.2012 20:12:29] (Info) 27 Handlers loaded.
[09.02.2012 20:12:29] (Info) Loaded 1182 bad names.
[09.02.2012 20:12:29] (Info) DataProvider initialized successfully!
[09.02.2012 20:12:29] (Info) Listening on port 11000 for zones.
[09.02.2012 20:12:29] (Info) IV data received
[09.02.2012 20:12:29] (Info) Connected to server @ localhost:10000
[09.02.2012 20:12:29] (Info) ClientManager initialized.
[09.02.2012 20:12:29] (Info) WorldAcceptor ready at 9110
[09.02.2012 20:12:29] (Info) <3 LoginServer.
[09.02.2012 20:12:38] (Info) Incoming connection from 85.214.55.189:53526
[09.02.2012 20:12:38] (Info) IV data received
[09.02.2012 20:12:38] (Info) Added zone 0 with 64 maps.
[09.02.2012 20:12:38] (Info) Zone 0 listens @ 85.214.55.189:9210
[09.02.2012 20:12:54] (Debug) Client connected from 188.96.168.19
[09.02.2012 20:12:54] (Debug) test authenticated.
[09.02.2012 20:12:54] (Debug) Unhandled packet: 2|13 Opcode: 0x080D Length: 0 Data: 
[09.02.2012 20:13:37] (Debug) Unhandled packet: 22|27 Opcode: 0x581B Length: 0 Data: 
[09.02.2012 20:13:46] (Debug) Client connected from 188.96.168.19
[09.02.2012 20:13:46] (Debug) test99 authenticated.
[09.02.2012 20:13:46] (Debug) Unhandled packet: 2|13 Opcode: 0x080D Length: 0 Data: 
[09.02.2012 20:14:09] (Debug) Unhandled packet: 22|27 Opcode: 0x581B Length: 0 Data: 
[09.02.2012 20:14:21] (Debug) Client connected from 188.96.168.19
[09.02.2012 20:14:22] (Debug) test7 authenticated.
[09.02.2012 20:14:22] (Debug) Unhandled packet: 2|13 Opcode: 0x080D Length: 0 Data: 
[09.02.2012 20:16:07] (Debug) Unhandled packet: 22|27 Opcode: 0x581B Length: 0 Data: 
[09.02.2012 20:16:33] (Debug) Unhandled packet: 2|13 Opcode: 0x080D Length: 0 Data: 
[09.02.2012 20:16:34] (Debug) Unhandled packet: 22|27 Opcode: 0x581B Length: 0 Data: 
[09.02.2012 20:17:43] (Debug) Unhandled packet: 2|13 Opcode: 0x080D Length: 0 Data: 
[09.02.2012 20:17:44] (Debug) Unhandled packet: 22|27 Opcode: 0x581B Length: 0 Data: 
[09.02.2012 20:18:21] (Debug) Unhandled packet: 2|13 Opcode: 0x080D Length: 0 Data: 
[09.02.2012 20:18:22] (Debug) Unhandled packet: 22|27 Opcode: 0x581B Length: 0 Data: 
[09.02.2012 20:22:52] (Debug) Unhandled packet: 2|13 Opcode: 0x080D Length: 0 Data: 
[09.02.2012 20:22:52] (Debug) Unhandled packet: 22|27 Opcode: 0x581B Length: 0 Data: 
[09.02.2012 20:31:03] (Debug) Unhandled packet: 2|13 Opcode: 0x080D Length: 0 Data: 
[09.02.2012 20:31:03] (Debug) Unhandled packet: 22|27 Opcode: 0x581B Length: 0 Data: 
[09.02.2012 20:32:39] (Debug) Unhandled packet: 2|13 Opcode: 0x080D Length: 0 Data: 
[09.02.2012 20:32:39] (Debug) Unhandled packet: 22|27 Opcode: 0x581B Length: 0 Data: 
