[09.02.2012 09:36:32] (Info) 6 InterHandlers loaded.
[09.02.2012 09:36:33] (Info) 27 Handlers loaded.
[09.02.2012 09:36:33] (Info) Loaded 1182 bad names.
[09.02.2012 09:36:33] (Info) DataProvider initialized successfully!
[09.02.2012 09:36:33] (Info) Listening on port 11000 for zones.
[09.02.2012 09:36:33] (Info) Connected to server @ localhost:10000
[09.02.2012 09:36:33] (Info) ClientManager initialized.
[09.02.2012 09:36:33] (Info) WorldAcceptor ready at 9110
[09.02.2012 09:36:33] (Info) IV data received
[09.02.2012 09:36:33] (Info) <3 LoginServer.
[09.02.2012 09:36:42] (Info) Incoming connection from 85.214.55.189:52315
[09.02.2012 09:36:42] (Info) IV data received
[09.02.2012 09:36:42] (Info) Added zone 0 with 64 maps.
[09.02.2012 09:36:42] (Info) Zone 0 listens @ 85.214.55.189:9210
[09.02.2012 09:38:57] (Debug) Client connected from 188.96.168.19
[09.02.2012 09:38:57] (Debug) test authenticated.
[09.02.2012 09:38:57] (Debug) Unhandled packet: 2|13 Opcode: 0x080D Length: 0 Data: 
[09.02.2012 09:39:47] (Debug) Unhandled packet: 22|27 Opcode: 0x581B Length: 0 Data: 
[09.02.2012 09:39:53] (Debug) Client connected from 188.96.168.19
[09.02.2012 09:39:53] (Debug) test authenticated.
[09.02.2012 09:39:53] (Debug) Unhandled packet: 2|13 Opcode: 0x080D Length: 0 Data: 
[09.02.2012 09:40:48] (Debug) Unhandled packet: 22|27 Opcode: 0x581B Length: 0 Data: 
