[09.02.2012 08:45:18] (Info) 6 InterHandlers loaded.
[09.02.2012 08:45:18] (Info) 27 Handlers loaded.
[09.02.2012 08:45:18] (Info) Loaded 1182 bad names.
[09.02.2012 08:45:18] (Info) DataProvider initialized successfully!
[09.02.2012 08:45:18] (Info) Listening on port 11000 for zones.
[09.02.2012 08:45:18] (Info) Connected to server @ localhost:10000
[09.02.2012 08:45:18] (Info) ClientManager initialized.
[09.02.2012 08:45:18] (Info) WorldAcceptor ready at 9110
[09.02.2012 08:45:18] (Info) IV data received
[09.02.2012 08:45:18] (Info) <3 LoginServer.
[09.02.2012 08:45:27] (Info) Incoming connection from 85.214.55.189:52268
[09.02.2012 08:45:27] (Info) IV data received
[09.02.2012 08:45:27] (Info) Added zone 0 with 64 maps.
[09.02.2012 08:45:27] (Info) Zone 0 listens @ 85.214.55.189:9210
[09.02.2012 08:46:08] (Debug) Client connected from 188.96.168.19
[09.02.2012 08:46:08] (Debug) test authenticated.
[09.02.2012 08:46:08] (Debug) Unhandled packet: 2|13 Opcode: 0x080D Length: 0 Data: 
[09.02.2012 08:47:56] (Debug) Unhandled packet: 22|27 Opcode: 0x581B Length: 0 Data: 
[09.02.2012 08:51:51] (Debug) Client connected from 188.96.168.19
[09.02.2012 08:51:51] (Debug) test99 authenticated.
[09.02.2012 08:51:51] (Debug) Unhandled packet: 2|13 Opcode: 0x080D Length: 0 Data: 
[09.02.2012 08:57:11] (Debug) Unhandled packet: 22|27 Opcode: 0x581B Length: 0 Data: 
[09.02.2012 08:57:59] (Exception) System.Reflection.TargetInvocationException: Ein Aufrufziel hat einen Ausnahmefehler verursacht. ---> System.ArgumentNullException: Der Wert darf nicht NULL sein.
Parametername: source
   bei System.Linq.Enumerable.First[TSource](IEnumerable`1 source, Func`2 predicate)
   bei Zepheus.World.Data.WorldGuild.GetGuild(Int32 ID) in C:\Users\Gothic\Desktop\rev93\branches\Zepheus.World\Data\WorldGuild.cs:Zeile 26.
   bei Zepheus.World.Handlers.Handler29.GuildNameRequest(WorldClient client, Packet packet) in C:\Users\Gothic\Desktop\rev93\branches\Zepheus.World\Handlers\Handler29.cs:Zeile 20.
   --- Ende der internen Ausnahmestapelüberwachung ---
   bei System.RuntimeMethodHandle._InvokeMethodFast(IRuntimeMethodInfo method, Object target, Object[] arguments, SignatureStruct& sig, MethodAttributes methodAttributes, RuntimeType typeOwner)
   bei System.RuntimeMethodHandle.InvokeMethodFast(IRuntimeMethodInfo method, Object target, Object[] arguments, Signature sig, MethodAttributes methodAttributes, RuntimeType typeOwner)
   bei System.Reflection.RuntimeMethodInfo.Invoke(Object obj, BindingFlags invokeAttr, Binder binder, Object[] parameters, CultureInfo culture, Boolean skipVisibilityChecks)
   bei System.Reflection.RuntimeMethodInfo.Invoke(Object obj, BindingFlags invokeAttr, Binder binder, Object[] parameters, CultureInfo culture)
   bei System.Reflection.MethodBase.Invoke(Object obj, Object[] parameters)
   bei Zepheus.World.Handlers.HandlerStore.<>c__DisplayClass1.<GetCallback>b__0() in C:\Users\Gothic\Desktop\rev93\branches\Zepheus.World\Handlers\HandlerStore.cs:Zeile 55.
   bei Zepheus.World.Worker.Work() in C:\Users\Gothic\Desktop\rev93\branches\Zepheus.World\Worker.cs:Zeile 79.
[09.02.2012 08:58:01] (Exception) System.Reflection.TargetInvocationException: Ein Aufrufziel hat einen Ausnahmefehler verursacht. ---> System.ArgumentNullException: Der Wert darf nicht NULL sein.
Parametername: source
   bei System.Linq.Enumerable.First[TSource](IEnumerable`1 source, Func`2 predicate)
   bei Zepheus.World.Data.WorldGuild.GetGuild(Int32 ID) in C:\Users\Gothic\Desktop\rev93\branches\Zepheus.World\Data\WorldGuild.cs:Zeile 26.
   bei Zepheus.World.Handlers.Handler29.GuildNameRequest(WorldClient client, Packet packet) in C:\Users\Gothic\Desktop\rev93\branches\Zepheus.World\Handlers\Handler29.cs:Zeile 20.
   --- Ende der internen Ausnahmestapelüberwachung ---
   bei System.RuntimeMethodHandle._InvokeMethodFast(IRuntimeMethodInfo method, Object target, Object[] arguments, SignatureStruct& sig, MethodAttributes methodAttributes, RuntimeType typeOwner)
   bei System.RuntimeMethodHandle.InvokeMethodFast(IRuntimeMethodInfo method, Object target, Object[] arguments, Signature sig, MethodAttributes methodAttributes, RuntimeType typeOwner)
   bei System.Reflection.RuntimeMethodInfo.Invoke(Object obj, BindingFlags invokeAttr, Binder binder, Object[] parameters, CultureInfo culture, Boolean skipVisibilityChecks)
   bei System.Reflection.RuntimeMethodInfo.Invoke(Object obj, BindingFlags invokeAttr, Binder binder, Object[] parameters, CultureInfo culture)
   bei System.Reflection.MethodBase.Invoke(Object obj, Object[] parameters)
   bei Zepheus.World.Handlers.HandlerStore.<>c__DisplayClass1.<GetCallback>b__0() in C:\Users\Gothic\Desktop\rev93\branches\Zepheus.World\Handlers\HandlerStore.cs:Zeile 55.
   bei Zepheus.World.Worker.Work() in C:\Users\Gothic\Desktop\rev93\branches\Zepheus.World\Worker.cs:Zeile 79.
[09.02.2012 08:58:18] (Debug) Unhandled interpacket: Opcode: 0x0098 Length: 16 Data: 53 74 61 6E 00 00 00 00 00 00 00 00 00 00 00 00 
[09.02.2012 08:58:20] (Debug) Unhandled interpacket: Opcode: 0x0098 Length: 16 Data: 74 65 73 74 6D 61 67 65 00 00 00 00 00 00 00 00 
[09.02.2012 08:58:21] (Debug) Unhandled interpacket: Opcode: 0x0098 Length: 16 Data: 53 74 61 6E 00 00 00 00 00 00 00 00 00 00 00 00 
[09.02.2012 08:58:23] (Debug) Unhandled interpacket: Opcode: 0x0098 Length: 16 Data: 74 65 73 74 6D 61 67 65 00 00 00 00 00 00 00 00 
[09.02.2012 08:58:24] (Debug) Unhandled interpacket: Opcode: 0x0098 Length: 16 Data: 53 74 61 6E 00 00 00 00 00 00 00 00 00 00 00 00 
[09.02.2012 08:58:26] (Debug) Unhandled interpacket: Opcode: 0x0098 Length: 16 Data: 74 65 73 74 6D 61 67 65 00 00 00 00 00 00 00 00 
[09.02.2012 08:58:27] (Debug) Unhandled interpacket: Opcode: 0x0098 Length: 16 Data: 53 74 61 6E 00 00 00 00 00 00 00 00 00 00 00 00 
[09.02.2012 08:58:29] (Debug) Unhandled interpacket: Opcode: 0x0098 Length: 16 Data: 74 65 73 74 6D 61 67 65 00 00 00 00 00 00 00 00 
[09.02.2012 08:58:30] (Debug) Unhandled interpacket: Opcode: 0x0098 Length: 16 Data: 53 74 61 6E 00 00 00 00 00 00 00 00 00 00 00 00 
[09.02.2012 08:58:32] (Debug) Unhandled interpacket: Opcode: 0x0098 Length: 16 Data: 74 65 73 74 6D 61 67 65 00 00 00 00 00 00 00 00 
[09.02.2012 08:58:33] (Debug) Unhandled interpacket: Opcode: 0x0098 Length: 16 Data: 53 74 61 6E 00 00 00 00 00 00 00 00 00 00 00 00 
[09.02.2012 08:58:35] (Debug) Unhandled interpacket: Opcode: 0x0098 Length: 16 Data: 74 65 73 74 6D 61 67 65 00 00 00 00 00 00 00 00 
[09.02.2012 08:58:36] (Debug) Unhandled interpacket: Opcode: 0x0098 Length: 16 Data: 53 74 61 6E 00 00 00 00 00 00 00 00 00 00 00 00 
[09.02.2012 08:58:38] (Debug) Unhandled interpacket: Opcode: 0x0098 Length: 16 Data: 74 65 73 74 6D 61 67 65 00 00 00 00 00 00 00 00 
[09.02.2012 08:58:39] (Debug) Unhandled interpacket: Opcode: 0x0098 Length: 16 Data: 53 74 61 6E 00 00 00 00 00 00 00 00 00 00 00 00 
[09.02.2012 08:58:41] (Debug) Unhandled interpacket: Opcode: 0x0098 Length: 16 Data: 74 65 73 74 6D 61 67 65 00 00 00 00 00 00 00 00 
[09.02.2012 08:58:42] (Debug) Unhandled interpacket: Opcode: 0x0098 Length: 16 Data: 53 74 61 6E 00 00 00 00 00 00 00 00 00 00 00 00 
[09.02.2012 08:58:44] (Debug) Unhandled interpacket: Opcode: 0x0098 Length: 16 Data: 74 65 73 74 6D 61 67 65 00 00 00 00 00 00 00 00 
[09.02.2012 08:58:45] (Debug) Unhandled interpacket: Opcode: 0x0098 Length: 16 Data: 53 74 61 6E 00 00 00 00 00 00 00 00 00 00 00 00 
[09.02.2012 08:58:47] (Debug) Unhandled interpacket: Opcode: 0x0098 Length: 16 Data: 74 65 73 74 6D 61 67 65 00 00 00 00 00 00 00 00 
[09.02.2012 08:58:48] (Debug) Unhandled interpacket: Opcode: 0x0098 Length: 16 Data: 53 74 61 6E 00 00 00 00 00 00 00 00 00 00 00 00 
[09.02.2012 08:58:50] (Debug) Unhandled interpacket: Opcode: 0x0098 Length: 16 Data: 74 65 73 74 6D 61 67 65 00 00 00 00 00 00 00 00 
[09.02.2012 08:58:51] (Debug) Unhandled interpacket: Opcode: 0x0098 Length: 16 Data: 53 74 61 6E 00 00 00 00 00 00 00 00 00 00 00 00 
[09.02.2012 08:58:53] (Debug) Unhandled interpacket: Opcode: 0x0098 Length: 16 Data: 74 65 73 74 6D 61 67 65 00 00 00 00 00 00 00 00 
[09.02.2012 08:58:54] (Debug) Unhandled interpacket: Opcode: 0x0098 Length: 16 Data: 53 74 61 6E 00 00 00 00 00 00 00 00 00 00 00 00 
[09.02.2012 08:58:56] (Debug) Unhandled interpacket: Opcode: 0x0098 Length: 16 Data: 74 65 73 74 6D 61 67 65 00 00 00 00 00 00 00 00 
[09.02.2012 08:58:57] (Debug) Unhandled interpacket: Opcode: 0x0098 Length: 16 Data: 53 74 61 6E 00 00 00 00 00 00 00 00 00 00 00 00 
[09.02.2012 08:58:59] (Debug) Unhandled interpacket: Opcode: 0x0098 Length: 16 Data: 74 65 73 74 6D 61 67 65 00 00 00 00 00 00 00 00 
[09.02.2012 08:59:00] (Debug) Unhandled interpacket: Opcode: 0x0098 Length: 16 Data: 53 74 61 6E 00 00 00 00 00 00 00 00 00 00 00 00 
[09.02.2012 08:59:02] (Debug) Unhandled interpacket: Opcode: 0x0098 Length: 16 Data: 74 65 73 74 6D 61 67 65 00 00 00 00 00 00 00 00 
[09.02.2012 08:59:03] (Debug) Unhandled interpacket: Opcode: 0x0098 Length: 16 Data: 53 74 61 6E 00 00 00 00 00 00 00 00 00 00 00 00 
[09.02.2012 08:59:05] (Debug) Unhandled interpacket: Opcode: 0x0098 Length: 16 Data: 74 65 73 74 6D 61 67 65 00 00 00 00 00 00 00 00 
[09.02.2012 08:59:06] (Debug) Unhandled interpacket: Opcode: 0x0098 Length: 16 Data: 53 74 61 6E 00 00 00 00 00 00 00 00 00 00 00 00 
[09.02.2012 08:59:08] (Debug) Unhandled interpacket: Opcode: 0x0098 Length: 16 Data: 74 65 73 74 6D 61 67 65 00 00 00 00 00 00 00 00 
[09.02.2012 08:59:09] (Debug) Unhandled interpacket: Opcode: 0x0098 Length: 16 Data: 53 74 61 6E 00 00 00 00 00 00 00 00 00 00 00 00 
[09.02.2012 08:59:11] (Debug) Unhandled interpacket: Opcode: 0x0098 Length: 16 Data: 74 65 73 74 6D 61 67 65 00 00 00 00 00 00 00 00 
[09.02.2012 08:59:12] (Debug) Unhandled interpacket: Opcode: 0x0098 Length: 16 Data: 53 74 61 6E 00 00 00 00 00 00 00 00 00 00 00 00 
[09.02.2012 08:59:14] (Debug) Unhandled interpacket: Opcode: 0x0098 Length: 16 Data: 74 65 73 74 6D 61 67 65 00 00 00 00 00 00 00 00 
[09.02.2012 08:59:15] (Debug) Unhandled interpacket: Opcode: 0x0098 Length: 16 Data: 53 74 61 6E 00 00 00 00 00 00 00 00 00 00 00 00 
[09.02.2012 08:59:17] (Debug) Unhandled interpacket: Opcode: 0x0098 Length: 16 Data: 74 65 73 74 6D 61 67 65 00 00 00 00 00 00 00 00 
[09.02.2012 08:59:18] (Debug) Unhandled interpacket: Opcode: 0x0098 Length: 16 Data: 53 74 61 6E 00 00 00 00 00 00 00 00 00 00 00 00 
[09.02.2012 08:59:20] (Debug) Unhandled interpacket: Opcode: 0x0098 Length: 16 Data: 74 65 73 74 6D 61 67 65 00 00 00 00 00 00 00 00 
[09.02.2012 08:59:21] (Debug) Unhandled interpacket: Opcode: 0x0098 Length: 16 Data: 53 74 61 6E 00 00 00 00 00 00 00 00 00 00 00 00 
[09.02.2012 08:59:23] (Debug) Unhandled interpacket: Opcode: 0x0098 Length: 16 Data: 74 65 73 74 6D 61 67 65 00 00 00 00 00 00 00 00 
[09.02.2012 08:59:24] (Debug) Unhandled interpacket: Opcode: 0x0098 Length: 16 Data: 53 74 61 6E 00 00 00 00 00 00 00 00 00 00 00 00 
[09.02.2012 08:59:26] (Debug) Unhandled interpacket: Opcode: 0x0098 Length: 16 Data: 74 65 73 74 6D 61 67 65 00 00 00 00 00 00 00 00 
[09.02.2012 08:59:27] (Debug) Unhandled interpacket: Opcode: 0x0098 Length: 16 Data: 53 74 61 6E 00 00 00 00 00 00 00 00 00 00 00 00 
[09.02.2012 08:59:29] (Debug) Unhandled interpacket: Opcode: 0x0098 Length: 16 Data: 74 65 73 74 6D 61 67 65 00 00 00 00 00 00 00 00 
[09.02.2012 08:59:30] (Debug) Unhandled interpacket: Opcode: 0x0098 Length: 16 Data: 53 74 61 6E 00 00 00 00 00 00 00 00 00 00 00 00 
[09.02.2012 08:59:32] (Debug) Unhandled interpacket: Opcode: 0x0098 Length: 16 Data: 74 65 73 74 6D 61 67 65 00 00 00 00 00 00 00 00 
[09.02.2012 08:59:33] (Debug) Unhandled interpacket: Opcode: 0x0098 Length: 16 Data: 53 74 61 6E 00 00 00 00 00 00 00 00 00 00 00 00 
[09.02.2012 08:59:35] (Debug) Unhandled interpacket: Opcode: 0x0098 Length: 16 Data: 74 65 73 74 6D 61 67 65 00 00 00 00 00 00 00 00 
[09.02.2012 08:59:36] (Debug) Unhandled interpacket: Opcode: 0x0098 Length: 16 Data: 53 74 61 6E 00 00 00 00 00 00 00 00 00 00 00 00 
[09.02.2012 08:59:38] (Debug) Unhandled interpacket: Opcode: 0x0098 Length: 16 Data: 74 65 73 74 6D 61 67 65 00 00 00 00 00 00 00 00 
[09.02.2012 08:59:39] (Debug) Unhandled interpacket: Opcode: 0x0098 Length: 16 Data: 53 74 61 6E 00 00 00 00 00 00 00 00 00 00 00 00 
[09.02.2012 08:59:41] (Debug) Unhandled interpacket: Opcode: 0x0098 Length: 16 Data: 74 65 73 74 6D 61 67 65 00 00 00 00 00 00 00 00 
[09.02.2012 08:59:42] (Debug) Unhandled interpacket: Opcode: 0x0098 Length: 16 Data: 53 74 61 6E 00 00 00 00 00 00 00 00 00 00 00 00 
[09.02.2012 08:59:44] (Debug) Unhandled interpacket: Opcode: 0x0098 Length: 16 Data: 74 65 73 74 6D 61 67 65 00 00 00 00 00 00 00 00 
[09.02.2012 08:59:45] (Debug) Unhandled interpacket: Opcode: 0x0098 Length: 16 Data: 53 74 61 6E 00 00 00 00 00 00 00 00 00 00 00 00 
[09.02.2012 08:59:47] (Debug) Unhandled interpacket: Opcode: 0x0098 Length: 16 Data: 74 65 73 74 6D 61 67 65 00 00 00 00 00 00 00 00 
[09.02.2012 08:59:48] (Debug) Unhandled interpacket: Opcode: 0x0098 Length: 16 Data: 53 74 61 6E 00 00 00 00 00 00 00 00 00 00 00 00 
[09.02.2012 08:59:50] (Debug) Unhandled interpacket: Opcode: 0x0098 Length: 16 Data: 74 65 73 74 6D 61 67 65 00 00 00 00 00 00 00 00 
[09.02.2012 08:59:51] (Debug) Unhandled interpacket: Opcode: 0x0098 Length: 16 Data: 53 74 61 6E 00 00 00 00 00 00 00 00 00 00 00 00 
[09.02.2012 08:59:53] (Debug) Unhandled interpacket: Opcode: 0x0098 Length: 16 Data: 74 65 73 74 6D 61 67 65 00 00 00 00 00 00 00 00 
[09.02.2012 08:59:54] (Debug) Unhandled interpacket: Opcode: 0x0098 Length: 16 Data: 53 74 61 6E 00 00 00 00 00 00 00 00 00 00 00 00 
[09.02.2012 08:59:55] (Debug) Unhandled interpacket: Opcode: 0x0098 Length: 16 Data: 74 65 73 74 6D 61 67 65 00 00 00 00 00 00 00 00 
[09.02.2012 08:59:57] (Debug) Unhandled interpacket: Opcode: 0x0098 Length: 16 Data: 53 74 61 6E 00 00 00 00 00 00 00 00 00 00 00 00 
[09.02.2012 08:59:58] (Debug) Unhandled interpacket: Opcode: 0x0098 Length: 16 Data: 74 65 73 74 6D 61 67 65 00 00 00 00 00 00 00 00 
[09.02.2012 09:00:00] (Debug) Unhandled interpacket: Opcode: 0x0098 Length: 16 Data: 53 74 61 6E 00 00 00 00 00 00 00 00 00 00 00 00 
[09.02.2012 09:00:01] (Debug) Unhandled interpacket: Opcode: 0x0098 Length: 16 Data: 74 65 73 74 6D 61 67 65 00 00 00 00 00 00 00 00 
[09.02.2012 09:00:03] (Debug) Unhandled interpacket: Opcode: 0x0098 Length: 16 Data: 53 74 61 6E 00 00 00 00 00 00 00 00 00 00 00 00 
[09.02.2012 09:00:04] (Debug) Unhandled interpacket: Opcode: 0x0098 Length: 16 Data: 74 65 73 74 6D 61 67 65 00 00 00 00 00 00 00 00 
[09.02.2012 09:00:06] (Debug) Unhandled interpacket: Opcode: 0x0098 Length: 16 Data: 53 74 61 6E 00 00 00 00 00 00 00 00 00 00 00 00 
[09.02.2012 09:00:07] (Debug) Unhandled interpacket: Opcode: 0x0098 Length: 16 Data: 74 65 73 74 6D 61 67 65 00 00 00 00 00 00 00 00 
[09.02.2012 09:00:09] (Debug) Unhandled interpacket: Opcode: 0x0098 Length: 16 Data: 53 74 61 6E 00 00 00 00 00 00 00 00 00 00 00 00 
[09.02.2012 09:00:10] (Debug) Unhandled interpacket: Opcode: 0x0098 Length: 16 Data: 74 65 73 74 6D 61 67 65 00 00 00 00 00 00 00 00 
[09.02.2012 09:00:12] (Debug) Unhandled interpacket: Opcode: 0x0098 Length: 16 Data: 53 74 61 6E 00 00 00 00 00 00 00 00 00 00 00 00 
[09.02.2012 09:00:13] (Debug) Unhandled interpacket: Opcode: 0x0098 Length: 16 Data: 74 65 73 74 6D 61 67 65 00 00 00 00 00 00 00 00 
[09.02.2012 09:00:15] (Debug) Unhandled interpacket: Opcode: 0x0098 Length: 16 Data: 53 74 61 6E 00 00 00 00 00 00 00 00 00 00 00 00 
[09.02.2012 09:00:16] (Debug) Unhandled interpacket: Opcode: 0x0098 Length: 16 Data: 74 65 73 74 6D 61 67 65 00 00 00 00 00 00 00 00 
[09.02.2012 09:00:18] (Debug) Unhandled interpacket: Opcode: 0x0098 Length: 16 Data: 53 74 61 6E 00 00 00 00 00 00 00 00 00 00 00 00 
[09.02.2012 09:00:19] (Debug) Unhandled interpacket: Opcode: 0x0098 Length: 16 Data: 74 65 73 74 6D 61 67 65 00 00 00 00 00 00 00 00 
[09.02.2012 09:00:21] (Debug) Unhandled interpacket: Opcode: 0x0098 Length: 16 Data: 53 74 61 6E 00 00 00 00 00 00 00 00 00 00 00 00 
[09.02.2012 09:00:22] (Debug) Unhandled interpacket: Opcode: 0x0098 Length: 16 Data: 74 65 73 74 6D 61 67 65 00 00 00 00 00 00 00 00 
[09.02.2012 09:00:24] (Debug) Unhandled interpacket: Opcode: 0x0098 Length: 16 Data: 53 74 61 6E 00 00 00 00 00 00 00 00 00 00 00 00 
[09.02.2012 09:00:25] (Debug) Unhandled interpacket: Opcode: 0x0098 Length: 16 Data: 74 65 73 74 6D 61 67 65 00 00 00 00 00 00 00 00 
[09.02.2012 09:00:27] (Debug) Unhandled interpacket: Opcode: 0x0098 Length: 16 Data: 53 74 61 6E 00 00 00 00 00 00 00 00 00 00 00 00 
[09.02.2012 09:00:28] (Debug) Unhandled interpacket: Opcode: 0x0098 Length: 16 Data: 74 65 73 74 6D 61 67 65 00 00 00 00 00 00 00 00 
[09.02.2012 09:00:30] (Debug) Unhandled interpacket: Opcode: 0x0098 Length: 16 Data: 53 74 61 6E 00 00 00 00 00 00 00 00 00 00 00 00 
[09.02.2012 09:00:31] (Debug) Unhandled interpacket: Opcode: 0x0098 Length: 16 Data: 74 65 73 74 6D 61 67 65 00 00 00 00 00 00 00 00 
[09.02.2012 09:00:33] (Debug) Unhandled interpacket: Opcode: 0x0098 Length: 16 Data: 53 74 61 6E 00 00 00 00 00 00 00 00 00 00 00 00 
[09.02.2012 09:00:34] (Debug) Unhandled interpacket: Opcode: 0x0098 Length: 16 Data: 74 65 73 74 6D 61 67 65 00 00 00 00 00 00 00 00 
[09.02.2012 09:00:36] (Debug) Unhandled interpacket: Opcode: 0x0098 Length: 16 Data: 53 74 61 6E 00 00 00 00 00 00 00 00 00 00 00 00 
[09.02.2012 09:00:37] (Debug) Unhandled interpacket: Opcode: 0x0098 Length: 16 Data: 74 65 73 74 6D 61 67 65 00 00 00 00 00 00 00 00 
[09.02.2012 09:00:39] (Debug) Unhandled interpacket: Opcode: 0x0098 Length: 16 Data: 53 74 61 6E 00 00 00 00 00 00 00 00 00 00 00 00 
[09.02.2012 09:00:40] (Debug) Unhandled interpacket: Opcode: 0x0098 Length: 16 Data: 74 65 73 74 6D 61 67 65 00 00 00 00 00 00 00 00 
[09.02.2012 09:00:42] (Debug) Unhandled interpacket: Opcode: 0x0098 Length: 16 Data: 53 74 61 6E 00 00 00 00 00 00 00 00 00 00 00 00 
[09.02.2012 09:00:43] (Debug) Unhandled interpacket: Opcode: 0x0098 Length: 16 Data: 74 65 73 74 6D 61 67 65 00 00 00 00 00 00 00 00 
[09.02.2012 09:00:45] (Debug) Unhandled interpacket: Opcode: 0x0098 Length: 16 Data: 53 74 61 6E 00 00 00 00 00 00 00 00 00 00 00 00 
[09.02.2012 09:00:46] (Debug) Unhandled interpacket: Opcode: 0x0098 Length: 16 Data: 74 65 73 74 6D 61 67 65 00 00 00 00 00 00 00 00 
[09.02.2012 09:00:48] (Debug) Unhandled interpacket: Opcode: 0x0098 Length: 16 Data: 53 74 61 6E 00 00 00 00 00 00 00 00 00 00 00 00 
[09.02.2012 09:00:49] (Debug) Unhandled interpacket: Opcode: 0x0098 Length: 16 Data: 74 65 73 74 6D 61 67 65 00 00 00 00 00 00 00 00 
[09.02.2012 09:00:51] (Debug) Unhandled interpacket: Opcode: 0x0098 Length: 16 Data: 53 74 61 6E 00 00 00 00 00 00 00 00 00 00 00 00 
[09.02.2012 09:00:52] (Debug) Unhandled interpacket: Opcode: 0x0098 Length: 16 Data: 74 65 73 74 6D 61 67 65 00 00 00 00 00 00 00 00 
[09.02.2012 09:00:54] (Debug) Unhandled interpacket: Opcode: 0x0098 Length: 16 Data: 53 74 61 6E 00 00 00 00 00 00 00 00 00 00 00 00 
[09.02.2012 09:00:55] (Debug) Unhandled interpacket: Opcode: 0x0098 Length: 16 Data: 74 65 73 74 6D 61 67 65 00 00 00 00 00 00 00 00 
[09.02.2012 09:00:57] (Debug) Unhandled interpacket: Opcode: 0x0098 Length: 16 Data: 53 74 61 6E 00 00 00 00 00 00 00 00 00 00 00 00 
[09.02.2012 09:00:58] (Debug) Unhandled interpacket: Opcode: 0x0098 Length: 16 Data: 74 65 73 74 6D 61 67 65 00 00 00 00 00 00 00 00 
[09.02.2012 09:02:18] (Debug) Unhandled interpacket: Opcode: 0x0098 Length: 16 Data: 53 74 61 6E 00 00 00 00 00 00 00 00 00 00 00 00 
[09.02.2012 09:02:20] (Debug) Unhandled interpacket: Opcode: 0x0098 Length: 16 Data: 74 65 73 74 6D 61 67 65 00 00 00 00 00 00 00 00 
[09.02.2012 09:02:25] (Debug) Unhandled interpacket: Opcode: 0x0098 Length: 16 Data: 53 74 61 6E 00 00 00 00 00 00 00 00 00 00 00 00 
[09.02.2012 09:02:29] (Debug) Unhandled interpacket: Opcode: 0x0098 Length: 16 Data: 74 65 73 74 6D 61 67 65 00 00 00 00 00 00 00 00 
[09.02.2012 09:02:37] (Debug) Unhandled interpacket: Opcode: 0x0098 Length: 16 Data: 53 74 61 6E 00 00 00 00 00 00 00 00 00 00 00 00 
[09.02.2012 09:02:38] (Debug) Unhandled interpacket: Opcode: 0x0098 Length: 16 Data: 74 65 73 74 6D 61 67 65 00 00 00 00 00 00 00 00 
[09.02.2012 09:02:43] (Debug) Unhandled interpacket: Opcode: 0x0098 Length: 16 Data: 53 74 61 6E 00 00 00 00 00 00 00 00 00 00 00 00 
[09.02.2012 09:02:44] (Debug) Unhandled interpacket: Opcode: 0x0098 Length: 16 Data: 74 65 73 74 6D 61 67 65 00 00 00 00 00 00 00 00 
[09.02.2012 09:02:50] (Debug) Unhandled interpacket: Opcode: 0x0098 Length: 16 Data: 53 74 61 6E 00 00 00 00 00 00 00 00 00 00 00 00 
[09.02.2012 09:02:51] (Debug) Unhandled interpacket: Opcode: 0x0098 Length: 16 Data: 74 65 73 74 6D 61 67 65 00 00 00 00 00 00 00 00 
[09.02.2012 09:02:54] (Debug) Unhandled interpacket: Opcode: 0x0098 Length: 16 Data: 53 74 61 6E 00 00 00 00 00 00 00 00 00 00 00 00 
[09.02.2012 09:03:09] (Debug) Unhandled interpacket: Opcode: 0x0098 Length: 16 Data: 74 65 73 74 6D 61 67 65 00 00 00 00 00 00 00 00 
[09.02.2012 09:03:11] (Debug) Unhandled interpacket: Opcode: 0x0098 Length: 16 Data: 53 74 61 6E 00 00 00 00 00 00 00 00 00 00 00 00 
[09.02.2012 09:03:13] (Debug) Unhandled interpacket: Opcode: 0x0098 Length: 16 Data: 74 65 73 74 6D 61 67 65 00 00 00 00 00 00 00 00 
[09.02.2012 09:03:16] (Debug) Unhandled interpacket: Opcode: 0x0098 Length: 16 Data: 53 74 61 6E 00 00 00 00 00 00 00 00 00 00 00 00 
[09.02.2012 09:03:23] (Debug) Unhandled interpacket: Opcode: 0x0098 Length: 16 Data: 74 65 73 74 6D 61 67 65 00 00 00 00 00 00 00 00 
[09.02.2012 09:03:24] (Debug) Unhandled interpacket: Opcode: 0x0098 Length: 16 Data: 53 74 61 6E 00 00 00 00 00 00 00 00 00 00 00 00 
[09.02.2012 09:03:28] (Debug) Unhandled interpacket: Opcode: 0x0098 Length: 16 Data: 74 65 73 74 6D 61 67 65 00 00 00 00 00 00 00 00 
[09.02.2012 09:03:34] (Debug) Unhandled interpacket: Opcode: 0x0098 Length: 16 Data: 53 74 61 6E 00 00 00 00 00 00 00 00 00 00 00 00 
[09.02.2012 09:03:35] (Debug) Unhandled interpacket: Opcode: 0x0098 Length: 16 Data: 74 65 73 74 6D 61 67 65 00 00 00 00 00 00 00 00 
[09.02.2012 09:03:37] (Debug) Unhandled interpacket: Opcode: 0x0098 Length: 16 Data: 53 74 61 6E 00 00 00 00 00 00 00 00 00 00 00 00 
[09.02.2012 09:03:38] (Debug) Unhandled interpacket: Opcode: 0x0098 Length: 16 Data: 74 65 73 74 6D 61 67 65 00 00 00 00 00 00 00 00 
[09.02.2012 09:04:07] (Debug) Unhandled interpacket: Opcode: 0x0098 Length: 16 Data: 53 74 61 6E 00 00 00 00 00 00 00 00 00 00 00 00 
[09.02.2012 09:04:09] (Debug) Unhandled interpacket: Opcode: 0x0098 Length: 16 Data: 74 65 73 74 6D 61 67 65 00 00 00 00 00 00 00 00 
[09.02.2012 09:04:11] (Debug) Unhandled interpacket: Opcode: 0x0098 Length: 16 Data: 53 74 61 6E 00 00 00 00 00 00 00 00 00 00 00 00 
[09.02.2012 09:04:13] (Debug) Unhandled interpacket: Opcode: 0x0098 Length: 16 Data: 74 65 73 74 6D 61 67 65 00 00 00 00 00 00 00 00 
[09.02.2012 09:04:14] (Debug) Unhandled interpacket: Opcode: 0x0098 Length: 16 Data: 53 74 61 6E 00 00 00 00 00 00 00 00 00 00 00 00 
[09.02.2012 09:04:18] (Debug) Unhandled interpacket: Opcode: 0x0098 Length: 16 Data: 74 65 73 74 6D 61 67 65 00 00 00 00 00 00 00 00 
[09.02.2012 09:04:20] (Debug) Unhandled interpacket: Opcode: 0x0098 Length: 16 Data: 53 74 61 6E 00 00 00 00 00 00 00 00 00 00 00 00 
[09.02.2012 09:04:35] (Debug) Unhandled interpacket: Opcode: 0x0098 Length: 0 Data: 
[09.02.2012 09:04:38] (Debug) Unhandled interpacket: Opcode: 0x0098 Length: 0 Data: 
[09.02.2012 09:04:38] (Debug) Unhandled interpacket: Opcode: 0x0098 Length: 0 Data: 
[09.02.2012 09:04:41] (Debug) Unhandled interpacket: Opcode: 0x0098 Length: 0 Data: 
[09.02.2012 09:04:41] (Debug) Unhandled interpacket: Opcode: 0x0098 Length: 0 Data: 
[09.02.2012 09:04:44] (Debug) Unhandled interpacket: Opcode: 0x0098 Length: 0 Data: 
[09.02.2012 09:04:44] (Debug) Unhandled interpacket: Opcode: 0x0098 Length: 0 Data: 
[09.02.2012 09:04:47] (Debug) Unhandled interpacket: Opcode: 0x0098 Length: 0 Data: 
[09.02.2012 09:04:47] (Debug) Unhandled interpacket: Opcode: 0x0098 Length: 0 Data: 
[09.02.2012 09:04:50] (Debug) Unhandled interpacket: Opcode: 0x0098 Length: 0 Data: 
[09.02.2012 09:04:50] (Debug) Unhandled interpacket: Opcode: 0x0098 Length: 0 Data: 
[09.02.2012 09:04:53] (Debug) Unhandled interpacket: Opcode: 0x0098 Length: 0 Data: 
[09.02.2012 09:04:53] (Debug) Unhandled interpacket: Opcode: 0x0098 Length: 0 Data: 
[09.02.2012 09:04:56] (Debug) Unhandled interpacket: Opcode: 0x0098 Length: 0 Data: 
[09.02.2012 09:04:56] (Debug) Unhandled interpacket: Opcode: 0x0098 Length: 0 Data: 
[09.02.2012 09:04:59] (Debug) Unhandled interpacket: Opcode: 0x0098 Length: 0 Data: 
[09.02.2012 09:04:59] (Debug) Unhandled interpacket: Opcode: 0x0098 Length: 0 Data: 
[09.02.2012 09:05:02] (Debug) Unhandled interpacket: Opcode: 0x0098 Length: 0 Data: 
[09.02.2012 09:05:02] (Debug) Unhandled interpacket: Opcode: 0x0098 Length: 0 Data: 
[09.02.2012 09:05:05] (Debug) Unhandled interpacket: Opcode: 0x0098 Length: 0 Data: 
[09.02.2012 09:05:05] (Debug) Unhandled interpacket: Opcode: 0x0098 Length: 0 Data: 
[09.02.2012 09:05:08] (Debug) Unhandled interpacket: Opcode: 0x0098 Length: 0 Data: 
[09.02.2012 09:05:08] (Debug) Unhandled interpacket: Opcode: 0x0098 Length: 0 Data: 
[09.02.2012 09:05:11] (Debug) Unhandled interpacket: Opcode: 0x0098 Length: 0 Data: 
[09.02.2012 09:05:11] (Debug) Unhandled interpacket: Opcode: 0x0098 Length: 0 Data: 
[09.02.2012 09:05:14] (Debug) Unhandled interpacket: Opcode: 0x0098 Length: 0 Data: 
[09.02.2012 09:05:14] (Debug) Unhandled interpacket: Opcode: 0x0098 Length: 0 Data: 
[09.02.2012 09:05:17] (Debug) Unhandled interpacket: Opcode: 0x0098 Length: 0 Data: 
[09.02.2012 09:05:17] (Debug) Unhandled interpacket: Opcode: 0x0098 Length: 0 Data: 
[09.02.2012 09:05:20] (Debug) Unhandled interpacket: Opcode: 0x0098 Length: 0 Data: 
[09.02.2012 09:05:20] (Debug) Unhandled interpacket: Opcode: 0x0098 Length: 0 Data: 
[09.02.2012 09:05:23] (Debug) Unhandled interpacket: Opcode: 0x0098 Length: 0 Data: 
[09.02.2012 09:05:23] (Debug) Unhandled interpacket: Opcode: 0x0098 Length: 0 Data: 
[09.02.2012 09:05:26] (Debug) Unhandled interpacket: Opcode: 0x0098 Length: 0 Data: 
[09.02.2012 09:05:26] (Debug) Unhandled interpacket: Opcode: 0x0098 Length: 0 Data: 
[09.02.2012 09:05:29] (Debug) Unhandled interpacket: Opcode: 0x0098 Length: 0 Data: 
[09.02.2012 09:05:29] (Debug) Unhandled interpacket: Opcode: 0x0098 Length: 0 Data: 
[09.02.2012 09:05:32] (Debug) Unhandled interpacket: Opcode: 0x0098 Length: 0 Data: 
[09.02.2012 09:05:32] (Debug) Unhandled interpacket: Opcode: 0x0098 Length: 0 Data: 
[09.02.2012 09:05:35] (Debug) Unhandled interpacket: Opcode: 0x0098 Length: 0 Data: 
[09.02.2012 09:05:35] (Debug) Unhandled interpacket: Opcode: 0x0098 Length: 0 Data: 
[09.02.2012 09:05:54] (Debug) Unhandled interpacket: Opcode: 0x0098 Length: 0 Data: 
[09.02.2012 09:06:17] (Debug) Unhandled interpacket: Opcode: 0x0098 Length: 0 Data: 
[09.02.2012 09:06:20] (Debug) Unhandled interpacket: Opcode: 0x0098 Length: 0 Data: 
[09.02.2012 09:07:52] (Debug) Unhandled interpacket: Opcode: 0x0098 Length: 0 Data: 
[09.02.2012 09:07:55] (Debug) Unhandled interpacket: Opcode: 0x0098 Length: 0 Data: 
[09.02.2012 09:07:55] (Debug) Unhandled interpacket: Opcode: 0x0098 Length: 0 Data: 
[09.02.2012 09:07:58] (Debug) Unhandled interpacket: Opcode: 0x0098 Length: 0 Data: 
[09.02.2012 09:07:58] (Debug) Unhandled interpacket: Opcode: 0x0098 Length: 0 Data: 
[09.02.2012 09:08:01] (Debug) Unhandled interpacket: Opcode: 0x0098 Length: 0 Data: 
[09.02.2012 09:08:01] (Debug) Unhandled interpacket: Opcode: 0x0098 Length: 0 Data: 
[09.02.2012 09:08:04] (Debug) Unhandled interpacket: Opcode: 0x0098 Length: 0 Data: 
[09.02.2012 09:08:04] (Debug) Unhandled interpacket: Opcode: 0x0098 Length: 0 Data: 
[09.02.2012 09:08:07] (Debug) Unhandled interpacket: Opcode: 0x0098 Length: 0 Data: 
[09.02.2012 09:08:07] (Debug) Unhandled interpacket: Opcode: 0x0098 Length: 0 Data: 
[09.02.2012 09:08:10] (Debug) Unhandled interpacket: Opcode: 0x0098 Length: 0 Data: 
[09.02.2012 09:08:10] (Debug) Unhandled interpacket: Opcode: 0x0098 Length: 0 Data: 
[09.02.2012 09:08:13] (Debug) Unhandled interpacket: Opcode: 0x0098 Length: 0 Data: 
[09.02.2012 09:08:43] (Debug) Unhandled interpacket: Opcode: 0x0098 Length: 0 Data: 
[09.02.2012 09:08:43] (Debug) Unhandled interpacket: Opcode: 0x0098 Length: 0 Data: 
[09.02.2012 09:08:45] (Debug) Unhandled interpacket: Opcode: 0x0098 Length: 0 Data: 
[09.02.2012 09:08:45] (Debug) Unhandled interpacket: Opcode: 0x0098 Length: 0 Data: 
[09.02.2012 09:08:48] (Debug) Unhandled interpacket: Opcode: 0x0098 Length: 0 Data: 
[09.02.2012 09:08:48] (Debug) Unhandled interpacket: Opcode: 0x0098 Length: 0 Data: 
[09.02.2012 09:08:51] (Debug) Unhandled interpacket: Opcode: 0x0098 Length: 0 Data: 
[09.02.2012 09:08:51] (Debug) Unhandled interpacket: Opcode: 0x0098 Length: 0 Data: 
[09.02.2012 09:08:54] (Debug) Unhandled interpacket: Opcode: 0x0098 Length: 0 Data: 
[09.02.2012 09:08:54] (Debug) Unhandled interpacket: Opcode: 0x0098 Length: 0 Data: 
[09.02.2012 09:08:57] (Debug) Unhandled interpacket: Opcode: 0x0098 Length: 0 Data: 
[09.02.2012 09:08:57] (Debug) Unhandled interpacket: Opcode: 0x0098 Length: 0 Data: 
[09.02.2012 09:09:00] (Debug) Unhandled interpacket: Opcode: 0x0098 Length: 0 Data: 
[09.02.2012 09:09:00] (Debug) Unhandled interpacket: Opcode: 0x0098 Length: 0 Data: 
[09.02.2012 09:09:03] (Debug) Unhandled interpacket: Opcode: 0x0098 Length: 0 Data: 
[09.02.2012 09:09:03] (Debug) Unhandled interpacket: Opcode: 0x0098 Length: 0 Data: 
[09.02.2012 09:09:06] (Debug) Unhandled interpacket: Opcode: 0x0098 Length: 0 Data: 
[09.02.2012 09:09:06] (Debug) Unhandled interpacket: Opcode: 0x0098 Length: 0 Data: 
[09.02.2012 09:09:09] (Debug) Unhandled interpacket: Opcode: 0x0098 Length: 0 Data: 
[09.02.2012 09:09:09] (Debug) Unhandled interpacket: Opcode: 0x0098 Length: 0 Data: 
[09.02.2012 09:09:12] (Debug) Unhandled interpacket: Opcode: 0x0098 Length: 0 Data: 
[09.02.2012 09:09:12] (Debug) Unhandled interpacket: Opcode: 0x0098 Length: 0 Data: 
[09.02.2012 09:09:15] (Debug) Unhandled interpacket: Opcode: 0x0098 Length: 0 Data: 
[09.02.2012 09:09:15] (Debug) Unhandled interpacket: Opcode: 0x0098 Length: 0 Data: 
[09.02.2012 09:09:24] (Debug) Unhandled interpacket: Opcode: 0x0098 Length: 0 Data: 
[09.02.2012 09:09:24] (Debug) Unhandled interpacket: Opcode: 0x0098 Length: 0 Data: 
[09.02.2012 09:09:27] (Debug) Unhandled interpacket: Opcode: 0x0098 Length: 0 Data: 
[09.02.2012 09:09:27] (Debug) Unhandled interpacket: Opcode: 0x0098 Length: 0 Data: 
[09.02.2012 09:09:30] (Debug) Unhandled interpacket: Opcode: 0x0098 Length: 0 Data: 
[09.02.2012 09:09:30] (Debug) Unhandled interpacket: Opcode: 0x0098 Length: 0 Data: 
[09.02.2012 09:09:33] (Debug) Unhandled interpacket: Opcode: 0x0098 Length: 0 Data: 
[09.02.2012 09:09:33] (Debug) Unhandled interpacket: Opcode: 0x0098 Length: 0 Data: 
[09.02.2012 09:09:36] (Debug) Unhandled interpacket: Opcode: 0x0098 Length: 0 Data: 
[09.02.2012 09:09:36] (Debug) Unhandled interpacket: Opcode: 0x0098 Length: 0 Data: 
[09.02.2012 09:09:39] (Debug) Unhandled interpacket: Opcode: 0x0098 Length: 0 Data: 
[09.02.2012 09:09:39] (Debug) Unhandled interpacket: Opcode: 0x0098 Length: 0 Data: 
[09.02.2012 09:09:42] (Debug) Unhandled interpacket: Opcode: 0x0098 Length: 0 Data: 
[09.02.2012 09:09:42] (Debug) Unhandled interpacket: Opcode: 0x0098 Length: 0 Data: 
[09.02.2012 09:09:45] (Debug) Unhandled interpacket: Opcode: 0x0098 Length: 0 Data: 
[09.02.2012 09:09:45] (Debug) Unhandled interpacket: Opcode: 0x0098 Length: 0 Data: 
[09.02.2012 09:09:48] (Debug) Unhandled interpacket: Opcode: 0x0098 Length: 0 Data: 
[09.02.2012 09:09:48] (Debug) Unhandled interpacket: Opcode: 0x0098 Length: 0 Data: 
[09.02.2012 09:09:51] (Debug) Unhandled interpacket: Opcode: 0x0098 Length: 0 Data: 
[09.02.2012 09:09:51] (Debug) Unhandled interpacket: Opcode: 0x0098 Length: 0 Data: 
[09.02.2012 09:09:54] (Debug) Unhandled interpacket: Opcode: 0x0098 Length: 0 Data: 
[09.02.2012 09:09:54] (Debug) Unhandled interpacket: Opcode: 0x0098 Length: 0 Data: 
[09.02.2012 09:09:57] (Debug) Unhandled interpacket: Opcode: 0x0098 Length: 0 Data: 
[09.02.2012 09:09:57] (Debug) Unhandled interpacket: Opcode: 0x0098 Length: 0 Data: 
[09.02.2012 09:10:00] (Debug) Unhandled interpacket: Opcode: 0x0098 Length: 0 Data: 
[09.02.2012 09:10:12] (Debug) Unhandled interpacket: Opcode: 0x0098 Length: 0 Data: 
[09.02.2012 09:10:12] (Debug) Unhandled interpacket: Opcode: 0x0098 Length: 0 Data: 
[09.02.2012 09:10:15] (Debug) Unhandled interpacket: Opcode: 0x0098 Length: 0 Data: 
[09.02.2012 09:10:15] (Debug) Unhandled interpacket: Opcode: 0x0098 Length: 0 Data: 
[09.02.2012 09:10:18] (Debug) Unhandled interpacket: Opcode: 0x0098 Length: 0 Data: 
[09.02.2012 09:10:18] (Debug) Unhandled interpacket: Opcode: 0x0098 Length: 0 Data: 
[09.02.2012 09:10:21] (Debug) Unhandled interpacket: Opcode: 0x0098 Length: 0 Data: 
[09.02.2012 09:10:21] (Debug) Unhandled interpacket: Opcode: 0x0098 Length: 0 Data: 
[09.02.2012 09:10:24] (Debug) Unhandled interpacket: Opcode: 0x0098 Length: 0 Data: 
[09.02.2012 09:10:24] (Debug) Unhandled interpacket: Opcode: 0x0098 Length: 0 Data: 
[09.02.2012 09:10:27] (Debug) Unhandled interpacket: Opcode: 0x0098 Length: 0 Data: 
[09.02.2012 09:10:27] (Debug) Unhandled interpacket: Opcode: 0x0098 Length: 0 Data: 
[09.02.2012 09:10:30] (Debug) Unhandled interpacket: Opcode: 0x0098 Length: 0 Data: 
[09.02.2012 09:10:30] (Debug) Unhandled interpacket: Opcode: 0x0098 Length: 0 Data: 
[09.02.2012 09:10:33] (Debug) Unhandled interpacket: Opcode: 0x0098 Length: 0 Data: 
[09.02.2012 09:10:33] (Debug) Unhandled interpacket: Opcode: 0x0098 Length: 0 Data: 
[09.02.2012 09:10:36] (Debug) Unhandled interpacket: Opcode: 0x0098 Length: 0 Data: 
[09.02.2012 09:10:36] (Debug) Unhandled interpacket: Opcode: 0x0098 Length: 0 Data: 
[09.02.2012 09:10:39] (Debug) Unhandled interpacket: Opcode: 0x0098 Length: 0 Data: 
[09.02.2012 09:11:20] (Debug) Unhandled interpacket: Opcode: 0x0098 Length: 0 Data: 
[09.02.2012 09:11:23] (Debug) Unhandled interpacket: Opcode: 0x0098 Length: 0 Data: 
