[09.02.2012 07:27:22] (Info) 6 InterHandlers loaded.
[09.02.2012 07:27:22] (Info) 27 Handlers loaded.
[09.02.2012 07:27:22] (Info) Loaded 1182 bad names.
[09.02.2012 07:27:22] (Info) DataProvider initialized successfully!
[09.02.2012 07:27:22] (Info) Listening on port 11000 for zones.
[09.02.2012 07:27:23] (Info) Connected to server @ localhost:10000
[09.02.2012 07:27:23] (Info) IV data received
[09.02.2012 07:27:23] (Info) ClientManager initialized.
[09.02.2012 07:27:23] (Info) WorldAcceptor ready at 9110
[09.02.2012 07:27:23] (Info) <3 LoginServer.
[09.02.2012 07:27:32] (Info) Incoming connection from 85.214.55.189:52220
[09.02.2012 07:27:32] (Info) IV data received
[09.02.2012 07:27:32] (Info) Added zone 0 with 64 maps.
[09.02.2012 07:27:32] (Info) Zone 0 listens @ 85.214.55.189:9210
[09.02.2012 07:28:36] (Debug) Client connected from 188.96.168.19
[09.02.2012 07:28:36] (Debug) test authenticated.
[09.02.2012 07:28:36] (Debug) Unhandled packet: 2|13 Opcode: 0x080D Length: 0 Data: 
[09.02.2012 07:30:09] (Debug) Unhandled packet: 22|27 Opcode: 0x581B Length: 0 Data: 
[09.02.2012 07:32:41] (Debug) Client connected from 188.96.168.19
[09.02.2012 07:32:41] (Debug) test99 authenticated.
[09.02.2012 07:32:41] (Debug) Unhandled packet: 2|13 Opcode: 0x080D Length: 0 Data: 
[09.02.2012 07:34:55] (Debug) Unhandled packet: 22|27 Opcode: 0x581B Length: 0 Data: 
[09.02.2012 07:35:12] (Exception) System.Reflection.TargetInvocationException: Ein Aufrufziel hat einen Ausnahmefehler verursacht. ---> System.ArgumentNullException: Der Wert darf nicht NULL sein.
Parametername: source
   bei System.Linq.Enumerable.First[TSource](IEnumerable`1 source, Func`2 predicate)
   bei Zepheus.World.Data.WorldGuild.GetGuild(Int32 ID) in C:\Users\Gothic\Desktop\rev93\branches\Zepheus.World\Data\WorldGuild.cs:Zeile 26.
   bei Zepheus.World.Handlers.Handler29.GuildNameRequest(WorldClient client, Packet packet) in C:\Users\Gothic\Desktop\rev93\branches\Zepheus.World\Handlers\Handler29.cs:Zeile 20.
   --- Ende der internen Ausnahmestapelüberwachung ---
   bei System.RuntimeMethodHandle._InvokeMethodFast(IRuntimeMethodInfo method, Object target, Object[] arguments, SignatureStruct& sig, MethodAttributes methodAttributes, RuntimeType typeOwner)
   bei System.RuntimeMethodHandle.InvokeMethodFast(IRuntimeMethodInfo method, Object target, Object[] arguments, Signature sig, MethodAttributes methodAttributes, RuntimeType typeOwner)
   bei System.Reflection.RuntimeMethodInfo.Invoke(Object obj, BindingFlags invokeAttr, Binder binder, Object[] parameters, CultureInfo culture, Boolean skipVisibilityChecks)
   bei System.Reflection.RuntimeMethodInfo.Invoke(Object obj, BindingFlags invokeAttr, Binder binder, Object[] parameters, CultureInfo culture)
   bei System.Reflection.MethodBase.Invoke(Object obj, Object[] parameters)
   bei Zepheus.World.Handlers.HandlerStore.<>c__DisplayClass1.<GetCallback>b__0() in C:\Users\Gothic\Desktop\rev93\branches\Zepheus.World\Handlers\HandlerStore.cs:Zeile 55.
   bei Zepheus.World.Worker.Work() in C:\Users\Gothic\Desktop\rev93\branches\Zepheus.World\Worker.cs:Zeile 79.
[09.02.2012 07:36:05] (Exception) System.Reflection.TargetInvocationException: Ein Aufrufziel hat einen Ausnahmefehler verursacht. ---> System.ArgumentNullException: Der Wert darf nicht NULL sein.
Parametername: source
   bei System.Linq.Enumerable.First[TSource](IEnumerable`1 source, Func`2 predicate)
   bei Zepheus.World.Data.WorldGuild.GetGuild(Int32 ID) in C:\Users\Gothic\Desktop\rev93\branches\Zepheus.World\Data\WorldGuild.cs:Zeile 26.
   bei Zepheus.World.Handlers.Handler29.GuildNameRequest(WorldClient client, Packet packet) in C:\Users\Gothic\Desktop\rev93\branches\Zepheus.World\Handlers\Handler29.cs:Zeile 20.
   --- Ende der internen Ausnahmestapelüberwachung ---
   bei System.RuntimeMethodHandle._InvokeMethodFast(IRuntimeMethodInfo method, Object target, Object[] arguments, SignatureStruct& sig, MethodAttributes methodAttributes, RuntimeType typeOwner)
   bei System.RuntimeMethodHandle.InvokeMethodFast(IRuntimeMethodInfo method, Object target, Object[] arguments, Signature sig, MethodAttributes methodAttributes, RuntimeType typeOwner)
   bei System.Reflection.RuntimeMethodInfo.Invoke(Object obj, BindingFlags invokeAttr, Binder binder, Object[] parameters, CultureInfo culture, Boolean skipVisibilityChecks)
   bei System.Reflection.RuntimeMethodInfo.Invoke(Object obj, BindingFlags invokeAttr, Binder binder, Object[] parameters, CultureInfo culture)
   bei System.Reflection.MethodBase.Invoke(Object obj, Object[] parameters)
   bei Zepheus.World.Handlers.HandlerStore.<>c__DisplayClass1.<GetCallback>b__0() in C:\Users\Gothic\Desktop\rev93\branches\Zepheus.World\Handlers\HandlerStore.cs:Zeile 55.
   bei Zepheus.World.Worker.Work() in C:\Users\Gothic\Desktop\rev93\branches\Zepheus.World\Worker.cs:Zeile 79.
[09.02.2012 07:56:52] (Debug) Unhandled interpacket: Opcode: 0x0098 Length: 16 Data: 74 65 73 74 6D 61 67 65 00 00 00 00 00 00 00 00 
[09.02.2012 07:56:57] (Debug) Unhandled interpacket: Opcode: 0x0098 Length: 16 Data: 74 65 73 74 6D 61 67 65 00 00 00 00 00 00 00 00 
[09.02.2012 07:57:00] (Debug) Unhandled interpacket: Opcode: 0x0098 Length: 16 Data: 74 65 73 74 6D 61 67 65 00 00 00 00 00 00 00 00 
[09.02.2012 07:57:03] (Debug) Unhandled interpacket: Opcode: 0x0098 Length: 16 Data: 74 65 73 74 6D 61 67 65 00 00 00 00 00 00 00 00 
[09.02.2012 07:57:06] (Debug) Unhandled interpacket: Opcode: 0x0098 Length: 16 Data: 74 65 73 74 6D 61 67 65 00 00 00 00 00 00 00 00 
[09.02.2012 07:57:09] (Debug) Unhandled interpacket: Opcode: 0x0098 Length: 16 Data: 74 65 73 74 6D 61 67 65 00 00 00 00 00 00 00 00 
[09.02.2012 07:57:12] (Debug) Unhandled interpacket: Opcode: 0x0098 Length: 16 Data: 74 65 73 74 6D 61 67 65 00 00 00 00 00 00 00 00 
[09.02.2012 07:57:15] (Debug) Unhandled interpacket: Opcode: 0x0098 Length: 16 Data: 74 65 73 74 6D 61 67 65 00 00 00 00 00 00 00 00 
[09.02.2012 07:57:46] (Debug) Unhandled interpacket: Opcode: 0x0098 Length: 16 Data: 74 65 73 74 6D 61 67 65 00 00 00 00 00 00 00 00 
[09.02.2012 07:57:54] (Debug) Unhandled interpacket: Opcode: 0x0098 Length: 16 Data: 74 65 73 74 6D 61 67 65 00 00 00 00 00 00 00 00 
[09.02.2012 07:57:57] (Debug) Unhandled interpacket: Opcode: 0x0098 Length: 16 Data: 74 65 73 74 6D 61 67 65 00 00 00 00 00 00 00 00 
[09.02.2012 07:58:00] (Debug) Unhandled interpacket: Opcode: 0x0098 Length: 16 Data: 74 65 73 74 6D 61 67 65 00 00 00 00 00 00 00 00 
[09.02.2012 07:58:03] (Debug) Unhandled interpacket: Opcode: 0x0098 Length: 16 Data: 74 65 73 74 6D 61 67 65 00 00 00 00 00 00 00 00 
[09.02.2012 07:58:06] (Debug) Unhandled interpacket: Opcode: 0x0098 Length: 16 Data: 74 65 73 74 6D 61 67 65 00 00 00 00 00 00 00 00 
[09.02.2012 07:58:09] (Debug) Unhandled interpacket: Opcode: 0x0098 Length: 16 Data: 74 65 73 74 6D 61 67 65 00 00 00 00 00 00 00 00 
[09.02.2012 07:58:12] (Debug) Unhandled interpacket: Opcode: 0x0098 Length: 16 Data: 74 65 73 74 6D 61 67 65 00 00 00 00 00 00 00 00 
[09.02.2012 07:58:15] (Debug) Unhandled interpacket: Opcode: 0x0098 Length: 16 Data: 74 65 73 74 6D 61 67 65 00 00 00 00 00 00 00 00 
[09.02.2012 07:58:18] (Debug) Unhandled interpacket: Opcode: 0x0098 Length: 16 Data: 74 65 73 74 6D 61 67 65 00 00 00 00 00 00 00 00 
[09.02.2012 07:58:21] (Debug) Unhandled interpacket: Opcode: 0x0098 Length: 16 Data: 74 65 73 74 6D 61 67 65 00 00 00 00 00 00 00 00 
[09.02.2012 07:58:24] (Debug) Unhandled interpacket: Opcode: 0x0098 Length: 16 Data: 74 65 73 74 6D 61 67 65 00 00 00 00 00 00 00 00 
[09.02.2012 07:58:27] (Debug) Unhandled interpacket: Opcode: 0x0098 Length: 16 Data: 74 65 73 74 6D 61 67 65 00 00 00 00 00 00 00 00 
[09.02.2012 07:58:30] (Debug) Unhandled interpacket: Opcode: 0x0098 Length: 16 Data: 74 65 73 74 6D 61 67 65 00 00 00 00 00 00 00 00 
[09.02.2012 07:58:33] (Debug) Unhandled interpacket: Opcode: 0x0098 Length: 16 Data: 74 65 73 74 6D 61 67 65 00 00 00 00 00 00 00 00 
[09.02.2012 07:58:36] (Debug) Unhandled interpacket: Opcode: 0x0098 Length: 16 Data: 74 65 73 74 6D 61 67 65 00 00 00 00 00 00 00 00 
[09.02.2012 07:58:39] (Debug) Unhandled interpacket: Opcode: 0x0098 Length: 16 Data: 74 65 73 74 6D 61 67 65 00 00 00 00 00 00 00 00 
[09.02.2012 07:58:42] (Debug) Unhandled interpacket: Opcode: 0x0098 Length: 16 Data: 74 65 73 74 6D 61 67 65 00 00 00 00 00 00 00 00 
[09.02.2012 07:58:45] (Debug) Unhandled interpacket: Opcode: 0x0098 Length: 16 Data: 74 65 73 74 6D 61 67 65 00 00 00 00 00 00 00 00 
[09.02.2012 07:58:48] (Debug) Unhandled interpacket: Opcode: 0x0098 Length: 16 Data: 74 65 73 74 6D 61 67 65 00 00 00 00 00 00 00 00 
[09.02.2012 07:58:51] (Debug) Unhandled interpacket: Opcode: 0x0098 Length: 16 Data: 74 65 73 74 6D 61 67 65 00 00 00 00 00 00 00 00 
[09.02.2012 07:58:54] (Debug) Unhandled interpacket: Opcode: 0x0098 Length: 16 Data: 74 65 73 74 6D 61 67 65 00 00 00 00 00 00 00 00 
[09.02.2012 07:58:57] (Debug) Unhandled interpacket: Opcode: 0x0098 Length: 16 Data: 74 65 73 74 6D 61 67 65 00 00 00 00 00 00 00 00 
[09.02.2012 07:59:00] (Debug) Unhandled interpacket: Opcode: 0x0098 Length: 16 Data: 74 65 73 74 6D 61 67 65 00 00 00 00 00 00 00 00 
[09.02.2012 07:59:03] (Debug) Unhandled interpacket: Opcode: 0x0098 Length: 16 Data: 74 65 73 74 6D 61 67 65 00 00 00 00 00 00 00 00 
[09.02.2012 07:59:06] (Debug) Unhandled interpacket: Opcode: 0x0098 Length: 16 Data: 74 65 73 74 6D 61 67 65 00 00 00 00 00 00 00 00 
[09.02.2012 07:59:09] (Debug) Unhandled interpacket: Opcode: 0x0098 Length: 16 Data: 74 65 73 74 6D 61 67 65 00 00 00 00 00 00 00 00 
[09.02.2012 07:59:12] (Debug) Unhandled interpacket: Opcode: 0x0098 Length: 16 Data: 74 65 73 74 6D 61 67 65 00 00 00 00 00 00 00 00 
[09.02.2012 07:59:15] (Debug) Unhandled interpacket: Opcode: 0x0098 Length: 16 Data: 74 65 73 74 6D 61 67 65 00 00 00 00 00 00 00 00 
[09.02.2012 07:59:18] (Debug) Unhandled interpacket: Opcode: 0x0098 Length: 16 Data: 74 65 73 74 6D 61 67 65 00 00 00 00 00 00 00 00 
[09.02.2012 07:59:21] (Debug) Unhandled interpacket: Opcode: 0x0098 Length: 16 Data: 74 65 73 74 6D 61 67 65 00 00 00 00 00 00 00 00 
[09.02.2012 07:59:24] (Debug) Unhandled interpacket: Opcode: 0x0098 Length: 16 Data: 74 65 73 74 6D 61 67 65 00 00 00 00 00 00 00 00 
[09.02.2012 07:59:27] (Debug) Unhandled interpacket: Opcode: 0x0098 Length: 16 Data: 74 65 73 74 6D 61 67 65 00 00 00 00 00 00 00 00 
[09.02.2012 07:59:30] (Debug) Unhandled interpacket: Opcode: 0x0098 Length: 16 Data: 74 65 73 74 6D 61 67 65 00 00 00 00 00 00 00 00 
[09.02.2012 07:59:33] (Debug) Unhandled interpacket: Opcode: 0x0098 Length: 16 Data: 74 65 73 74 6D 61 67 65 00 00 00 00 00 00 00 00 
[09.02.2012 07:59:36] (Debug) Unhandled interpacket: Opcode: 0x0098 Length: 16 Data: 74 65 73 74 6D 61 67 65 00 00 00 00 00 00 00 00 
[09.02.2012 07:59:39] (Debug) Unhandled interpacket: Opcode: 0x0098 Length: 16 Data: 74 65 73 74 6D 61 67 65 00 00 00 00 00 00 00 00 
[09.02.2012 07:59:42] (Debug) Unhandled interpacket: Opcode: 0x0098 Length: 16 Data: 74 65 73 74 6D 61 67 65 00 00 00 00 00 00 00 00 
[09.02.2012 07:59:45] (Debug) Unhandled interpacket: Opcode: 0x0098 Length: 16 Data: 74 65 73 74 6D 61 67 65 00 00 00 00 00 00 00 00 
[09.02.2012 07:59:48] (Debug) Unhandled interpacket: Opcode: 0x0098 Length: 16 Data: 74 65 73 74 6D 61 67 65 00 00 00 00 00 00 00 00 
[09.02.2012 07:59:51] (Debug) Unhandled interpacket: Opcode: 0x0098 Length: 16 Data: 74 65 73 74 6D 61 67 65 00 00 00 00 00 00 00 00 
[09.02.2012 07:59:54] (Debug) Unhandled interpacket: Opcode: 0x0098 Length: 16 Data: 74 65 73 74 6D 61 67 65 00 00 00 00 00 00 00 00 
[09.02.2012 07:59:57] (Debug) Unhandled interpacket: Opcode: 0x0098 Length: 16 Data: 74 65 73 74 6D 61 67 65 00 00 00 00 00 00 00 00 
[09.02.2012 08:00:00] (Debug) Unhandled interpacket: Opcode: 0x0098 Length: 16 Data: 74 65 73 74 6D 61 67 65 00 00 00 00 00 00 00 00 
[09.02.2012 08:00:03] (Debug) Unhandled interpacket: Opcode: 0x0098 Length: 16 Data: 74 65 73 74 6D 61 67 65 00 00 00 00 00 00 00 00 
[09.02.2012 08:00:06] (Debug) Unhandled interpacket: Opcode: 0x0098 Length: 16 Data: 74 65 73 74 6D 61 67 65 00 00 00 00 00 00 00 00 
[09.02.2012 08:00:09] (Debug) Unhandled interpacket: Opcode: 0x0098 Length: 16 Data: 74 65 73 74 6D 61 67 65 00 00 00 00 00 00 00 00 
[09.02.2012 08:00:12] (Debug) Unhandled interpacket: Opcode: 0x0098 Length: 16 Data: 74 65 73 74 6D 61 67 65 00 00 00 00 00 00 00 00 
[09.02.2012 08:00:15] (Debug) Unhandled interpacket: Opcode: 0x0098 Length: 16 Data: 74 65 73 74 6D 61 67 65 00 00 00 00 00 00 00 00 
[09.02.2012 08:00:18] (Debug) Unhandled interpacket: Opcode: 0x0098 Length: 16 Data: 74 65 73 74 6D 61 67 65 00 00 00 00 00 00 00 00 
[09.02.2012 08:00:21] (Debug) Unhandled interpacket: Opcode: 0x0098 Length: 16 Data: 74 65 73 74 6D 61 67 65 00 00 00 00 00 00 00 00 
[09.02.2012 08:00:24] (Debug) Unhandled interpacket: Opcode: 0x0098 Length: 16 Data: 74 65 73 74 6D 61 67 65 00 00 00 00 00 00 00 00 
[09.02.2012 08:00:27] (Debug) Unhandled interpacket: Opcode: 0x0098 Length: 16 Data: 74 65 73 74 6D 61 67 65 00 00 00 00 00 00 00 00 
[09.02.2012 08:00:30] (Debug) Unhandled interpacket: Opcode: 0x0098 Length: 16 Data: 74 65 73 74 6D 61 67 65 00 00 00 00 00 00 00 00 
[09.02.2012 08:00:33] (Debug) Unhandled interpacket: Opcode: 0x0098 Length: 16 Data: 74 65 73 74 6D 61 67 65 00 00 00 00 00 00 00 00 
[09.02.2012 08:00:36] (Debug) Unhandled interpacket: Opcode: 0x0098 Length: 16 Data: 74 65 73 74 6D 61 67 65 00 00 00 00 00 00 00 00 
[09.02.2012 08:00:39] (Debug) Unhandled interpacket: Opcode: 0x0098 Length: 16 Data: 74 65 73 74 6D 61 67 65 00 00 00 00 00 00 00 00 
[09.02.2012 08:00:42] (Debug) Unhandled interpacket: Opcode: 0x0098 Length: 16 Data: 74 65 73 74 6D 61 67 65 00 00 00 00 00 00 00 00 
[09.02.2012 08:00:45] (Debug) Unhandled interpacket: Opcode: 0x0098 Length: 16 Data: 74 65 73 74 6D 61 67 65 00 00 00 00 00 00 00 00 
[09.02.2012 08:00:48] (Debug) Unhandled interpacket: Opcode: 0x0098 Length: 16 Data: 74 65 73 74 6D 61 67 65 00 00 00 00 00 00 00 00 
[09.02.2012 08:00:51] (Debug) Unhandled interpacket: Opcode: 0x0098 Length: 16 Data: 74 65 73 74 6D 61 67 65 00 00 00 00 00 00 00 00 
[09.02.2012 08:00:54] (Debug) Unhandled interpacket: Opcode: 0x0098 Length: 16 Data: 74 65 73 74 6D 61 67 65 00 00 00 00 00 00 00 00 
[09.02.2012 08:00:57] (Debug) Unhandled interpacket: Opcode: 0x0098 Length: 16 Data: 74 65 73 74 6D 61 67 65 00 00 00 00 00 00 00 00 
[09.02.2012 08:01:00] (Debug) Unhandled interpacket: Opcode: 0x0098 Length: 16 Data: 74 65 73 74 6D 61 67 65 00 00 00 00 00 00 00 00 
[09.02.2012 08:01:03] (Debug) Unhandled interpacket: Opcode: 0x0098 Length: 16 Data: 74 65 73 74 6D 61 67 65 00 00 00 00 00 00 00 00 
[09.02.2012 08:01:06] (Debug) Unhandled interpacket: Opcode: 0x0098 Length: 16 Data: 74 65 73 74 6D 61 67 65 00 00 00 00 00 00 00 00 
[09.02.2012 08:01:09] (Debug) Unhandled interpacket: Opcode: 0x0098 Length: 16 Data: 74 65 73 74 6D 61 67 65 00 00 00 00 00 00 00 00 
[09.02.2012 08:01:12] (Debug) Unhandled interpacket: Opcode: 0x0098 Length: 16 Data: 74 65 73 74 6D 61 67 65 00 00 00 00 00 00 00 00 
[09.02.2012 08:01:15] (Debug) Unhandled interpacket: Opcode: 0x0098 Length: 16 Data: 74 65 73 74 6D 61 67 65 00 00 00 00 00 00 00 00 
[09.02.2012 08:01:18] (Debug) Unhandled interpacket: Opcode: 0x0098 Length: 16 Data: 74 65 73 74 6D 61 67 65 00 00 00 00 00 00 00 00 
[09.02.2012 08:01:19] (Error) Disconnected from server.
