[09.02.2012 09:43:39] (Info) 6 InterHandlers loaded.
[09.02.2012 09:43:39] (Info) 27 Handlers loaded.
[09.02.2012 09:43:39] (Info) Loaded 1182 bad names.
[09.02.2012 09:43:39] (Info) DataProvider initialized successfully!
[09.02.2012 09:43:39] (Info) Listening on port 11000 for zones.
[09.02.2012 09:43:39] (Info) Connected to server @ localhost:10000
[09.02.2012 09:43:39] (Info) ClientManager initialized.
[09.02.2012 09:43:39] (Info) WorldAcceptor ready at 9110
[09.02.2012 09:43:39] (Info) IV data received
[09.02.2012 09:43:39] (Info) <3 LoginServer.
[09.02.2012 09:43:48] (Info) Incoming connection from 85.214.55.189:52357
[09.02.2012 09:43:48] (Info) IV data received
[09.02.2012 09:43:48] (Info) Added zone 0 with 64 maps.
[09.02.2012 09:43:48] (Info) Zone 0 listens @ 85.214.55.189:9210
[09.02.2012 09:43:58] (Debug) Client connected from 188.96.168.19
[09.02.2012 09:43:58] (Debug) test authenticated.
[09.02.2012 09:43:58] (Debug) Unhandled packet: 2|13 Opcode: 0x080D Length: 0 Data: 
[09.02.2012 09:44:22] (Debug) Unhandled packet: 22|27 Opcode: 0x581B Length: 0 Data: 
[09.02.2012 09:44:31] (Debug) Client connected from 188.96.168.19
[09.02.2012 09:44:31] (Debug) test99 authenticated.
[09.02.2012 09:44:31] (Debug) Unhandled packet: 2|13 Opcode: 0x080D Length: 0 Data: 
[09.02.2012 09:45:11] (Debug) Unhandled packet: 22|27 Opcode: 0x581B Length: 0 Data: 
