[09.02.2012 15:59:54] (Info) 7 InterHandlers loaded.
[09.02.2012 15:59:54] (Info) 27 Handlers loaded.
[09.02.2012 15:59:55] (Info) Loaded 1182 bad names.
[09.02.2012 15:59:55] (Info) DataProvider initialized successfully!
[09.02.2012 15:59:55] (Info) Listening on port 11000 for zones.
[09.02.2012 15:59:55] (Info) Connected to server @ localhost:10000
[09.02.2012 15:59:55] (Info) ClientManager initialized.
[09.02.2012 15:59:55] (Info) WorldAcceptor ready at 9110
[09.02.2012 15:59:55] (Info) IV data received
[09.02.2012 15:59:55] (Info) <3 LoginServer.
[09.02.2012 16:00:03] (Info) Incoming connection from 85.214.55.189:52975
[09.02.2012 16:00:03] (Info) IV data received
[09.02.2012 16:00:03] (Info) Added zone 0 with 64 maps.
[09.02.2012 16:00:03] (Info) Zone 0 listens @ 85.214.55.189:9210
[09.02.2012 16:00:43] (Debug) Client connected from 188.96.168.19
[09.02.2012 16:00:43] (Debug) test authenticated.
[09.02.2012 16:00:43] (Debug) Unhandled packet: 2|13 Opcode: 0x080D Length: 0 Data: 
[09.02.2012 16:01:32] (Debug) Unhandled packet: 22|27 Opcode: 0x581B Length: 0 Data: 
[09.02.2012 16:02:21] (Debug) Client connected from 188.96.168.19
[09.02.2012 16:02:21] (Debug) test99 authenticated.
[09.02.2012 16:02:21] (Debug) Unhandled packet: 2|13 Opcode: 0x080D Length: 0 Data: 
[09.02.2012 16:04:35] (Debug) Unhandled packet: 22|27 Opcode: 0x581B Length: 0 Data: 
[09.02.2012 16:22:44] (Debug) Unhandled packet: 2|13 Opcode: 0x080D Length: 0 Data: 
[09.02.2012 16:22:46] (Debug) Unhandled packet: 22|27 Opcode: 0x581B Length: 0 Data: 
[09.02.2012 16:26:02] (Debug) Unhandled packet: 2|13 Opcode: 0x080D Length: 0 Data: 
[09.02.2012 16:26:02] (Debug) Unhandled packet: 22|27 Opcode: 0x581B Length: 0 Data: 
[09.02.2012 16:26:14] (Debug) Unhandled packet: 2|13 Opcode: 0x080D Length: 0 Data: 
[09.02.2012 16:26:15] (Debug) Unhandled packet: 22|27 Opcode: 0x581B Length: 0 Data: 
[09.02.2012 16:28:10] (Debug) Unhandled packet: 2|13 Opcode: 0x080D Length: 0 Data: 
[09.02.2012 16:28:11] (Debug) Unhandled packet: 22|27 Opcode: 0x581B Length: 0 Data: 
[09.02.2012 16:32:41] (Debug) Unhandled packet: 2|13 Opcode: 0x080D Length: 0 Data: 
[09.02.2012 16:32:42] (Debug) Unhandled packet: 22|27 Opcode: 0x581B Length: 0 Data: 
[09.02.2012 16:32:54] (Debug) Unhandled packet: 2|13 Opcode: 0x080D Length: 0 Data: 
[09.02.2012 16:32:55] (Debug) Unhandled packet: 22|27 Opcode: 0x581B Length: 0 Data: 
[09.02.2012 16:34:22] (Debug) Unhandled packet: 29|190 Opcode: 0x74BE Length: 0 Data: 
[09.02.2012 16:34:22] (Debug) Unhandled packet: 38|7 Opcode: 0x9807 Length: 0 Data: 
