[09.02.2012 14:51:41] (Info) 7 InterHandlers loaded.
[09.02.2012 14:51:41] (Info) 27 Handlers loaded.
[09.02.2012 14:51:41] (Info) Loaded 1182 bad names.
[09.02.2012 14:51:41] (Info) DataProvider initialized successfully!
[09.02.2012 14:51:41] (Info) Listening on port 11000 for zones.
[09.02.2012 14:51:41] (Info) Connected to server @ localhost:10000
[09.02.2012 14:51:41] (Info) ClientManager initialized.
[09.02.2012 14:51:41] (Info) WorldAcceptor ready at 9110
[09.02.2012 14:51:41] (Info) IV data received
[09.02.2012 14:51:41] (Info) <3 LoginServer.
[09.02.2012 14:51:50] (Info) Incoming connection from 85.214.55.189:52850
[09.02.2012 14:51:50] (Info) IV data received
[09.02.2012 14:51:50] (Info) Added zone 0 with 64 maps.
[09.02.2012 14:51:50] (Info) Zone 0 listens @ 85.214.55.189:9210
[09.02.2012 14:52:02] (Debug) Client connected from 188.96.168.19
[09.02.2012 14:52:02] (Debug) test authenticated.
[09.02.2012 14:52:02] (Debug) Unhandled packet: 2|13 Opcode: 0x080D Length: 0 Data: 
[09.02.2012 14:52:51] (Debug) Unhandled packet: 22|27 Opcode: 0x581B Length: 0 Data: 
[09.02.2012 14:54:11] (Debug) Client connected from 188.96.168.19
[09.02.2012 14:54:11] (Debug) test99 authenticated.
[09.02.2012 14:54:11] (Debug) Unhandled packet: 2|13 Opcode: 0x080D Length: 0 Data: 
[09.02.2012 14:56:37] (Debug) Unhandled packet: 22|27 Opcode: 0x581B Length: 0 Data: 
[09.02.2012 15:11:31] (Debug) Unhandled packet: 2|13 Opcode: 0x080D Length: 0 Data: 
[09.02.2012 15:11:32] (Debug) Unhandled packet: 22|27 Opcode: 0x581B Length: 0 Data: 
[09.02.2012 15:11:59] (Debug) Unhandled packet: 2|13 Opcode: 0x080D Length: 0 Data: 
[09.02.2012 15:12:00] (Debug) Unhandled packet: 22|27 Opcode: 0x581B Length: 0 Data: 
[09.02.2012 15:12:30] (Debug) Unhandled packet: 2|13 Opcode: 0x080D Length: 0 Data: 
[09.02.2012 15:12:31] (Debug) Unhandled packet: 22|27 Opcode: 0x581B Length: 0 Data: 
[09.02.2012 15:13:28] (Debug) Unhandled packet: 2|13 Opcode: 0x080D Length: 0 Data: 
[09.02.2012 15:13:28] (Debug) Unhandled packet: 22|27 Opcode: 0x581B Length: 0 Data: 
