[09.02.2012 17:49:38] (Info) 7 InterHandlers loaded.
[09.02.2012 17:49:38] (Info) 27 Handlers loaded.
[09.02.2012 17:49:38] (Info) Loaded 1182 bad names.
[09.02.2012 17:49:38] (Info) DataProvider initialized successfully!
[09.02.2012 17:49:38] (Info) Listening on port 11000 for zones.
[09.02.2012 17:49:38] (Info) Connected to server @ localhost:10000
[09.02.2012 17:49:38] (Info) ClientManager initialized.
[09.02.2012 17:49:38] (Info) WorldAcceptor ready at 9110
[09.02.2012 17:49:38] (Info) IV data received
[09.02.2012 17:49:39] (Info) <3 LoginServer.
[09.02.2012 17:49:47] (Info) Incoming connection from 85.214.55.189:53139
[09.02.2012 17:49:47] (Info) IV data received
[09.02.2012 17:49:47] (Info) Added zone 0 with 64 maps.
[09.02.2012 17:49:47] (Info) Zone 0 listens @ 85.214.55.189:9210
[09.02.2012 17:50:28] (Debug) Client connected from 188.96.168.19
[09.02.2012 17:50:28] (Debug) test99 authenticated.
[09.02.2012 17:50:28] (Debug) Unhandled packet: 2|13 Opcode: 0x080D Length: 0 Data: 
[09.02.2012 17:51:47] (Debug) Client connected from 188.96.168.19
[09.02.2012 17:51:47] (Debug) test authenticated.
[09.02.2012 17:51:47] (Debug) Unhandled packet: 2|13 Opcode: 0x080D Length: 0 Data: 
[09.02.2012 17:52:04] (Debug) Unhandled packet: 22|27 Opcode: 0x581B Length: 0 Data: 
[09.02.2012 17:53:21] (Debug) Unhandled packet: 22|27 Opcode: 0x581B Length: 0 Data: 
[09.02.2012 17:56:52] (Error) Disconnected from server.
[09.02.2012 17:56:52] (Info) Zone 0 disconnected.
