[09.02.2012 10:21:33] (Info) 6 InterHandlers loaded.
[09.02.2012 10:21:33] (Info) 27 Handlers loaded.
[09.02.2012 10:21:33] (Info) Loaded 1182 bad names.
[09.02.2012 10:21:33] (Info) DataProvider initialized successfully!
[09.02.2012 10:21:33] (Info) Listening on port 11000 for zones.
[09.02.2012 10:21:33] (Info) Connected to server @ localhost:10000
[09.02.2012 10:21:33] (Info) IV data received
[09.02.2012 10:21:33] (Info) ClientManager initialized.
[09.02.2012 10:21:33] (Info) WorldAcceptor ready at 9110
[09.02.2012 10:21:33] (Info) <3 LoginServer.
[09.02.2012 10:21:43] (Info) Incoming connection from 85.214.55.189:52447
[09.02.2012 10:21:43] (Info) IV data received
[09.02.2012 10:21:43] (Info) Added zone 0 with 64 maps.
[09.02.2012 10:21:43] (Info) Zone 0 listens @ 85.214.55.189:9210
[09.02.2012 10:23:33] (Debug) Client connected from 188.96.168.19
[09.02.2012 10:23:33] (Debug) test99 authenticated.
[09.02.2012 10:23:33] (Debug) Unhandled packet: 2|13 Opcode: 0x080D Length: 0 Data: 
[09.02.2012 10:23:56] (Debug) Unhandled packet: 22|27 Opcode: 0x581B Length: 0 Data: 
[09.02.2012 10:24:27] (Debug) Client connected from 188.96.168.19
[09.02.2012 10:24:28] (Debug) test authenticated.
[09.02.2012 10:24:28] (Debug) Unhandled packet: 2|13 Opcode: 0x080D Length: 0 Data: 
[09.02.2012 10:26:36] (Debug) Unhandled packet: 22|27 Opcode: 0x581B Length: 0 Data: 
[09.02.2012 10:26:46] (Debug) Unhandled interpacket: Opcode: 0x0098 Length: 16 Data: 53 74 61 6E 00 00 00 00 00 00 00 00 00 00 00 00 
[09.02.2012 10:26:46] (Debug) Unhandled interpacket: Opcode: 0x0098 Length: 16 Data: 74 65 73 74 6D 61 67 65 00 00 00 00 00 00 00 00 
[09.02.2012 10:26:49] (Debug) Unhandled interpacket: Opcode: 0x0098 Length: 16 Data: 53 74 61 6E 00 00 00 00 00 00 00 00 00 00 00 00 
[09.02.2012 10:26:49] (Debug) Unhandled interpacket: Opcode: 0x0098 Length: 16 Data: 74 65 73 74 6D 61 67 65 00 00 00 00 00 00 00 00 
[09.02.2012 10:26:52] (Debug) Unhandled interpacket: Opcode: 0x0098 Length: 16 Data: 53 74 61 6E 00 00 00 00 00 00 00 00 00 00 00 00 
[09.02.2012 10:26:52] (Debug) Unhandled interpacket: Opcode: 0x0098 Length: 16 Data: 74 65 73 74 6D 61 67 65 00 00 00 00 00 00 00 00 
[09.02.2012 10:26:55] (Debug) Unhandled interpacket: Opcode: 0x0098 Length: 16 Data: 53 74 61 6E 00 00 00 00 00 00 00 00 00 00 00 00 
[09.02.2012 10:26:55] (Debug) Unhandled interpacket: Opcode: 0x0098 Length: 16 Data: 74 65 73 74 6D 61 67 65 00 00 00 00 00 00 00 00 
[09.02.2012 10:26:58] (Debug) Unhandled interpacket: Opcode: 0x0098 Length: 16 Data: 53 74 61 6E 00 00 00 00 00 00 00 00 00 00 00 00 
[09.02.2012 10:26:58] (Debug) Unhandled interpacket: Opcode: 0x0098 Length: 16 Data: 74 65 73 74 6D 61 67 65 00 00 00 00 00 00 00 00 
[09.02.2012 10:27:01] (Debug) Unhandled interpacket: Opcode: 0x0098 Length: 16 Data: 53 74 61 6E 00 00 00 00 00 00 00 00 00 00 00 00 
[09.02.2012 10:27:01] (Debug) Unhandled interpacket: Opcode: 0x0098 Length: 16 Data: 74 65 73 74 6D 61 67 65 00 00 00 00 00 00 00 00 
[09.02.2012 10:27:04] (Debug) Unhandled interpacket: Opcode: 0x0098 Length: 16 Data: 53 74 61 6E 00 00 00 00 00 00 00 00 00 00 00 00 
[09.02.2012 10:27:04] (Debug) Unhandled interpacket: Opcode: 0x0098 Length: 16 Data: 74 65 73 74 6D 61 67 65 00 00 00 00 00 00 00 00 
[09.02.2012 10:27:07] (Debug) Unhandled interpacket: Opcode: 0x0098 Length: 16 Data: 53 74 61 6E 00 00 00 00 00 00 00 00 00 00 00 00 
[09.02.2012 10:27:07] (Debug) Unhandled interpacket: Opcode: 0x0098 Length: 16 Data: 74 65 73 74 6D 61 67 65 00 00 00 00 00 00 00 00 
[09.02.2012 10:27:10] (Debug) Unhandled interpacket: Opcode: 0x0098 Length: 16 Data: 53 74 61 6E 00 00 00 00 00 00 00 00 00 00 00 00 
[09.02.2012 10:27:10] (Debug) Unhandled interpacket: Opcode: 0x0098 Length: 16 Data: 74 65 73 74 6D 61 67 65 00 00 00 00 00 00 00 00 
[09.02.2012 10:27:13] (Debug) Unhandled interpacket: Opcode: 0x0098 Length: 16 Data: 53 74 61 6E 00 00 00 00 00 00 00 00 00 00 00 00 
[09.02.2012 10:27:13] (Debug) Unhandled interpacket: Opcode: 0x0098 Length: 16 Data: 74 65 73 74 6D 61 67 65 00 00 00 00 00 00 00 00 
[09.02.2012 10:27:16] (Debug) Unhandled interpacket: Opcode: 0x0098 Length: 16 Data: 53 74 61 6E 00 00 00 00 00 00 00 00 00 00 00 00 
[09.02.2012 10:27:16] (Debug) Unhandled interpacket: Opcode: 0x0098 Length: 16 Data: 74 65 73 74 6D 61 67 65 00 00 00 00 00 00 00 00 
[09.02.2012 10:27:19] (Debug) Unhandled interpacket: Opcode: 0x0098 Length: 16 Data: 53 74 61 6E 00 00 00 00 00 00 00 00 00 00 00 00 
[09.02.2012 10:27:19] (Debug) Unhandled interpacket: Opcode: 0x0098 Length: 16 Data: 74 65 73 74 6D 61 67 65 00 00 00 00 00 00 00 00 
[09.02.2012 10:27:22] (Debug) Unhandled interpacket: Opcode: 0x0098 Length: 16 Data: 53 74 61 6E 00 00 00 00 00 00 00 00 00 00 00 00 
[09.02.2012 10:27:22] (Debug) Unhandled interpacket: Opcode: 0x0098 Length: 16 Data: 74 65 73 74 6D 61 67 65 00 00 00 00 00 00 00 00 
[09.02.2012 10:27:25] (Debug) Unhandled interpacket: Opcode: 0x0098 Length: 16 Data: 53 74 61 6E 00 00 00 00 00 00 00 00 00 00 00 00 
[09.02.2012 10:27:25] (Debug) Unhandled interpacket: Opcode: 0x0098 Length: 16 Data: 74 65 73 74 6D 61 67 65 00 00 00 00 00 00 00 00 
[09.02.2012 10:27:28] (Debug) Unhandled interpacket: Opcode: 0x0098 Length: 16 Data: 53 74 61 6E 00 00 00 00 00 00 00 00 00 00 00 00 
[09.02.2012 10:27:28] (Debug) Unhandled interpacket: Opcode: 0x0098 Length: 16 Data: 74 65 73 74 6D 61 67 65 00 00 00 00 00 00 00 00 
[09.02.2012 10:27:31] (Debug) Unhandled interpacket: Opcode: 0x0098 Length: 16 Data: 53 74 61 6E 00 00 00 00 00 00 00 00 00 00 00 00 
[09.02.2012 10:27:31] (Debug) Unhandled interpacket: Opcode: 0x0098 Length: 16 Data: 74 65 73 74 6D 61 67 65 00 00 00 00 00 00 00 00 
[09.02.2012 10:27:34] (Debug) Unhandled interpacket: Opcode: 0x0098 Length: 16 Data: 53 74 61 6E 00 00 00 00 00 00 00 00 00 00 00 00 
[09.02.2012 10:27:34] (Debug) Unhandled interpacket: Opcode: 0x0098 Length: 16 Data: 74 65 73 74 6D 61 67 65 00 00 00 00 00 00 00 00 
[09.02.2012 10:27:37] (Debug) Unhandled interpacket: Opcode: 0x0098 Length: 16 Data: 53 74 61 6E 00 00 00 00 00 00 00 00 00 00 00 00 
[09.02.2012 10:27:37] (Debug) Unhandled interpacket: Opcode: 0x0098 Length: 16 Data: 74 65 73 74 6D 61 67 65 00 00 00 00 00 00 00 00 
[09.02.2012 10:27:40] (Debug) Unhandled interpacket: Opcode: 0x0098 Length: 16 Data: 53 74 61 6E 00 00 00 00 00 00 00 00 00 00 00 00 
[09.02.2012 10:27:40] (Debug) Unhandled interpacket: Opcode: 0x0098 Length: 16 Data: 74 65 73 74 6D 61 67 65 00 00 00 00 00 00 00 00 
[09.02.2012 10:27:43] (Debug) Unhandled interpacket: Opcode: 0x0098 Length: 16 Data: 53 74 61 6E 00 00 00 00 00 00 00 00 00 00 00 00 
[09.02.2012 10:27:43] (Debug) Unhandled interpacket: Opcode: 0x0098 Length: 16 Data: 74 65 73 74 6D 61 67 65 00 00 00 00 00 00 00 00 
[09.02.2012 10:27:46] (Debug) Unhandled interpacket: Opcode: 0x0098 Length: 16 Data: 53 74 61 6E 00 00 00 00 00 00 00 00 00 00 00 00 
[09.02.2012 10:27:46] (Debug) Unhandled interpacket: Opcode: 0x0098 Length: 16 Data: 74 65 73 74 6D 61 67 65 00 00 00 00 00 00 00 00 
[09.02.2012 10:27:49] (Debug) Unhandled interpacket: Opcode: 0x0098 Length: 16 Data: 53 74 61 6E 00 00 00 00 00 00 00 00 00 00 00 00 
[09.02.2012 10:27:49] (Debug) Unhandled interpacket: Opcode: 0x0098 Length: 16 Data: 74 65 73 74 6D 61 67 65 00 00 00 00 00 00 00 00 
[09.02.2012 10:27:52] (Debug) Unhandled interpacket: Opcode: 0x0098 Length: 16 Data: 53 74 61 6E 00 00 00 00 00 00 00 00 00 00 00 00 
[09.02.2012 10:27:52] (Debug) Unhandled interpacket: Opcode: 0x0098 Length: 16 Data: 74 65 73 74 6D 61 67 65 00 00 00 00 00 00 00 00 
[09.02.2012 10:27:55] (Debug) Unhandled interpacket: Opcode: 0x0098 Length: 16 Data: 53 74 61 6E 00 00 00 00 00 00 00 00 00 00 00 00 
[09.02.2012 10:27:55] (Debug) Unhandled interpacket: Opcode: 0x0098 Length: 16 Data: 74 65 73 74 6D 61 67 65 00 00 00 00 00 00 00 00 
[09.02.2012 10:27:58] (Debug) Unhandled interpacket: Opcode: 0x0098 Length: 16 Data: 53 74 61 6E 00 00 00 00 00 00 00 00 00 00 00 00 
[09.02.2012 10:27:58] (Debug) Unhandled interpacket: Opcode: 0x0098 Length: 16 Data: 74 65 73 74 6D 61 67 65 00 00 00 00 00 00 00 00 
[09.02.2012 10:28:01] (Debug) Unhandled interpacket: Opcode: 0x0098 Length: 16 Data: 53 74 61 6E 00 00 00 00 00 00 00 00 00 00 00 00 
[09.02.2012 10:28:01] (Debug) Unhandled interpacket: Opcode: 0x0098 Length: 16 Data: 74 65 73 74 6D 61 67 65 00 00 00 00 00 00 00 00 
[09.02.2012 10:28:04] (Debug) Unhandled interpacket: Opcode: 0x0098 Length: 16 Data: 53 74 61 6E 00 00 00 00 00 00 00 00 00 00 00 00 
[09.02.2012 10:28:04] (Debug) Unhandled interpacket: Opcode: 0x0098 Length: 16 Data: 74 65 73 74 6D 61 67 65 00 00 00 00 00 00 00 00 
[09.02.2012 10:28:07] (Debug) Unhandled interpacket: Opcode: 0x0098 Length: 16 Data: 53 74 61 6E 00 00 00 00 00 00 00 00 00 00 00 00 
[09.02.2012 10:28:07] (Debug) Unhandled interpacket: Opcode: 0x0098 Length: 16 Data: 74 65 73 74 6D 61 67 65 00 00 00 00 00 00 00 00 
[09.02.2012 10:28:10] (Debug) Unhandled interpacket: Opcode: 0x0098 Length: 16 Data: 53 74 61 6E 00 00 00 00 00 00 00 00 00 00 00 00 
[09.02.2012 10:28:10] (Debug) Unhandled interpacket: Opcode: 0x0098 Length: 16 Data: 74 65 73 74 6D 61 67 65 00 00 00 00 00 00 00 00 
[09.02.2012 10:28:13] (Debug) Unhandled interpacket: Opcode: 0x0098 Length: 16 Data: 53 74 61 6E 00 00 00 00 00 00 00 00 00 00 00 00 
[09.02.2012 10:28:13] (Debug) Unhandled interpacket: Opcode: 0x0098 Length: 16 Data: 74 65 73 74 6D 61 67 65 00 00 00 00 00 00 00 00 
[09.02.2012 10:28:16] (Debug) Unhandled interpacket: Opcode: 0x0098 Length: 16 Data: 53 74 61 6E 00 00 00 00 00 00 00 00 00 00 00 00 
[09.02.2012 10:28:16] (Debug) Unhandled interpacket: Opcode: 0x0098 Length: 16 Data: 74 65 73 74 6D 61 67 65 00 00 00 00 00 00 00 00 
[09.02.2012 10:28:19] (Debug) Unhandled interpacket: Opcode: 0x0098 Length: 16 Data: 53 74 61 6E 00 00 00 00 00 00 00 00 00 00 00 00 
[09.02.2012 10:28:19] (Debug) Unhandled interpacket: Opcode: 0x0098 Length: 16 Data: 74 65 73 74 6D 61 67 65 00 00 00 00 00 00 00 00 
[09.02.2012 10:28:22] (Debug) Unhandled interpacket: Opcode: 0x0098 Length: 16 Data: 53 74 61 6E 00 00 00 00 00 00 00 00 00 00 00 00 
[09.02.2012 10:28:22] (Debug) Unhandled interpacket: Opcode: 0x0098 Length: 16 Data: 74 65 73 74 6D 61 67 65 00 00 00 00 00 00 00 00 
[09.02.2012 10:28:25] (Debug) Unhandled interpacket: Opcode: 0x0098 Length: 16 Data: 53 74 61 6E 00 00 00 00 00 00 00 00 00 00 00 00 
[09.02.2012 10:28:25] (Debug) Unhandled interpacket: Opcode: 0x0098 Length: 16 Data: 74 65 73 74 6D 61 67 65 00 00 00 00 00 00 00 00 
[09.02.2012 10:28:28] (Debug) Unhandled interpacket: Opcode: 0x0098 Length: 16 Data: 53 74 61 6E 00 00 00 00 00 00 00 00 00 00 00 00 
[09.02.2012 10:28:28] (Debug) Unhandled interpacket: Opcode: 0x0098 Length: 16 Data: 74 65 73 74 6D 61 67 65 00 00 00 00 00 00 00 00 
[09.02.2012 10:28:31] (Debug) Unhandled interpacket: Opcode: 0x0098 Length: 16 Data: 53 74 61 6E 00 00 00 00 00 00 00 00 00 00 00 00 
[09.02.2012 10:28:31] (Debug) Unhandled interpacket: Opcode: 0x0098 Length: 16 Data: 74 65 73 74 6D 61 67 65 00 00 00 00 00 00 00 00 
[09.02.2012 10:28:34] (Debug) Unhandled interpacket: Opcode: 0x0098 Length: 16 Data: 53 74 61 6E 00 00 00 00 00 00 00 00 00 00 00 00 
[09.02.2012 10:28:34] (Debug) Unhandled interpacket: Opcode: 0x0098 Length: 16 Data: 74 65 73 74 6D 61 67 65 00 00 00 00 00 00 00 00 
[09.02.2012 10:28:37] (Debug) Unhandled interpacket: Opcode: 0x0098 Length: 16 Data: 53 74 61 6E 00 00 00 00 00 00 00 00 00 00 00 00 
[09.02.2012 10:28:37] (Debug) Unhandled interpacket: Opcode: 0x0098 Length: 16 Data: 74 65 73 74 6D 61 67 65 00 00 00 00 00 00 00 00 
[09.02.2012 10:28:40] (Debug) Unhandled interpacket: Opcode: 0x0098 Length: 16 Data: 53 74 61 6E 00 00 00 00 00 00 00 00 00 00 00 00 
[09.02.2012 10:28:40] (Debug) Unhandled interpacket: Opcode: 0x0098 Length: 16 Data: 74 65 73 74 6D 61 67 65 00 00 00 00 00 00 00 00 
[09.02.2012 10:28:47] (Debug) Unhandled interpacket: Opcode: 0x0098 Length: 16 Data: 53 74 61 6E 00 00 00 00 00 00 00 00 00 00 00 00 
[09.02.2012 10:28:47] (Debug) Unhandled interpacket: Opcode: 0x0098 Length: 16 Data: 74 65 73 74 6D 61 67 65 00 00 00 00 00 00 00 00 
[09.02.2012 10:28:50] (Debug) Unhandled interpacket: Opcode: 0x0098 Length: 16 Data: 53 74 61 6E 00 00 00 00 00 00 00 00 00 00 00 00 
[09.02.2012 10:28:50] (Debug) Unhandled interpacket: Opcode: 0x0098 Length: 16 Data: 74 65 73 74 6D 61 67 65 00 00 00 00 00 00 00 00 
[09.02.2012 10:28:53] (Debug) Unhandled interpacket: Opcode: 0x0098 Length: 16 Data: 53 74 61 6E 00 00 00 00 00 00 00 00 00 00 00 00 
[09.02.2012 10:28:53] (Debug) Unhandled interpacket: Opcode: 0x0098 Length: 16 Data: 74 65 73 74 6D 61 67 65 00 00 00 00 00 00 00 00 
[09.02.2012 10:28:56] (Debug) Unhandled interpacket: Opcode: 0x0098 Length: 16 Data: 53 74 61 6E 00 00 00 00 00 00 00 00 00 00 00 00 
[09.02.2012 10:28:56] (Debug) Unhandled interpacket: Opcode: 0x0098 Length: 16 Data: 74 65 73 74 6D 61 67 65 00 00 00 00 00 00 00 00 
[09.02.2012 10:28:59] (Debug) Unhandled interpacket: Opcode: 0x0098 Length: 16 Data: 74 65 73 74 6D 61 67 65 00 00 00 00 00 00 00 00 
[09.02.2012 10:28:59] (Debug) Unhandled interpacket: Opcode: 0x0098 Length: 16 Data: 53 74 61 6E 00 00 00 00 00 00 00 00 00 00 00 00 
[09.02.2012 10:29:02] (Debug) Unhandled interpacket: Opcode: 0x0098 Length: 16 Data: 74 65 73 74 6D 61 67 65 00 00 00 00 00 00 00 00 
[09.02.2012 10:29:02] (Debug) Unhandled interpacket: Opcode: 0x0098 Length: 16 Data: 53 74 61 6E 00 00 00 00 00 00 00 00 00 00 00 00 
[09.02.2012 10:29:05] (Debug) Unhandled interpacket: Opcode: 0x0098 Length: 16 Data: 53 74 61 6E 00 00 00 00 00 00 00 00 00 00 00 00 
[09.02.2012 10:29:05] (Debug) Unhandled interpacket: Opcode: 0x0098 Length: 16 Data: 74 65 73 74 6D 61 67 65 00 00 00 00 00 00 00 00 
[09.02.2012 10:29:08] (Debug) Unhandled interpacket: Opcode: 0x0098 Length: 16 Data: 53 74 61 6E 00 00 00 00 00 00 00 00 00 00 00 00 
[09.02.2012 10:29:08] (Debug) Unhandled interpacket: Opcode: 0x0098 Length: 16 Data: 74 65 73 74 6D 61 67 65 00 00 00 00 00 00 00 00 
[09.02.2012 10:29:11] (Debug) Unhandled interpacket: Opcode: 0x0098 Length: 16 Data: 53 74 61 6E 00 00 00 00 00 00 00 00 00 00 00 00 
[09.02.2012 10:29:11] (Debug) Unhandled interpacket: Opcode: 0x0098 Length: 16 Data: 74 65 73 74 6D 61 67 65 00 00 00 00 00 00 00 00 
[09.02.2012 10:29:14] (Debug) Unhandled interpacket: Opcode: 0x0098 Length: 16 Data: 53 74 61 6E 00 00 00 00 00 00 00 00 00 00 00 00 
[09.02.2012 10:29:14] (Debug) Unhandled interpacket: Opcode: 0x0098 Length: 16 Data: 74 65 73 74 6D 61 67 65 00 00 00 00 00 00 00 00 
[09.02.2012 10:29:17] (Debug) Unhandled interpacket: Opcode: 0x0098 Length: 16 Data: 53 74 61 6E 00 00 00 00 00 00 00 00 00 00 00 00 
[09.02.2012 10:29:17] (Debug) Unhandled interpacket: Opcode: 0x0098 Length: 16 Data: 74 65 73 74 6D 61 67 65 00 00 00 00 00 00 00 00 
[09.02.2012 10:29:20] (Debug) Unhandled interpacket: Opcode: 0x0098 Length: 16 Data: 74 65 73 74 6D 61 67 65 00 00 00 00 00 00 00 00 
[09.02.2012 10:29:20] (Debug) Unhandled interpacket: Opcode: 0x0098 Length: 16 Data: 53 74 61 6E 00 00 00 00 00 00 00 00 00 00 00 00 
[09.02.2012 10:29:23] (Debug) Unhandled interpacket: Opcode: 0x0098 Length: 16 Data: 53 74 61 6E 00 00 00 00 00 00 00 00 00 00 00 00 
[09.02.2012 10:29:23] (Debug) Unhandled interpacket: Opcode: 0x0098 Length: 16 Data: 74 65 73 74 6D 61 67 65 00 00 00 00 00 00 00 00 
[09.02.2012 10:29:26] (Debug) Unhandled interpacket: Opcode: 0x0098 Length: 16 Data: 53 74 61 6E 00 00 00 00 00 00 00 00 00 00 00 00 
[09.02.2012 10:29:26] (Debug) Unhandled interpacket: Opcode: 0x0098 Length: 16 Data: 74 65 73 74 6D 61 67 65 00 00 00 00 00 00 00 00 
[09.02.2012 10:29:29] (Debug) Unhandled interpacket: Opcode: 0x0098 Length: 16 Data: 74 65 73 74 6D 61 67 65 00 00 00 00 00 00 00 00 
[09.02.2012 10:29:29] (Debug) Unhandled interpacket: Opcode: 0x0098 Length: 16 Data: 53 74 61 6E 00 00 00 00 00 00 00 00 00 00 00 00 
[09.02.2012 10:29:32] (Debug) Unhandled interpacket: Opcode: 0x0098 Length: 16 Data: 74 65 73 74 6D 61 67 65 00 00 00 00 00 00 00 00 
[09.02.2012 10:29:32] (Debug) Unhandled interpacket: Opcode: 0x0098 Length: 16 Data: 53 74 61 6E 00 00 00 00 00 00 00 00 00 00 00 00 
[09.02.2012 10:29:35] (Debug) Unhandled interpacket: Opcode: 0x0098 Length: 16 Data: 53 74 61 6E 00 00 00 00 00 00 00 00 00 00 00 00 
[09.02.2012 10:29:35] (Debug) Unhandled interpacket: Opcode: 0x0098 Length: 16 Data: 74 65 73 74 6D 61 67 65 00 00 00 00 00 00 00 00 
[09.02.2012 10:29:38] (Debug) Unhandled interpacket: Opcode: 0x0098 Length: 16 Data: 74 65 73 74 6D 61 67 65 00 00 00 00 00 00 00 00 
[09.02.2012 10:29:38] (Debug) Unhandled interpacket: Opcode: 0x0098 Length: 16 Data: 53 74 61 6E 00 00 00 00 00 00 00 00 00 00 00 00 
[09.02.2012 10:29:41] (Debug) Unhandled interpacket: Opcode: 0x0098 Length: 16 Data: 74 65 73 74 6D 61 67 65 00 00 00 00 00 00 00 00 
[09.02.2012 10:29:41] (Debug) Unhandled interpacket: Opcode: 0x0098 Length: 16 Data: 53 74 61 6E 00 00 00 00 00 00 00 00 00 00 00 00 
[09.02.2012 10:29:44] (Debug) Unhandled interpacket: Opcode: 0x0098 Length: 16 Data: 53 74 61 6E 00 00 00 00 00 00 00 00 00 00 00 00 
[09.02.2012 10:29:44] (Debug) Unhandled interpacket: Opcode: 0x0098 Length: 16 Data: 74 65 73 74 6D 61 67 65 00 00 00 00 00 00 00 00 
[09.02.2012 10:29:47] (Debug) Unhandled interpacket: Opcode: 0x0098 Length: 16 Data: 74 65 73 74 6D 61 67 65 00 00 00 00 00 00 00 00 
[09.02.2012 10:29:47] (Debug) Unhandled interpacket: Opcode: 0x0098 Length: 16 Data: 53 74 61 6E 00 00 00 00 00 00 00 00 00 00 00 00 
[09.02.2012 10:29:50] (Debug) Unhandled interpacket: Opcode: 0x0098 Length: 16 Data: 74 65 73 74 6D 61 67 65 00 00 00 00 00 00 00 00 
[09.02.2012 10:29:50] (Debug) Unhandled interpacket: Opcode: 0x0098 Length: 16 Data: 53 74 61 6E 00 00 00 00 00 00 00 00 00 00 00 00 
[09.02.2012 10:29:53] (Debug) Unhandled interpacket: Opcode: 0x0098 Length: 16 Data: 53 74 61 6E 00 00 00 00 00 00 00 00 00 00 00 00 
[09.02.2012 10:29:53] (Debug) Unhandled interpacket: Opcode: 0x0098 Length: 16 Data: 74 65 73 74 6D 61 67 65 00 00 00 00 00 00 00 00 
[09.02.2012 10:29:56] (Debug) Unhandled interpacket: Opcode: 0x0098 Length: 16 Data: 74 65 73 74 6D 61 67 65 00 00 00 00 00 00 00 00 
[09.02.2012 10:29:56] (Debug) Unhandled interpacket: Opcode: 0x0098 Length: 16 Data: 53 74 61 6E 00 00 00 00 00 00 00 00 00 00 00 00 
[09.02.2012 10:30:29] (Debug) Unhandled interpacket: Opcode: 0x0098 Length: 16 Data: 53 74 61 6E 00 00 00 00 00 00 00 00 00 00 00 00 
[09.02.2012 10:30:37] (Debug) Unhandled interpacket: Opcode: 0x0098 Length: 16 Data: 74 65 73 74 6D 61 67 65 00 00 00 00 00 00 00 00 
[09.02.2012 10:31:48] (Debug) Unhandled interpacket: Opcode: 0x0098 Length: 16 Data: 74 65 73 74 6D 61 67 65 00 00 00 00 00 00 00 00 
[09.02.2012 10:31:51] (Debug) Unhandled interpacket: Opcode: 0x0098 Length: 16 Data: 53 74 61 6E 00 00 00 00 00 00 00 00 00 00 00 00 
[09.02.2012 10:31:53] (Debug) Unhandled interpacket: Opcode: 0x0098 Length: 16 Data: 74 65 73 74 6D 61 67 65 00 00 00 00 00 00 00 00 
[09.02.2012 10:31:54] (Debug) Unhandled interpacket: Opcode: 0x0098 Length: 16 Data: 53 74 61 6E 00 00 00 00 00 00 00 00 00 00 00 00 
[09.02.2012 10:31:59] (Debug) Unhandled interpacket: Opcode: 0x0098 Length: 16 Data: 74 65 73 74 6D 61 67 65 00 00 00 00 00 00 00 00 
[09.02.2012 10:32:22] (Debug) Unhandled interpacket: Opcode: 0x0098 Length: 16 Data: 74 65 73 74 6D 61 67 65 00 00 00 00 00 00 00 00 
[09.02.2012 10:32:30] (Debug) Unhandled interpacket: Opcode: 0x0098 Length: 16 Data: 74 65 73 74 6D 61 67 65 00 00 00 00 00 00 00 00 
[09.02.2012 10:32:30] (Debug) Unhandled interpacket: Opcode: 0x0098 Length: 16 Data: 53 74 61 6E 00 00 00 00 00 00 00 00 00 00 00 00 
[09.02.2012 10:32:46] (Debug) Unhandled interpacket: Opcode: 0x0098 Length: 16 Data: 74 65 73 74 6D 61 67 65 00 00 00 00 00 00 00 00 
[09.02.2012 10:32:46] (Debug) Unhandled interpacket: Opcode: 0x0098 Length: 16 Data: 53 74 61 6E 00 00 00 00 00 00 00 00 00 00 00 00 
[09.02.2012 10:32:52] (Debug) Unhandled interpacket: Opcode: 0x0098 Length: 16 Data: 74 65 73 74 6D 61 67 65 00 00 00 00 00 00 00 00 
[09.02.2012 10:32:52] (Debug) Unhandled interpacket: Opcode: 0x0098 Length: 16 Data: 53 74 61 6E 00 00 00 00 00 00 00 00 00 00 00 00 
[09.02.2012 10:33:11] (Debug) Unhandled interpacket: Opcode: 0x0098 Length: 16 Data: 74 65 73 74 6D 61 67 65 00 00 00 00 00 00 00 00 
[09.02.2012 10:33:11] (Debug) Unhandled interpacket: Opcode: 0x0098 Length: 16 Data: 53 74 61 6E 00 00 00 00 00 00 00 00 00 00 00 00 
[09.02.2012 10:33:14] (Debug) Unhandled interpacket: Opcode: 0x0098 Length: 16 Data: 74 65 73 74 6D 61 67 65 00 00 00 00 00 00 00 00 
[09.02.2012 10:33:16] (Debug) Unhandled interpacket: Opcode: 0x0098 Length: 16 Data: 53 74 61 6E 00 00 00 00 00 00 00 00 00 00 00 00 
[09.02.2012 10:34:19] (Debug) Unhandled interpacket: Opcode: 0x0098 Length: 16 Data: 53 74 61 6E 00 00 00 00 00 00 00 00 00 00 00 00 
[09.02.2012 10:35:09] (Debug) Unhandled interpacket: Opcode: 0x0098 Length: 16 Data: 74 65 73 74 6D 61 67 65 00 00 00 00 00 00 00 00 
[09.02.2012 10:35:11] (Debug) Unhandled interpacket: Opcode: 0x0098 Length: 16 Data: 53 74 61 6E 00 00 00 00 00 00 00 00 00 00 00 00 
[09.02.2012 10:35:13] (Debug) Unhandled interpacket: Opcode: 0x0098 Length: 16 Data: 74 65 73 74 6D 61 67 65 00 00 00 00 00 00 00 00 
[09.02.2012 10:35:16] (Debug) Unhandled interpacket: Opcode: 0x0098 Length: 16 Data: 53 74 61 6E 00 00 00 00 00 00 00 00 00 00 00 00 
[09.02.2012 10:35:18] (Debug) Unhandled interpacket: Opcode: 0x0098 Length: 16 Data: 74 65 73 74 6D 61 67 65 00 00 00 00 00 00 00 00 
[09.02.2012 10:35:19] (Debug) Unhandled interpacket: Opcode: 0x0098 Length: 16 Data: 53 74 61 6E 00 00 00 00 00 00 00 00 00 00 00 00 
[09.02.2012 10:35:21] (Debug) Unhandled interpacket: Opcode: 0x0098 Length: 16 Data: 74 65 73 74 6D 61 67 65 00 00 00 00 00 00 00 00 
[09.02.2012 10:35:22] (Debug) Unhandled interpacket: Opcode: 0x0098 Length: 16 Data: 53 74 61 6E 00 00 00 00 00 00 00 00 00 00 00 00 
[09.02.2012 10:35:24] (Debug) Unhandled interpacket: Opcode: 0x0098 Length: 16 Data: 74 65 73 74 6D 61 67 65 00 00 00 00 00 00 00 00 
[09.02.2012 10:35:25] (Debug) Unhandled interpacket: Opcode: 0x0098 Length: 16 Data: 53 74 61 6E 00 00 00 00 00 00 00 00 00 00 00 00 
[09.02.2012 10:35:27] (Debug) Unhandled interpacket: Opcode: 0x0098 Length: 16 Data: 74 65 73 74 6D 61 67 65 00 00 00 00 00 00 00 00 
[09.02.2012 10:35:28] (Debug) Unhandled interpacket: Opcode: 0x0098 Length: 16 Data: 53 74 61 6E 00 00 00 00 00 00 00 00 00 00 00 00 
[09.02.2012 10:35:33] (Debug) Unhandled interpacket: Opcode: 0x0098 Length: 16 Data: 53 74 61 6E 00 00 00 00 00 00 00 00 00 00 00 00 
[09.02.2012 10:35:36] (Debug) Unhandled interpacket: Opcode: 0x0098 Length: 16 Data: 53 74 61 6E 00 00 00 00 00 00 00 00 00 00 00 00 
[09.02.2012 10:35:36] (Debug) Unhandled interpacket: Opcode: 0x0098 Length: 16 Data: 74 65 73 74 6D 61 67 65 00 00 00 00 00 00 00 00 
[09.02.2012 10:35:39] (Debug) Unhandled interpacket: Opcode: 0x0098 Length: 16 Data: 53 74 61 6E 00 00 00 00 00 00 00 00 00 00 00 00 
[09.02.2012 10:35:39] (Debug) Unhandled interpacket: Opcode: 0x0098 Length: 16 Data: 74 65 73 74 6D 61 67 65 00 00 00 00 00 00 00 00 
[09.02.2012 10:35:42] (Debug) Unhandled interpacket: Opcode: 0x0098 Length: 16 Data: 53 74 61 6E 00 00 00 00 00 00 00 00 00 00 00 00 
[09.02.2012 10:35:42] (Debug) Unhandled interpacket: Opcode: 0x0098 Length: 16 Data: 74 65 73 74 6D 61 67 65 00 00 00 00 00 00 00 00 
[09.02.2012 10:35:45] (Debug) Unhandled interpacket: Opcode: 0x0098 Length: 16 Data: 53 74 61 6E 00 00 00 00 00 00 00 00 00 00 00 00 
[09.02.2012 10:35:45] (Debug) Unhandled interpacket: Opcode: 0x0098 Length: 16 Data: 74 65 73 74 6D 61 67 65 00 00 00 00 00 00 00 00 
[09.02.2012 10:35:48] (Debug) Unhandled interpacket: Opcode: 0x0098 Length: 16 Data: 53 74 61 6E 00 00 00 00 00 00 00 00 00 00 00 00 
[09.02.2012 10:35:48] (Debug) Unhandled interpacket: Opcode: 0x0098 Length: 16 Data: 74 65 73 74 6D 61 67 65 00 00 00 00 00 00 00 00 
[09.02.2012 10:35:51] (Debug) Unhandled interpacket: Opcode: 0x0098 Length: 16 Data: 53 74 61 6E 00 00 00 00 00 00 00 00 00 00 00 00 
[09.02.2012 10:35:51] (Debug) Unhandled interpacket: Opcode: 0x0098 Length: 16 Data: 74 65 73 74 6D 61 67 65 00 00 00 00 00 00 00 00 
[09.02.2012 10:35:54] (Debug) Unhandled interpacket: Opcode: 0x0098 Length: 16 Data: 53 74 61 6E 00 00 00 00 00 00 00 00 00 00 00 00 
[09.02.2012 10:37:53] (Debug) Unhandled interpacket: Opcode: 0x0098 Length: 16 Data: 74 65 73 74 6D 61 67 65 00 00 00 00 00 00 00 00 
[09.02.2012 10:37:53] (Debug) Unhandled interpacket: Opcode: 0x0098 Length: 16 Data: 53 74 61 6E 00 00 00 00 00 00 00 00 00 00 00 00 
[09.02.2012 10:37:56] (Debug) Unhandled interpacket: Opcode: 0x0098 Length: 16 Data: 53 74 61 6E 00 00 00 00 00 00 00 00 00 00 00 00 
[09.02.2012 10:37:56] (Debug) Unhandled interpacket: Opcode: 0x0098 Length: 16 Data: 74 65 73 74 6D 61 67 65 00 00 00 00 00 00 00 00 
[09.02.2012 10:37:59] (Debug) Unhandled interpacket: Opcode: 0x0098 Length: 16 Data: 53 74 61 6E 00 00 00 00 00 00 00 00 00 00 00 00 
[09.02.2012 10:37:59] (Debug) Unhandled interpacket: Opcode: 0x0098 Length: 16 Data: 74 65 73 74 6D 61 67 65 00 00 00 00 00 00 00 00 
[09.02.2012 10:38:02] (Debug) Unhandled interpacket: Opcode: 0x0098 Length: 16 Data: 74 65 73 74 6D 61 67 65 00 00 00 00 00 00 00 00 
[09.02.2012 10:38:02] (Debug) Unhandled interpacket: Opcode: 0x0098 Length: 16 Data: 53 74 61 6E 00 00 00 00 00 00 00 00 00 00 00 00 
[09.02.2012 10:38:06] (Debug) Unhandled interpacket: Opcode: 0x0098 Length: 16 Data: 74 65 73 74 6D 61 67 65 00 00 00 00 00 00 00 00 
[09.02.2012 10:38:06] (Debug) Unhandled interpacket: Opcode: 0x0098 Length: 16 Data: 53 74 61 6E 00 00 00 00 00 00 00 00 00 00 00 00 
[09.02.2012 10:38:09] (Debug) Unhandled interpacket: Opcode: 0x0098 Length: 16 Data: 53 74 61 6E 00 00 00 00 00 00 00 00 00 00 00 00 
[09.02.2012 10:38:15] (Debug) Unhandled interpacket: Opcode: 0x0098 Length: 16 Data: 53 74 61 6E 00 00 00 00 00 00 00 00 00 00 00 00 
[09.02.2012 10:38:18] (Debug) Unhandled interpacket: Opcode: 0x0098 Length: 16 Data: 74 65 73 74 6D 61 67 65 00 00 00 00 00 00 00 00 
[09.02.2012 10:38:18] (Debug) Unhandled interpacket: Opcode: 0x0098 Length: 16 Data: 53 74 61 6E 00 00 00 00 00 00 00 00 00 00 00 00 
[09.02.2012 10:38:21] (Debug) Unhandled interpacket: Opcode: 0x0098 Length: 16 Data: 74 65 73 74 6D 61 67 65 00 00 00 00 00 00 00 00 
[09.02.2012 10:38:21] (Debug) Unhandled interpacket: Opcode: 0x0098 Length: 16 Data: 53 74 61 6E 00 00 00 00 00 00 00 00 00 00 00 00 
[09.02.2012 10:38:24] (Debug) Unhandled interpacket: Opcode: 0x0098 Length: 16 Data: 74 65 73 74 6D 61 67 65 00 00 00 00 00 00 00 00 
[09.02.2012 10:38:24] (Debug) Unhandled interpacket: Opcode: 0x0098 Length: 16 Data: 53 74 61 6E 00 00 00 00 00 00 00 00 00 00 00 00 
[09.02.2012 10:38:27] (Debug) Unhandled interpacket: Opcode: 0x0098 Length: 16 Data: 74 65 73 74 6D 61 67 65 00 00 00 00 00 00 00 00 
[09.02.2012 10:38:27] (Debug) Unhandled interpacket: Opcode: 0x0098 Length: 16 Data: 53 74 61 6E 00 00 00 00 00 00 00 00 00 00 00 00 
[09.02.2012 10:38:30] (Debug) Unhandled interpacket: Opcode: 0x0098 Length: 16 Data: 74 65 73 74 6D 61 67 65 00 00 00 00 00 00 00 00 
[09.02.2012 10:38:30] (Debug) Unhandled interpacket: Opcode: 0x0098 Length: 16 Data: 53 74 61 6E 00 00 00 00 00 00 00 00 00 00 00 00 
[09.02.2012 10:38:46] (Debug) Unhandled interpacket: Opcode: 0x0098 Length: 16 Data: 53 74 61 6E 00 00 00 00 00 00 00 00 00 00 00 00 
[09.02.2012 10:41:31] (Debug) Unhandled interpacket: Opcode: 0x0098 Length: 16 Data: 74 65 73 74 6D 61 67 65 00 00 00 00 00 00 00 00 
[09.02.2012 10:41:31] (Debug) Unhandled interpacket: Opcode: 0x0098 Length: 16 Data: 53 74 61 6E 00 00 00 00 00 00 00 00 00 00 00 00 
[09.02.2012 10:41:34] (Debug) Unhandled interpacket: Opcode: 0x0098 Length: 16 Data: 53 74 61 6E 00 00 00 00 00 00 00 00 00 00 00 00 
[09.02.2012 10:41:34] (Debug) Unhandled interpacket: Opcode: 0x0098 Length: 16 Data: 74 65 73 74 6D 61 67 65 00 00 00 00 00 00 00 00 
[09.02.2012 10:41:37] (Debug) Unhandled interpacket: Opcode: 0x0098 Length: 16 Data: 74 65 73 74 6D 61 67 65 00 00 00 00 00 00 00 00 
[09.02.2012 10:41:37] (Debug) Unhandled interpacket: Opcode: 0x0098 Length: 16 Data: 53 74 61 6E 00 00 00 00 00 00 00 00 00 00 00 00 
[09.02.2012 10:41:40] (Debug) Unhandled interpacket: Opcode: 0x0098 Length: 16 Data: 53 74 61 6E 00 00 00 00 00 00 00 00 00 00 00 00 
[09.02.2012 10:41:40] (Debug) Unhandled interpacket: Opcode: 0x0098 Length: 16 Data: 74 65 73 74 6D 61 67 65 00 00 00 00 00 00 00 00 
[09.02.2012 10:41:43] (Debug) Unhandled interpacket: Opcode: 0x0098 Length: 16 Data: 53 74 61 6E 00 00 00 00 00 00 00 00 00 00 00 00 
[09.02.2012 10:41:43] (Debug) Unhandled interpacket: Opcode: 0x0098 Length: 16 Data: 74 65 73 74 6D 61 67 65 00 00 00 00 00 00 00 00 
[09.02.2012 10:41:46] (Debug) Unhandled interpacket: Opcode: 0x0098 Length: 16 Data: 74 65 73 74 6D 61 67 65 00 00 00 00 00 00 00 00 
[09.02.2012 10:41:46] (Debug) Unhandled interpacket: Opcode: 0x0098 Length: 16 Data: 53 74 61 6E 00 00 00 00 00 00 00 00 00 00 00 00 
[09.02.2012 10:41:49] (Debug) Unhandled interpacket: Opcode: 0x0098 Length: 16 Data: 74 65 73 74 6D 61 67 65 00 00 00 00 00 00 00 00 
[09.02.2012 10:41:53] (Debug) Unhandled interpacket: Opcode: 0x0098 Length: 16 Data: 74 65 73 74 6D 61 67 65 00 00 00 00 00 00 00 00 
[09.02.2012 10:41:56] (Debug) Unhandled interpacket: Opcode: 0x0098 Length: 16 Data: 74 65 73 74 6D 61 67 65 00 00 00 00 00 00 00 00 
[09.02.2012 10:41:58] (Debug) Unhandled interpacket: Opcode: 0x0098 Length: 16 Data: 53 74 61 6E 00 00 00 00 00 00 00 00 00 00 00 00 
[09.02.2012 10:41:59] (Debug) Unhandled interpacket: Opcode: 0x0098 Length: 16 Data: 74 65 73 74 6D 61 67 65 00 00 00 00 00 00 00 00 
[09.02.2012 10:42:01] (Debug) Unhandled interpacket: Opcode: 0x0098 Length: 16 Data: 53 74 61 6E 00 00 00 00 00 00 00 00 00 00 00 00 
[09.02.2012 10:42:02] (Debug) Unhandled interpacket: Opcode: 0x0098 Length: 16 Data: 74 65 73 74 6D 61 67 65 00 00 00 00 00 00 00 00 
[09.02.2012 10:42:04] (Debug) Unhandled interpacket: Opcode: 0x0098 Length: 16 Data: 53 74 61 6E 00 00 00 00 00 00 00 00 00 00 00 00 
[09.02.2012 10:42:05] (Debug) Unhandled interpacket: Opcode: 0x0098 Length: 16 Data: 74 65 73 74 6D 61 67 65 00 00 00 00 00 00 00 00 
[09.02.2012 10:42:07] (Debug) Unhandled interpacket: Opcode: 0x0098 Length: 16 Data: 53 74 61 6E 00 00 00 00 00 00 00 00 00 00 00 00 
[09.02.2012 10:42:08] (Debug) Unhandled interpacket: Opcode: 0x0098 Length: 16 Data: 74 65 73 74 6D 61 67 65 00 00 00 00 00 00 00 00 
[09.02.2012 10:42:10] (Debug) Unhandled interpacket: Opcode: 0x0098 Length: 16 Data: 53 74 61 6E 00 00 00 00 00 00 00 00 00 00 00 00 
[09.02.2012 10:42:11] (Debug) Unhandled interpacket: Opcode: 0x0098 Length: 16 Data: 74 65 73 74 6D 61 67 65 00 00 00 00 00 00 00 00 
[09.02.2012 10:42:13] (Debug) Unhandled interpacket: Opcode: 0x0098 Length: 16 Data: 53 74 61 6E 00 00 00 00 00 00 00 00 00 00 00 00 
[09.02.2012 10:42:14] (Debug) Unhandled interpacket: Opcode: 0x0098 Length: 16 Data: 74 65 73 74 6D 61 67 65 00 00 00 00 00 00 00 00 
[09.02.2012 10:42:16] (Debug) Unhandled interpacket: Opcode: 0x0098 Length: 16 Data: 53 74 61 6E 00 00 00 00 00 00 00 00 00 00 00 00 
[09.02.2012 10:42:17] (Debug) Unhandled interpacket: Opcode: 0x0098 Length: 16 Data: 74 65 73 74 6D 61 67 65 00 00 00 00 00 00 00 00 
[09.02.2012 10:42:19] (Debug) Unhandled interpacket: Opcode: 0x0098 Length: 16 Data: 53 74 61 6E 00 00 00 00 00 00 00 00 00 00 00 00 
[09.02.2012 10:42:20] (Debug) Unhandled interpacket: Opcode: 0x0098 Length: 16 Data: 74 65 73 74 6D 61 67 65 00 00 00 00 00 00 00 00 
[09.02.2012 10:42:22] (Debug) Unhandled interpacket: Opcode: 0x0098 Length: 16 Data: 53 74 61 6E 00 00 00 00 00 00 00 00 00 00 00 00 
[09.02.2012 10:42:23] (Debug) Unhandled interpacket: Opcode: 0x0098 Length: 16 Data: 74 65 73 74 6D 61 67 65 00 00 00 00 00 00 00 00 
[09.02.2012 10:42:25] (Debug) Unhandled interpacket: Opcode: 0x0098 Length: 16 Data: 53 74 61 6E 00 00 00 00 00 00 00 00 00 00 00 00 
[09.02.2012 10:42:26] (Debug) Unhandled interpacket: Opcode: 0x0098 Length: 16 Data: 74 65 73 74 6D 61 67 65 00 00 00 00 00 00 00 00 
[09.02.2012 10:42:28] (Debug) Unhandled interpacket: Opcode: 0x0098 Length: 16 Data: 53 74 61 6E 00 00 00 00 00 00 00 00 00 00 00 00 
[09.02.2012 10:42:29] (Debug) Unhandled interpacket: Opcode: 0x0098 Length: 16 Data: 74 65 73 74 6D 61 67 65 00 00 00 00 00 00 00 00 
[09.02.2012 10:42:31] (Debug) Unhandled interpacket: Opcode: 0x0098 Length: 16 Data: 53 74 61 6E 00 00 00 00 00 00 00 00 00 00 00 00 
[09.02.2012 10:42:32] (Debug) Unhandled interpacket: Opcode: 0x0098 Length: 16 Data: 74 65 73 74 6D 61 67 65 00 00 00 00 00 00 00 00 
[09.02.2012 10:42:34] (Debug) Unhandled interpacket: Opcode: 0x0098 Length: 16 Data: 53 74 61 6E 00 00 00 00 00 00 00 00 00 00 00 00 
[09.02.2012 10:42:35] (Debug) Unhandled interpacket: Opcode: 0x0098 Length: 16 Data: 74 65 73 74 6D 61 67 65 00 00 00 00 00 00 00 00 
[09.02.2012 10:42:37] (Debug) Unhandled interpacket: Opcode: 0x0098 Length: 16 Data: 53 74 61 6E 00 00 00 00 00 00 00 00 00 00 00 00 
[09.02.2012 10:42:38] (Debug) Unhandled interpacket: Opcode: 0x0098 Length: 16 Data: 74 65 73 74 6D 61 67 65 00 00 00 00 00 00 00 00 
[09.02.2012 10:42:40] (Debug) Unhandled interpacket: Opcode: 0x0098 Length: 16 Data: 53 74 61 6E 00 00 00 00 00 00 00 00 00 00 00 00 
[09.02.2012 10:42:41] (Debug) Unhandled interpacket: Opcode: 0x0098 Length: 16 Data: 74 65 73 74 6D 61 67 65 00 00 00 00 00 00 00 00 
[09.02.2012 10:42:43] (Debug) Unhandled interpacket: Opcode: 0x0098 Length: 16 Data: 53 74 61 6E 00 00 00 00 00 00 00 00 00 00 00 00 
[09.02.2012 10:42:44] (Debug) Unhandled interpacket: Opcode: 0x0098 Length: 16 Data: 74 65 73 74 6D 61 67 65 00 00 00 00 00 00 00 00 
[09.02.2012 10:42:46] (Debug) Unhandled interpacket: Opcode: 0x0098 Length: 16 Data: 53 74 61 6E 00 00 00 00 00 00 00 00 00 00 00 00 
[09.02.2012 10:42:47] (Debug) Unhandled interpacket: Opcode: 0x0098 Length: 16 Data: 74 65 73 74 6D 61 67 65 00 00 00 00 00 00 00 00 
[09.02.2012 10:42:49] (Debug) Unhandled interpacket: Opcode: 0x0098 Length: 16 Data: 53 74 61 6E 00 00 00 00 00 00 00 00 00 00 00 00 
[09.02.2012 10:42:50] (Debug) Unhandled interpacket: Opcode: 0x0098 Length: 16 Data: 74 65 73 74 6D 61 67 65 00 00 00 00 00 00 00 00 
[09.02.2012 10:42:52] (Debug) Unhandled interpacket: Opcode: 0x0098 Length: 16 Data: 53 74 61 6E 00 00 00 00 00 00 00 00 00 00 00 00 
[09.02.2012 10:42:53] (Debug) Unhandled interpacket: Opcode: 0x0098 Length: 16 Data: 74 65 73 74 6D 61 67 65 00 00 00 00 00 00 00 00 
[09.02.2012 10:42:55] (Debug) Unhandled interpacket: Opcode: 0x0098 Length: 16 Data: 53 74 61 6E 00 00 00 00 00 00 00 00 00 00 00 00 
[09.02.2012 10:42:56] (Debug) Unhandled interpacket: Opcode: 0x0098 Length: 16 Data: 74 65 73 74 6D 61 67 65 00 00 00 00 00 00 00 00 
[09.02.2012 10:42:58] (Debug) Unhandled interpacket: Opcode: 0x0098 Length: 16 Data: 53 74 61 6E 00 00 00 00 00 00 00 00 00 00 00 00 
[09.02.2012 10:42:59] (Debug) Unhandled interpacket: Opcode: 0x0098 Length: 16 Data: 74 65 73 74 6D 61 67 65 00 00 00 00 00 00 00 00 
[09.02.2012 10:43:01] (Debug) Unhandled interpacket: Opcode: 0x0098 Length: 16 Data: 53 74 61 6E 00 00 00 00 00 00 00 00 00 00 00 00 
[09.02.2012 10:43:02] (Debug) Unhandled interpacket: Opcode: 0x0098 Length: 16 Data: 74 65 73 74 6D 61 67 65 00 00 00 00 00 00 00 00 
[09.02.2012 10:43:04] (Debug) Unhandled interpacket: Opcode: 0x0098 Length: 16 Data: 53 74 61 6E 00 00 00 00 00 00 00 00 00 00 00 00 
[09.02.2012 10:43:05] (Debug) Unhandled interpacket: Opcode: 0x0098 Length: 16 Data: 74 65 73 74 6D 61 67 65 00 00 00 00 00 00 00 00 
[09.02.2012 10:43:07] (Debug) Unhandled interpacket: Opcode: 0x0098 Length: 16 Data: 53 74 61 6E 00 00 00 00 00 00 00 00 00 00 00 00 
[09.02.2012 10:43:08] (Debug) Unhandled interpacket: Opcode: 0x0098 Length: 16 Data: 74 65 73 74 6D 61 67 65 00 00 00 00 00 00 00 00 
[09.02.2012 10:43:10] (Debug) Unhandled interpacket: Opcode: 0x0098 Length: 16 Data: 53 74 61 6E 00 00 00 00 00 00 00 00 00 00 00 00 
[09.02.2012 10:43:11] (Debug) Unhandled interpacket: Opcode: 0x0098 Length: 16 Data: 74 65 73 74 6D 61 67 65 00 00 00 00 00 00 00 00 
[09.02.2012 10:43:13] (Debug) Unhandled interpacket: Opcode: 0x0098 Length: 16 Data: 53 74 61 6E 00 00 00 00 00 00 00 00 00 00 00 00 
[09.02.2012 10:43:14] (Debug) Unhandled interpacket: Opcode: 0x0098 Length: 16 Data: 74 65 73 74 6D 61 67 65 00 00 00 00 00 00 00 00 
[09.02.2012 10:43:16] (Debug) Unhandled interpacket: Opcode: 0x0098 Length: 16 Data: 53 74 61 6E 00 00 00 00 00 00 00 00 00 00 00 00 
[09.02.2012 10:43:17] (Debug) Unhandled interpacket: Opcode: 0x0098 Length: 16 Data: 74 65 73 74 6D 61 67 65 00 00 00 00 00 00 00 00 
[09.02.2012 10:43:19] (Debug) Unhandled interpacket: Opcode: 0x0098 Length: 16 Data: 53 74 61 6E 00 00 00 00 00 00 00 00 00 00 00 00 
[09.02.2012 10:43:20] (Debug) Unhandled interpacket: Opcode: 0x0098 Length: 16 Data: 74 65 73 74 6D 61 67 65 00 00 00 00 00 00 00 00 
[09.02.2012 10:43:22] (Debug) Unhandled interpacket: Opcode: 0x0098 Length: 16 Data: 53 74 61 6E 00 00 00 00 00 00 00 00 00 00 00 00 
[09.02.2012 10:43:23] (Debug) Unhandled interpacket: Opcode: 0x0098 Length: 16 Data: 74 65 73 74 6D 61 67 65 00 00 00 00 00 00 00 00 
[09.02.2012 10:43:25] (Debug) Unhandled interpacket: Opcode: 0x0098 Length: 16 Data: 53 74 61 6E 00 00 00 00 00 00 00 00 00 00 00 00 
[09.02.2012 10:43:26] (Debug) Unhandled interpacket: Opcode: 0x0098 Length: 16 Data: 74 65 73 74 6D 61 67 65 00 00 00 00 00 00 00 00 
[09.02.2012 10:43:28] (Debug) Unhandled interpacket: Opcode: 0x0098 Length: 16 Data: 53 74 61 6E 00 00 00 00 00 00 00 00 00 00 00 00 
[09.02.2012 10:43:29] (Debug) Unhandled interpacket: Opcode: 0x0098 Length: 16 Data: 74 65 73 74 6D 61 67 65 00 00 00 00 00 00 00 00 
[09.02.2012 10:43:31] (Debug) Unhandled interpacket: Opcode: 0x0098 Length: 16 Data: 53 74 61 6E 00 00 00 00 00 00 00 00 00 00 00 00 
[09.02.2012 10:43:32] (Debug) Unhandled interpacket: Opcode: 0x0098 Length: 16 Data: 74 65 73 74 6D 61 67 65 00 00 00 00 00 00 00 00 
[09.02.2012 10:43:34] (Debug) Unhandled interpacket: Opcode: 0x0098 Length: 16 Data: 53 74 61 6E 00 00 00 00 00 00 00 00 00 00 00 00 
[09.02.2012 10:43:35] (Debug) Unhandled interpacket: Opcode: 0x0098 Length: 16 Data: 74 65 73 74 6D 61 67 65 00 00 00 00 00 00 00 00 
[09.02.2012 10:43:37] (Debug) Unhandled interpacket: Opcode: 0x0098 Length: 16 Data: 53 74 61 6E 00 00 00 00 00 00 00 00 00 00 00 00 
[09.02.2012 10:43:38] (Debug) Unhandled interpacket: Opcode: 0x0098 Length: 16 Data: 74 65 73 74 6D 61 67 65 00 00 00 00 00 00 00 00 
[09.02.2012 10:43:40] (Debug) Unhandled interpacket: Opcode: 0x0098 Length: 16 Data: 53 74 61 6E 00 00 00 00 00 00 00 00 00 00 00 00 
[09.02.2012 10:43:41] (Debug) Unhandled interpacket: Opcode: 0x0098 Length: 16 Data: 74 65 73 74 6D 61 67 65 00 00 00 00 00 00 00 00 
[09.02.2012 10:43:43] (Debug) Unhandled interpacket: Opcode: 0x0098 Length: 16 Data: 53 74 61 6E 00 00 00 00 00 00 00 00 00 00 00 00 
[09.02.2012 10:43:44] (Debug) Unhandled interpacket: Opcode: 0x0098 Length: 16 Data: 74 65 73 74 6D 61 67 65 00 00 00 00 00 00 00 00 
[09.02.2012 10:43:46] (Debug) Unhandled interpacket: Opcode: 0x0098 Length: 16 Data: 53 74 61 6E 00 00 00 00 00 00 00 00 00 00 00 00 
[09.02.2012 10:43:47] (Debug) Unhandled interpacket: Opcode: 0x0098 Length: 16 Data: 74 65 73 74 6D 61 67 65 00 00 00 00 00 00 00 00 
[09.02.2012 10:43:49] (Debug) Unhandled interpacket: Opcode: 0x0098 Length: 16 Data: 53 74 61 6E 00 00 00 00 00 00 00 00 00 00 00 00 
[09.02.2012 10:43:50] (Debug) Unhandled interpacket: Opcode: 0x0098 Length: 16 Data: 74 65 73 74 6D 61 67 65 00 00 00 00 00 00 00 00 
[09.02.2012 10:43:52] (Debug) Unhandled interpacket: Opcode: 0x0098 Length: 16 Data: 53 74 61 6E 00 00 00 00 00 00 00 00 00 00 00 00 
[09.02.2012 10:43:53] (Debug) Unhandled interpacket: Opcode: 0x0098 Length: 16 Data: 74 65 73 74 6D 61 67 65 00 00 00 00 00 00 00 00 
[09.02.2012 10:43:55] (Debug) Unhandled interpacket: Opcode: 0x0098 Length: 16 Data: 53 74 61 6E 00 00 00 00 00 00 00 00 00 00 00 00 
[09.02.2012 10:43:56] (Debug) Unhandled interpacket: Opcode: 0x0098 Length: 16 Data: 74 65 73 74 6D 61 67 65 00 00 00 00 00 00 00 00 
[09.02.2012 10:43:58] (Debug) Unhandled interpacket: Opcode: 0x0098 Length: 16 Data: 53 74 61 6E 00 00 00 00 00 00 00 00 00 00 00 00 
[09.02.2012 10:43:59] (Debug) Unhandled interpacket: Opcode: 0x0098 Length: 16 Data: 74 65 73 74 6D 61 67 65 00 00 00 00 00 00 00 00 
[09.02.2012 10:44:01] (Debug) Unhandled interpacket: Opcode: 0x0098 Length: 16 Data: 53 74 61 6E 00 00 00 00 00 00 00 00 00 00 00 00 
[09.02.2012 10:44:02] (Debug) Unhandled interpacket: Opcode: 0x0098 Length: 16 Data: 74 65 73 74 6D 61 67 65 00 00 00 00 00 00 00 00 
[09.02.2012 10:44:04] (Debug) Unhandled interpacket: Opcode: 0x0098 Length: 16 Data: 53 74 61 6E 00 00 00 00 00 00 00 00 00 00 00 00 
[09.02.2012 10:44:05] (Debug) Unhandled interpacket: Opcode: 0x0098 Length: 16 Data: 74 65 73 74 6D 61 67 65 00 00 00 00 00 00 00 00 
[09.02.2012 10:44:07] (Debug) Unhandled interpacket: Opcode: 0x0098 Length: 16 Data: 53 74 61 6E 00 00 00 00 00 00 00 00 00 00 00 00 
[09.02.2012 10:44:08] (Debug) Unhandled interpacket: Opcode: 0x0098 Length: 16 Data: 74 65 73 74 6D 61 67 65 00 00 00 00 00 00 00 00 
[09.02.2012 10:44:10] (Debug) Unhandled interpacket: Opcode: 0x0098 Length: 16 Data: 53 74 61 6E 00 00 00 00 00 00 00 00 00 00 00 00 
[09.02.2012 10:44:11] (Debug) Unhandled interpacket: Opcode: 0x0098 Length: 16 Data: 74 65 73 74 6D 61 67 65 00 00 00 00 00 00 00 00 
[09.02.2012 10:44:13] (Debug) Unhandled interpacket: Opcode: 0x0098 Length: 16 Data: 53 74 61 6E 00 00 00 00 00 00 00 00 00 00 00 00 
[09.02.2012 10:44:14] (Debug) Unhandled interpacket: Opcode: 0x0098 Length: 16 Data: 74 65 73 74 6D 61 67 65 00 00 00 00 00 00 00 00 
[09.02.2012 10:44:16] (Debug) Unhandled interpacket: Opcode: 0x0098 Length: 16 Data: 53 74 61 6E 00 00 00 00 00 00 00 00 00 00 00 00 
[09.02.2012 10:44:17] (Debug) Unhandled interpacket: Opcode: 0x0098 Length: 16 Data: 74 65 73 74 6D 61 67 65 00 00 00 00 00 00 00 00 
[09.02.2012 10:44:19] (Debug) Unhandled interpacket: Opcode: 0x0098 Length: 16 Data: 53 74 61 6E 00 00 00 00 00 00 00 00 00 00 00 00 
[09.02.2012 10:44:20] (Debug) Unhandled interpacket: Opcode: 0x0098 Length: 16 Data: 74 65 73 74 6D 61 67 65 00 00 00 00 00 00 00 00 
[09.02.2012 10:44:22] (Debug) Unhandled interpacket: Opcode: 0x0098 Length: 16 Data: 53 74 61 6E 00 00 00 00 00 00 00 00 00 00 00 00 
[09.02.2012 10:44:23] (Debug) Unhandled interpacket: Opcode: 0x0098 Length: 16 Data: 74 65 73 74 6D 61 67 65 00 00 00 00 00 00 00 00 
[09.02.2012 10:44:33] (Debug) Unhandled interpacket: Opcode: 0x0098 Length: 16 Data: 74 65 73 74 6D 61 67 65 00 00 00 00 00 00 00 00 
[09.02.2012 10:44:33] (Debug) Unhandled interpacket: Opcode: 0x0098 Length: 16 Data: 53 74 61 6E 00 00 00 00 00 00 00 00 00 00 00 00 
[09.02.2012 10:44:36] (Debug) Unhandled interpacket: Opcode: 0x0098 Length: 16 Data: 74 65 73 74 6D 61 67 65 00 00 00 00 00 00 00 00 
[09.02.2012 10:44:36] (Debug) Unhandled interpacket: Opcode: 0x0098 Length: 16 Data: 53 74 61 6E 00 00 00 00 00 00 00 00 00 00 00 00 
[09.02.2012 10:44:39] (Debug) Unhandled interpacket: Opcode: 0x0098 Length: 16 Data: 74 65 73 74 6D 61 67 65 00 00 00 00 00 00 00 00 
[09.02.2012 10:44:39] (Debug) Unhandled interpacket: Opcode: 0x0098 Length: 16 Data: 53 74 61 6E 00 00 00 00 00 00 00 00 00 00 00 00 
[09.02.2012 10:44:42] (Debug) Unhandled interpacket: Opcode: 0x0098 Length: 16 Data: 74 65 73 74 6D 61 67 65 00 00 00 00 00 00 00 00 
[09.02.2012 10:44:42] (Debug) Unhandled interpacket: Opcode: 0x0098 Length: 16 Data: 53 74 61 6E 00 00 00 00 00 00 00 00 00 00 00 00 
[09.02.2012 10:44:45] (Debug) Unhandled interpacket: Opcode: 0x0098 Length: 16 Data: 74 65 73 74 6D 61 67 65 00 00 00 00 00 00 00 00 
[09.02.2012 10:44:45] (Debug) Unhandled interpacket: Opcode: 0x0098 Length: 16 Data: 53 74 61 6E 00 00 00 00 00 00 00 00 00 00 00 00 
[09.02.2012 10:44:48] (Debug) Unhandled interpacket: Opcode: 0x0098 Length: 16 Data: 74 65 73 74 6D 61 67 65 00 00 00 00 00 00 00 00 
[09.02.2012 10:44:48] (Debug) Unhandled interpacket: Opcode: 0x0098 Length: 16 Data: 53 74 61 6E 00 00 00 00 00 00 00 00 00 00 00 00 
[09.02.2012 10:44:50] (Debug) Unhandled interpacket: Opcode: 0x0098 Length: 16 Data: 74 65 73 74 6D 61 67 65 00 00 00 00 00 00 00 00 
[09.02.2012 10:44:51] (Debug) Unhandled interpacket: Opcode: 0x0098 Length: 16 Data: 53 74 61 6E 00 00 00 00 00 00 00 00 00 00 00 00 
[09.02.2012 10:44:53] (Debug) Unhandled interpacket: Opcode: 0x0098 Length: 16 Data: 74 65 73 74 6D 61 67 65 00 00 00 00 00 00 00 00 
[09.02.2012 10:44:54] (Debug) Unhandled interpacket: Opcode: 0x0098 Length: 16 Data: 53 74 61 6E 00 00 00 00 00 00 00 00 00 00 00 00 
[09.02.2012 10:44:56] (Debug) Unhandled interpacket: Opcode: 0x0098 Length: 16 Data: 74 65 73 74 6D 61 67 65 00 00 00 00 00 00 00 00 
[09.02.2012 10:44:57] (Debug) Unhandled interpacket: Opcode: 0x0098 Length: 16 Data: 53 74 61 6E 00 00 00 00 00 00 00 00 00 00 00 00 
[09.02.2012 10:44:59] (Debug) Unhandled interpacket: Opcode: 0x0098 Length: 16 Data: 74 65 73 74 6D 61 67 65 00 00 00 00 00 00 00 00 
[09.02.2012 10:45:00] (Debug) Unhandled interpacket: Opcode: 0x0098 Length: 16 Data: 53 74 61 6E 00 00 00 00 00 00 00 00 00 00 00 00 
[09.02.2012 10:45:02] (Debug) Unhandled interpacket: Opcode: 0x0098 Length: 16 Data: 74 65 73 74 6D 61 67 65 00 00 00 00 00 00 00 00 
[09.02.2012 10:45:03] (Debug) Unhandled interpacket: Opcode: 0x0098 Length: 16 Data: 53 74 61 6E 00 00 00 00 00 00 00 00 00 00 00 00 
[09.02.2012 10:45:05] (Debug) Unhandled interpacket: Opcode: 0x0098 Length: 16 Data: 74 65 73 74 6D 61 67 65 00 00 00 00 00 00 00 00 
[09.02.2012 10:45:06] (Debug) Unhandled interpacket: Opcode: 0x0098 Length: 16 Data: 53 74 61 6E 00 00 00 00 00 00 00 00 00 00 00 00 
[09.02.2012 10:45:08] (Debug) Unhandled interpacket: Opcode: 0x0098 Length: 16 Data: 74 65 73 74 6D 61 67 65 00 00 00 00 00 00 00 00 
[09.02.2012 10:45:09] (Debug) Unhandled interpacket: Opcode: 0x0098 Length: 16 Data: 53 74 61 6E 00 00 00 00 00 00 00 00 00 00 00 00 
[09.02.2012 10:45:11] (Debug) Unhandled interpacket: Opcode: 0x0098 Length: 16 Data: 74 65 73 74 6D 61 67 65 00 00 00 00 00 00 00 00 
[09.02.2012 10:45:12] (Debug) Unhandled interpacket: Opcode: 0x0098 Length: 16 Data: 53 74 61 6E 00 00 00 00 00 00 00 00 00 00 00 00 
[09.02.2012 10:45:14] (Debug) Unhandled interpacket: Opcode: 0x0098 Length: 16 Data: 74 65 73 74 6D 61 67 65 00 00 00 00 00 00 00 00 
[09.02.2012 10:45:15] (Debug) Unhandled interpacket: Opcode: 0x0098 Length: 16 Data: 53 74 61 6E 00 00 00 00 00 00 00 00 00 00 00 00 
[09.02.2012 10:45:17] (Debug) Unhandled interpacket: Opcode: 0x0098 Length: 16 Data: 74 65 73 74 6D 61 67 65 00 00 00 00 00 00 00 00 
[09.02.2012 10:45:18] (Debug) Unhandled interpacket: Opcode: 0x0098 Length: 16 Data: 53 74 61 6E 00 00 00 00 00 00 00 00 00 00 00 00 
[09.02.2012 10:45:20] (Debug) Unhandled interpacket: Opcode: 0x0098 Length: 16 Data: 74 65 73 74 6D 61 67 65 00 00 00 00 00 00 00 00 
[09.02.2012 10:45:21] (Debug) Unhandled interpacket: Opcode: 0x0098 Length: 16 Data: 53 74 61 6E 00 00 00 00 00 00 00 00 00 00 00 00 
[09.02.2012 10:45:23] (Debug) Unhandled interpacket: Opcode: 0x0098 Length: 16 Data: 74 65 73 74 6D 61 67 65 00 00 00 00 00 00 00 00 
[09.02.2012 10:45:24] (Debug) Unhandled interpacket: Opcode: 0x0098 Length: 16 Data: 53 74 61 6E 00 00 00 00 00 00 00 00 00 00 00 00 
[09.02.2012 10:45:26] (Debug) Unhandled interpacket: Opcode: 0x0098 Length: 16 Data: 74 65 73 74 6D 61 67 65 00 00 00 00 00 00 00 00 
[09.02.2012 10:45:27] (Debug) Unhandled interpacket: Opcode: 0x0098 Length: 16 Data: 53 74 61 6E 00 00 00 00 00 00 00 00 00 00 00 00 
[09.02.2012 10:45:29] (Debug) Unhandled interpacket: Opcode: 0x0098 Length: 16 Data: 74 65 73 74 6D 61 67 65 00 00 00 00 00 00 00 00 
[09.02.2012 10:45:30] (Debug) Unhandled interpacket: Opcode: 0x0098 Length: 16 Data: 53 74 61 6E 00 00 00 00 00 00 00 00 00 00 00 00 
[09.02.2012 10:45:32] (Debug) Unhandled interpacket: Opcode: 0x0098 Length: 16 Data: 74 65 73 74 6D 61 67 65 00 00 00 00 00 00 00 00 
[09.02.2012 10:45:33] (Debug) Unhandled interpacket: Opcode: 0x0098 Length: 16 Data: 53 74 61 6E 00 00 00 00 00 00 00 00 00 00 00 00 
[09.02.2012 10:45:35] (Debug) Unhandled interpacket: Opcode: 0x0098 Length: 16 Data: 74 65 73 74 6D 61 67 65 00 00 00 00 00 00 00 00 
[09.02.2012 10:45:36] (Debug) Unhandled interpacket: Opcode: 0x0098 Length: 16 Data: 53 74 61 6E 00 00 00 00 00 00 00 00 00 00 00 00 
[09.02.2012 10:45:38] (Debug) Unhandled interpacket: Opcode: 0x0098 Length: 16 Data: 74 65 73 74 6D 61 67 65 00 00 00 00 00 00 00 00 
[09.02.2012 10:45:39] (Debug) Unhandled interpacket: Opcode: 0x0098 Length: 16 Data: 53 74 61 6E 00 00 00 00 00 00 00 00 00 00 00 00 
[09.02.2012 10:45:41] (Debug) Unhandled interpacket: Opcode: 0x0098 Length: 16 Data: 74 65 73 74 6D 61 67 65 00 00 00 00 00 00 00 00 
[09.02.2012 10:45:42] (Debug) Unhandled interpacket: Opcode: 0x0098 Length: 16 Data: 53 74 61 6E 00 00 00 00 00 00 00 00 00 00 00 00 
[09.02.2012 10:45:44] (Debug) Unhandled interpacket: Opcode: 0x0098 Length: 16 Data: 74 65 73 74 6D 61 67 65 00 00 00 00 00 00 00 00 
[09.02.2012 10:45:45] (Debug) Unhandled interpacket: Opcode: 0x0098 Length: 16 Data: 53 74 61 6E 00 00 00 00 00 00 00 00 00 00 00 00 
[09.02.2012 10:45:47] (Debug) Unhandled interpacket: Opcode: 0x0098 Length: 16 Data: 74 65 73 74 6D 61 67 65 00 00 00 00 00 00 00 00 
[09.02.2012 10:45:48] (Debug) Unhandled interpacket: Opcode: 0x0098 Length: 16 Data: 53 74 61 6E 00 00 00 00 00 00 00 00 00 00 00 00 
[09.02.2012 10:45:50] (Debug) Unhandled interpacket: Opcode: 0x0098 Length: 16 Data: 74 65 73 74 6D 61 67 65 00 00 00 00 00 00 00 00 
[09.02.2012 10:45:51] (Debug) Unhandled interpacket: Opcode: 0x0098 Length: 16 Data: 53 74 61 6E 00 00 00 00 00 00 00 00 00 00 00 00 
[09.02.2012 10:45:53] (Debug) Unhandled interpacket: Opcode: 0x0098 Length: 16 Data: 74 65 73 74 6D 61 67 65 00 00 00 00 00 00 00 00 
[09.02.2012 10:45:54] (Debug) Unhandled interpacket: Opcode: 0x0098 Length: 16 Data: 53 74 61 6E 00 00 00 00 00 00 00 00 00 00 00 00 
[09.02.2012 10:45:56] (Debug) Unhandled interpacket: Opcode: 0x0098 Length: 16 Data: 74 65 73 74 6D 61 67 65 00 00 00 00 00 00 00 00 
[09.02.2012 10:45:57] (Debug) Unhandled interpacket: Opcode: 0x0098 Length: 16 Data: 53 74 61 6E 00 00 00 00 00 00 00 00 00 00 00 00 
[09.02.2012 10:45:59] (Debug) Unhandled interpacket: Opcode: 0x0098 Length: 16 Data: 74 65 73 74 6D 61 67 65 00 00 00 00 00 00 00 00 
[09.02.2012 10:46:00] (Debug) Unhandled interpacket: Opcode: 0x0098 Length: 16 Data: 53 74 61 6E 00 00 00 00 00 00 00 00 00 00 00 00 
[09.02.2012 10:46:02] (Debug) Unhandled interpacket: Opcode: 0x0098 Length: 16 Data: 74 65 73 74 6D 61 67 65 00 00 00 00 00 00 00 00 
[09.02.2012 10:46:03] (Debug) Unhandled interpacket: Opcode: 0x0098 Length: 16 Data: 53 74 61 6E 00 00 00 00 00 00 00 00 00 00 00 00 
[09.02.2012 10:46:05] (Debug) Unhandled interpacket: Opcode: 0x0098 Length: 16 Data: 74 65 73 74 6D 61 67 65 00 00 00 00 00 00 00 00 
[09.02.2012 10:46:06] (Debug) Unhandled interpacket: Opcode: 0x0098 Length: 16 Data: 53 74 61 6E 00 00 00 00 00 00 00 00 00 00 00 00 
[09.02.2012 10:46:08] (Debug) Unhandled interpacket: Opcode: 0x0098 Length: 16 Data: 74 65 73 74 6D 61 67 65 00 00 00 00 00 00 00 00 
[09.02.2012 10:46:09] (Debug) Unhandled interpacket: Opcode: 0x0098 Length: 16 Data: 53 74 61 6E 00 00 00 00 00 00 00 00 00 00 00 00 
[09.02.2012 10:46:11] (Debug) Unhandled interpacket: Opcode: 0x0098 Length: 16 Data: 74 65 73 74 6D 61 67 65 00 00 00 00 00 00 00 00 
[09.02.2012 10:46:12] (Debug) Unhandled interpacket: Opcode: 0x0098 Length: 16 Data: 53 74 61 6E 00 00 00 00 00 00 00 00 00 00 00 00 
[09.02.2012 10:46:14] (Debug) Unhandled interpacket: Opcode: 0x0098 Length: 16 Data: 74 65 73 74 6D 61 67 65 00 00 00 00 00 00 00 00 
[09.02.2012 10:46:15] (Debug) Unhandled interpacket: Opcode: 0x0098 Length: 16 Data: 53 74 61 6E 00 00 00 00 00 00 00 00 00 00 00 00 
[09.02.2012 10:46:17] (Debug) Unhandled interpacket: Opcode: 0x0098 Length: 16 Data: 74 65 73 74 6D 61 67 65 00 00 00 00 00 00 00 00 
[09.02.2012 10:46:18] (Debug) Unhandled interpacket: Opcode: 0x0098 Length: 16 Data: 53 74 61 6E 00 00 00 00 00 00 00 00 00 00 00 00 
[09.02.2012 10:46:20] (Debug) Unhandled interpacket: Opcode: 0x0098 Length: 16 Data: 74 65 73 74 6D 61 67 65 00 00 00 00 00 00 00 00 
[09.02.2012 10:46:21] (Debug) Unhandled interpacket: Opcode: 0x0098 Length: 16 Data: 53 74 61 6E 00 00 00 00 00 00 00 00 00 00 00 00 
[09.02.2012 10:46:23] (Debug) Unhandled interpacket: Opcode: 0x0098 Length: 16 Data: 74 65 73 74 6D 61 67 65 00 00 00 00 00 00 00 00 
[09.02.2012 10:46:23] (Debug) Unhandled interpacket: Opcode: 0x0098 Length: 16 Data: 53 74 61 6E 00 00 00 00 00 00 00 00 00 00 00 00 
[09.02.2012 10:46:26] (Debug) Unhandled interpacket: Opcode: 0x0098 Length: 16 Data: 74 65 73 74 6D 61 67 65 00 00 00 00 00 00 00 00 
[09.02.2012 10:46:26] (Debug) Unhandled interpacket: Opcode: 0x0098 Length: 16 Data: 53 74 61 6E 00 00 00 00 00 00 00 00 00 00 00 00 
[09.02.2012 10:46:29] (Debug) Unhandled interpacket: Opcode: 0x0098 Length: 16 Data: 74 65 73 74 6D 61 67 65 00 00 00 00 00 00 00 00 
[09.02.2012 10:46:29] (Debug) Unhandled interpacket: Opcode: 0x0098 Length: 16 Data: 53 74 61 6E 00 00 00 00 00 00 00 00 00 00 00 00 
[09.02.2012 10:46:32] (Debug) Unhandled interpacket: Opcode: 0x0098 Length: 16 Data: 74 65 73 74 6D 61 67 65 00 00 00 00 00 00 00 00 
[09.02.2012 10:46:32] (Debug) Unhandled interpacket: Opcode: 0x0098 Length: 16 Data: 53 74 61 6E 00 00 00 00 00 00 00 00 00 00 00 00 
[09.02.2012 10:46:35] (Debug) Unhandled interpacket: Opcode: 0x0098 Length: 16 Data: 74 65 73 74 6D 61 67 65 00 00 00 00 00 00 00 00 
[09.02.2012 10:46:35] (Debug) Unhandled interpacket: Opcode: 0x0098 Length: 16 Data: 53 74 61 6E 00 00 00 00 00 00 00 00 00 00 00 00 
[09.02.2012 10:46:38] (Debug) Unhandled interpacket: Opcode: 0x0098 Length: 16 Data: 74 65 73 74 6D 61 67 65 00 00 00 00 00 00 00 00 
[09.02.2012 10:46:38] (Debug) Unhandled interpacket: Opcode: 0x0098 Length: 16 Data: 53 74 61 6E 00 00 00 00 00 00 00 00 00 00 00 00 
[09.02.2012 10:46:41] (Debug) Unhandled interpacket: Opcode: 0x0098 Length: 16 Data: 74 65 73 74 6D 61 67 65 00 00 00 00 00 00 00 00 
[09.02.2012 10:46:41] (Debug) Unhandled interpacket: Opcode: 0x0098 Length: 16 Data: 53 74 61 6E 00 00 00 00 00 00 00 00 00 00 00 00 
[09.02.2012 10:46:44] (Debug) Unhandled interpacket: Opcode: 0x0098 Length: 16 Data: 74 65 73 74 6D 61 67 65 00 00 00 00 00 00 00 00 
[09.02.2012 10:46:44] (Debug) Unhandled interpacket: Opcode: 0x0098 Length: 16 Data: 53 74 61 6E 00 00 00 00 00 00 00 00 00 00 00 00 
[09.02.2012 10:46:47] (Debug) Unhandled interpacket: Opcode: 0x0098 Length: 16 Data: 74 65 73 74 6D 61 67 65 00 00 00 00 00 00 00 00 
[09.02.2012 10:46:47] (Debug) Unhandled interpacket: Opcode: 0x0098 Length: 16 Data: 53 74 61 6E 00 00 00 00 00 00 00 00 00 00 00 00 
[09.02.2012 10:46:50] (Debug) Unhandled interpacket: Opcode: 0x0098 Length: 16 Data: 74 65 73 74 6D 61 67 65 00 00 00 00 00 00 00 00 
[09.02.2012 10:46:50] (Debug) Unhandled interpacket: Opcode: 0x0098 Length: 16 Data: 53 74 61 6E 00 00 00 00 00 00 00 00 00 00 00 00 
[09.02.2012 10:46:53] (Debug) Unhandled interpacket: Opcode: 0x0098 Length: 16 Data: 74 65 73 74 6D 61 67 65 00 00 00 00 00 00 00 00 
[09.02.2012 10:46:53] (Debug) Unhandled interpacket: Opcode: 0x0098 Length: 16 Data: 53 74 61 6E 00 00 00 00 00 00 00 00 00 00 00 00 
[09.02.2012 10:46:56] (Debug) Unhandled interpacket: Opcode: 0x0098 Length: 16 Data: 74 65 73 74 6D 61 67 65 00 00 00 00 00 00 00 00 
[09.02.2012 10:46:56] (Debug) Unhandled interpacket: Opcode: 0x0098 Length: 16 Data: 53 74 61 6E 00 00 00 00 00 00 00 00 00 00 00 00 
[09.02.2012 10:46:59] (Debug) Unhandled interpacket: Opcode: 0x0098 Length: 16 Data: 74 65 73 74 6D 61 67 65 00 00 00 00 00 00 00 00 
[09.02.2012 10:46:59] (Debug) Unhandled interpacket: Opcode: 0x0098 Length: 16 Data: 53 74 61 6E 00 00 00 00 00 00 00 00 00 00 00 00 
[09.02.2012 10:47:02] (Debug) Unhandled interpacket: Opcode: 0x0098 Length: 16 Data: 74 65 73 74 6D 61 67 65 00 00 00 00 00 00 00 00 
[09.02.2012 10:47:02] (Debug) Unhandled interpacket: Opcode: 0x0098 Length: 16 Data: 53 74 61 6E 00 00 00 00 00 00 00 00 00 00 00 00 
[09.02.2012 10:47:05] (Debug) Unhandled interpacket: Opcode: 0x0098 Length: 16 Data: 74 65 73 74 6D 61 67 65 00 00 00 00 00 00 00 00 
[09.02.2012 10:47:05] (Debug) Unhandled interpacket: Opcode: 0x0098 Length: 16 Data: 53 74 61 6E 00 00 00 00 00 00 00 00 00 00 00 00 
[09.02.2012 10:47:08] (Debug) Unhandled interpacket: Opcode: 0x0098 Length: 16 Data: 74 65 73 74 6D 61 67 65 00 00 00 00 00 00 00 00 
[09.02.2012 10:47:08] (Debug) Unhandled interpacket: Opcode: 0x0098 Length: 16 Data: 53 74 61 6E 00 00 00 00 00 00 00 00 00 00 00 00 
[09.02.2012 10:47:11] (Debug) Unhandled interpacket: Opcode: 0x0098 Length: 16 Data: 74 65 73 74 6D 61 67 65 00 00 00 00 00 00 00 00 
[09.02.2012 10:47:11] (Debug) Unhandled interpacket: Opcode: 0x0098 Length: 16 Data: 53 74 61 6E 00 00 00 00 00 00 00 00 00 00 00 00 
[09.02.2012 10:47:14] (Debug) Unhandled interpacket: Opcode: 0x0098 Length: 16 Data: 74 65 73 74 6D 61 67 65 00 00 00 00 00 00 00 00 
[09.02.2012 10:47:14] (Debug) Unhandled interpacket: Opcode: 0x0098 Length: 16 Data: 53 74 61 6E 00 00 00 00 00 00 00 00 00 00 00 00 
[09.02.2012 10:47:17] (Debug) Unhandled interpacket: Opcode: 0x0098 Length: 16 Data: 74 65 73 74 6D 61 67 65 00 00 00 00 00 00 00 00 
[09.02.2012 10:47:17] (Debug) Unhandled interpacket: Opcode: 0x0098 Length: 16 Data: 53 74 61 6E 00 00 00 00 00 00 00 00 00 00 00 00 
[09.02.2012 10:47:20] (Debug) Unhandled interpacket: Opcode: 0x0098 Length: 16 Data: 74 65 73 74 6D 61 67 65 00 00 00 00 00 00 00 00 
[09.02.2012 10:47:20] (Debug) Unhandled interpacket: Opcode: 0x0098 Length: 16 Data: 53 74 61 6E 00 00 00 00 00 00 00 00 00 00 00 00 
[09.02.2012 10:47:23] (Debug) Unhandled interpacket: Opcode: 0x0098 Length: 16 Data: 74 65 73 74 6D 61 67 65 00 00 00 00 00 00 00 00 
[09.02.2012 10:47:23] (Debug) Unhandled interpacket: Opcode: 0x0098 Length: 16 Data: 53 74 61 6E 00 00 00 00 00 00 00 00 00 00 00 00 
[09.02.2012 10:47:26] (Debug) Unhandled interpacket: Opcode: 0x0098 Length: 16 Data: 74 65 73 74 6D 61 67 65 00 00 00 00 00 00 00 00 
[09.02.2012 10:47:26] (Debug) Unhandled interpacket: Opcode: 0x0098 Length: 16 Data: 53 74 61 6E 00 00 00 00 00 00 00 00 00 00 00 00 
[09.02.2012 10:47:29] (Debug) Unhandled interpacket: Opcode: 0x0098 Length: 16 Data: 74 65 73 74 6D 61 67 65 00 00 00 00 00 00 00 00 
[09.02.2012 10:47:29] (Debug) Unhandled interpacket: Opcode: 0x0098 Length: 16 Data: 53 74 61 6E 00 00 00 00 00 00 00 00 00 00 00 00 
[09.02.2012 10:47:32] (Debug) Unhandled interpacket: Opcode: 0x0098 Length: 16 Data: 74 65 73 74 6D 61 67 65 00 00 00 00 00 00 00 00 
[09.02.2012 10:47:32] (Debug) Unhandled interpacket: Opcode: 0x0098 Length: 16 Data: 53 74 61 6E 00 00 00 00 00 00 00 00 00 00 00 00 
[09.02.2012 10:47:35] (Debug) Unhandled interpacket: Opcode: 0x0098 Length: 16 Data: 74 65 73 74 6D 61 67 65 00 00 00 00 00 00 00 00 
[09.02.2012 10:47:35] (Debug) Unhandled interpacket: Opcode: 0x0098 Length: 16 Data: 53 74 61 6E 00 00 00 00 00 00 00 00 00 00 00 00 
[09.02.2012 10:47:38] (Debug) Unhandled interpacket: Opcode: 0x0098 Length: 16 Data: 74 65 73 74 6D 61 67 65 00 00 00 00 00 00 00 00 
[09.02.2012 10:47:38] (Debug) Unhandled interpacket: Opcode: 0x0098 Length: 16 Data: 53 74 61 6E 00 00 00 00 00 00 00 00 00 00 00 00 
[09.02.2012 10:47:41] (Debug) Unhandled interpacket: Opcode: 0x0098 Length: 16 Data: 74 65 73 74 6D 61 67 65 00 00 00 00 00 00 00 00 
[09.02.2012 10:47:41] (Debug) Unhandled interpacket: Opcode: 0x0098 Length: 16 Data: 53 74 61 6E 00 00 00 00 00 00 00 00 00 00 00 00 
[09.02.2012 10:47:44] (Debug) Unhandled interpacket: Opcode: 0x0098 Length: 16 Data: 74 65 73 74 6D 61 67 65 00 00 00 00 00 00 00 00 
[09.02.2012 10:47:44] (Debug) Unhandled interpacket: Opcode: 0x0098 Length: 16 Data: 53 74 61 6E 00 00 00 00 00 00 00 00 00 00 00 00 
[09.02.2012 10:47:47] (Debug) Unhandled interpacket: Opcode: 0x0098 Length: 16 Data: 74 65 73 74 6D 61 67 65 00 00 00 00 00 00 00 00 
[09.02.2012 10:47:47] (Debug) Unhandled interpacket: Opcode: 0x0098 Length: 16 Data: 53 74 61 6E 00 00 00 00 00 00 00 00 00 00 00 00 
[09.02.2012 10:47:50] (Debug) Unhandled interpacket: Opcode: 0x0098 Length: 16 Data: 74 65 73 74 6D 61 67 65 00 00 00 00 00 00 00 00 
[09.02.2012 10:47:50] (Debug) Unhandled interpacket: Opcode: 0x0098 Length: 16 Data: 53 74 61 6E 00 00 00 00 00 00 00 00 00 00 00 00 
[09.02.2012 10:47:53] (Debug) Unhandled interpacket: Opcode: 0x0098 Length: 16 Data: 74 65 73 74 6D 61 67 65 00 00 00 00 00 00 00 00 
[09.02.2012 10:47:53] (Debug) Unhandled interpacket: Opcode: 0x0098 Length: 16 Data: 53 74 61 6E 00 00 00 00 00 00 00 00 00 00 00 00 
[09.02.2012 10:47:56] (Debug) Unhandled interpacket: Opcode: 0x0098 Length: 16 Data: 74 65 73 74 6D 61 67 65 00 00 00 00 00 00 00 00 
[09.02.2012 10:47:56] (Debug) Unhandled interpacket: Opcode: 0x0098 Length: 16 Data: 53 74 61 6E 00 00 00 00 00 00 00 00 00 00 00 00 
[09.02.2012 10:47:59] (Debug) Unhandled interpacket: Opcode: 0x0098 Length: 16 Data: 74 65 73 74 6D 61 67 65 00 00 00 00 00 00 00 00 
[09.02.2012 10:47:59] (Debug) Unhandled interpacket: Opcode: 0x0098 Length: 16 Data: 53 74 61 6E 00 00 00 00 00 00 00 00 00 00 00 00 
[09.02.2012 10:48:02] (Debug) Unhandled interpacket: Opcode: 0x0098 Length: 16 Data: 74 65 73 74 6D 61 67 65 00 00 00 00 00 00 00 00 
[09.02.2012 10:48:05] (Debug) Unhandled interpacket: Opcode: 0x0098 Length: 16 Data: 53 74 61 6E 00 00 00 00 00 00 00 00 00 00 00 00 
[09.02.2012 10:48:05] (Debug) Unhandled interpacket: Opcode: 0x0098 Length: 16 Data: 74 65 73 74 6D 61 67 65 00 00 00 00 00 00 00 00 
[09.02.2012 10:48:05] (Debug) Unhandled interpacket: Opcode: 0x0098 Length: 16 Data: 53 74 61 6E 00 00 00 00 00 00 00 00 00 00 00 00 
[09.02.2012 10:48:08] (Debug) Unhandled interpacket: Opcode: 0x0098 Length: 16 Data: 74 65 73 74 6D 61 67 65 00 00 00 00 00 00 00 00 
[09.02.2012 10:48:08] (Debug) Unhandled interpacket: Opcode: 0x0098 Length: 16 Data: 53 74 61 6E 00 00 00 00 00 00 00 00 00 00 00 00 
[09.02.2012 10:48:11] (Debug) Unhandled interpacket: Opcode: 0x0098 Length: 16 Data: 74 65 73 74 6D 61 67 65 00 00 00 00 00 00 00 00 
[09.02.2012 10:48:11] (Debug) Unhandled interpacket: Opcode: 0x0098 Length: 16 Data: 53 74 61 6E 00 00 00 00 00 00 00 00 00 00 00 00 
[09.02.2012 10:48:14] (Debug) Unhandled interpacket: Opcode: 0x0098 Length: 16 Data: 74 65 73 74 6D 61 67 65 00 00 00 00 00 00 00 00 
[09.02.2012 10:48:14] (Debug) Unhandled interpacket: Opcode: 0x0098 Length: 16 Data: 53 74 61 6E 00 00 00 00 00 00 00 00 00 00 00 00 
[09.02.2012 10:48:17] (Debug) Unhandled interpacket: Opcode: 0x0098 Length: 16 Data: 74 65 73 74 6D 61 67 65 00 00 00 00 00 00 00 00 
[09.02.2012 10:48:17] (Debug) Unhandled interpacket: Opcode: 0x0098 Length: 16 Data: 53 74 61 6E 00 00 00 00 00 00 00 00 00 00 00 00 
[09.02.2012 10:48:20] (Debug) Unhandled interpacket: Opcode: 0x0098 Length: 16 Data: 74 65 73 74 6D 61 67 65 00 00 00 00 00 00 00 00 
[09.02.2012 10:48:20] (Debug) Unhandled interpacket: Opcode: 0x0098 Length: 16 Data: 53 74 61 6E 00 00 00 00 00 00 00 00 00 00 00 00 
[09.02.2012 10:48:23] (Debug) Unhandled interpacket: Opcode: 0x0098 Length: 16 Data: 74 65 73 74 6D 61 67 65 00 00 00 00 00 00 00 00 
[09.02.2012 10:48:23] (Debug) Unhandled interpacket: Opcode: 0x0098 Length: 16 Data: 53 74 61 6E 00 00 00 00 00 00 00 00 00 00 00 00 
[09.02.2012 10:48:26] (Debug) Unhandled interpacket: Opcode: 0x0098 Length: 16 Data: 74 65 73 74 6D 61 67 65 00 00 00 00 00 00 00 00 
[09.02.2012 10:48:26] (Debug) Unhandled interpacket: Opcode: 0x0098 Length: 16 Data: 53 74 61 6E 00 00 00 00 00 00 00 00 00 00 00 00 
[09.02.2012 10:48:29] (Debug) Unhandled interpacket: Opcode: 0x0098 Length: 16 Data: 74 65 73 74 6D 61 67 65 00 00 00 00 00 00 00 00 
[09.02.2012 10:48:29] (Debug) Unhandled interpacket: Opcode: 0x0098 Length: 16 Data: 53 74 61 6E 00 00 00 00 00 00 00 00 00 00 00 00 
[09.02.2012 10:48:32] (Debug) Unhandled interpacket: Opcode: 0x0098 Length: 16 Data: 74 65 73 74 6D 61 67 65 00 00 00 00 00 00 00 00 
[09.02.2012 10:48:32] (Debug) Unhandled interpacket: Opcode: 0x0098 Length: 16 Data: 53 74 61 6E 00 00 00 00 00 00 00 00 00 00 00 00 
[09.02.2012 10:48:35] (Debug) Unhandled interpacket: Opcode: 0x0098 Length: 16 Data: 74 65 73 74 6D 61 67 65 00 00 00 00 00 00 00 00 
[09.02.2012 10:48:35] (Debug) Unhandled interpacket: Opcode: 0x0098 Length: 16 Data: 53 74 61 6E 00 00 00 00 00 00 00 00 00 00 00 00 
[09.02.2012 10:48:38] (Debug) Unhandled interpacket: Opcode: 0x0098 Length: 16 Data: 74 65 73 74 6D 61 67 65 00 00 00 00 00 00 00 00 
[09.02.2012 10:48:38] (Debug) Unhandled interpacket: Opcode: 0x0098 Length: 16 Data: 53 74 61 6E 00 00 00 00 00 00 00 00 00 00 00 00 
[09.02.2012 10:48:41] (Debug) Unhandled interpacket: Opcode: 0x0098 Length: 16 Data: 74 65 73 74 6D 61 67 65 00 00 00 00 00 00 00 00 
[09.02.2012 10:48:41] (Debug) Unhandled interpacket: Opcode: 0x0098 Length: 16 Data: 53 74 61 6E 00 00 00 00 00 00 00 00 00 00 00 00 
[09.02.2012 10:48:44] (Debug) Unhandled packet: 22|27 Opcode: 0x581B Length: 0 Data: 
[09.02.2012 10:48:44] (Debug) Unhandled interpacket: Opcode: 0x0098 Length: 16 Data: 74 65 73 74 6D 61 67 65 00 00 00 00 00 00 00 00 
[09.02.2012 10:48:44] (Debug) Unhandled interpacket: Opcode: 0x0098 Length: 16 Data: 53 74 61 6E 00 00 00 00 00 00 00 00 00 00 00 00 
[09.02.2012 10:48:47] (Debug) Unhandled interpacket: Opcode: 0x0098 Length: 16 Data: 74 65 73 74 6D 61 67 65 00 00 00 00 00 00 00 00 
[09.02.2012 10:48:47] (Debug) Unhandled interpacket: Opcode: 0x0098 Length: 16 Data: 53 74 61 6E 00 00 00 00 00 00 00 00 00 00 00 00 
[09.02.2012 10:48:50] (Debug) Unhandled interpacket: Opcode: 0x0098 Length: 16 Data: 74 65 73 74 6D 61 67 65 00 00 00 00 00 00 00 00 
[09.02.2012 10:48:50] (Debug) Unhandled interpacket: Opcode: 0x0098 Length: 16 Data: 53 74 61 6E 00 00 00 00 00 00 00 00 00 00 00 00 
[09.02.2012 10:48:53] (Debug) Unhandled interpacket: Opcode: 0x0098 Length: 16 Data: 74 65 73 74 6D 61 67 65 00 00 00 00 00 00 00 00 
[09.02.2012 10:48:53] (Debug) Unhandled interpacket: Opcode: 0x0098 Length: 16 Data: 53 74 61 6E 00 00 00 00 00 00 00 00 00 00 00 00 
[09.02.2012 10:48:56] (Debug) Unhandled interpacket: Opcode: 0x0098 Length: 16 Data: 74 65 73 74 6D 61 67 65 00 00 00 00 00 00 00 00 
[09.02.2012 10:48:56] (Debug) Unhandled interpacket: Opcode: 0x0098 Length: 16 Data: 53 74 61 6E 00 00 00 00 00 00 00 00 00 00 00 00 
[09.02.2012 10:48:59] (Debug) Unhandled interpacket: Opcode: 0x0098 Length: 16 Data: 74 65 73 74 6D 61 67 65 00 00 00 00 00 00 00 00 
[09.02.2012 10:48:59] (Debug) Unhandled interpacket: Opcode: 0x0098 Length: 16 Data: 53 74 61 6E 00 00 00 00 00 00 00 00 00 00 00 00 
[09.02.2012 10:49:02] (Debug) Unhandled interpacket: Opcode: 0x0098 Length: 16 Data: 74 65 73 74 6D 61 67 65 00 00 00 00 00 00 00 00 
[09.02.2012 10:49:02] (Debug) Unhandled interpacket: Opcode: 0x0098 Length: 16 Data: 53 74 61 6E 00 00 00 00 00 00 00 00 00 00 00 00 
[09.02.2012 10:49:05] (Debug) Unhandled interpacket: Opcode: 0x0098 Length: 16 Data: 74 65 73 74 6D 61 67 65 00 00 00 00 00 00 00 00 
[09.02.2012 10:49:05] (Debug) Unhandled interpacket: Opcode: 0x0098 Length: 16 Data: 53 74 61 6E 00 00 00 00 00 00 00 00 00 00 00 00 
[09.02.2012 10:49:08] (Debug) Unhandled interpacket: Opcode: 0x0098 Length: 16 Data: 74 65 73 74 6D 61 67 65 00 00 00 00 00 00 00 00 
[09.02.2012 10:49:08] (Debug) Unhandled interpacket: Opcode: 0x0098 Length: 16 Data: 53 74 61 6E 00 00 00 00 00 00 00 00 00 00 00 00 
[09.02.2012 10:49:11] (Debug) Unhandled interpacket: Opcode: 0x0098 Length: 16 Data: 74 65 73 74 6D 61 67 65 00 00 00 00 00 00 00 00 
[09.02.2012 10:49:11] (Debug) Unhandled interpacket: Opcode: 0x0098 Length: 16 Data: 53 74 61 6E 00 00 00 00 00 00 00 00 00 00 00 00 
[09.02.2012 10:49:14] (Debug) Unhandled interpacket: Opcode: 0x0098 Length: 16 Data: 74 65 73 74 6D 61 67 65 00 00 00 00 00 00 00 00 
[09.02.2012 10:49:14] (Debug) Unhandled interpacket: Opcode: 0x0098 Length: 16 Data: 53 74 61 6E 00 00 00 00 00 00 00 00 00 00 00 00 
[09.02.2012 10:49:17] (Debug) Unhandled interpacket: Opcode: 0x0098 Length: 16 Data: 74 65 73 74 6D 61 67 65 00 00 00 00 00 00 00 00 
[09.02.2012 10:49:17] (Debug) Unhandled interpacket: Opcode: 0x0098 Length: 16 Data: 53 74 61 6E 00 00 00 00 00 00 00 00 00 00 00 00 
[09.02.2012 10:49:20] (Debug) Unhandled interpacket: Opcode: 0x0098 Length: 16 Data: 74 65 73 74 6D 61 67 65 00 00 00 00 00 00 00 00 
[09.02.2012 10:49:20] (Debug) Unhandled interpacket: Opcode: 0x0098 Length: 16 Data: 53 74 61 6E 00 00 00 00 00 00 00 00 00 00 00 00 
[09.02.2012 10:49:23] (Debug) Unhandled interpacket: Opcode: 0x0098 Length: 16 Data: 74 65 73 74 6D 61 67 65 00 00 00 00 00 00 00 00 
[09.02.2012 10:49:23] (Debug) Unhandled interpacket: Opcode: 0x0098 Length: 16 Data: 53 74 61 6E 00 00 00 00 00 00 00 00 00 00 00 00 
[09.02.2012 10:49:26] (Debug) Unhandled interpacket: Opcode: 0x0098 Length: 16 Data: 74 65 73 74 6D 61 67 65 00 00 00 00 00 00 00 00 
[09.02.2012 10:49:26] (Debug) Unhandled interpacket: Opcode: 0x0098 Length: 16 Data: 53 74 61 6E 00 00 00 00 00 00 00 00 00 00 00 00 
[09.02.2012 10:49:29] (Debug) Unhandled interpacket: Opcode: 0x0098 Length: 16 Data: 74 65 73 74 6D 61 67 65 00 00 00 00 00 00 00 00 
[09.02.2012 10:49:29] (Debug) Unhandled interpacket: Opcode: 0x0098 Length: 16 Data: 53 74 61 6E 00 00 00 00 00 00 00 00 00 00 00 00 
[09.02.2012 10:49:32] (Debug) Unhandled interpacket: Opcode: 0x0098 Length: 16 Data: 74 65 73 74 6D 61 67 65 00 00 00 00 00 00 00 00 
[09.02.2012 10:49:32] (Debug) Unhandled interpacket: Opcode: 0x0098 Length: 16 Data: 53 74 61 6E 00 00 00 00 00 00 00 00 00 00 00 00 
[09.02.2012 10:49:35] (Debug) Unhandled interpacket: Opcode: 0x0098 Length: 16 Data: 74 65 73 74 6D 61 67 65 00 00 00 00 00 00 00 00 
[09.02.2012 10:49:35] (Debug) Unhandled interpacket: Opcode: 0x0098 Length: 16 Data: 53 74 61 6E 00 00 00 00 00 00 00 00 00 00 00 00 
[09.02.2012 10:49:38] (Debug) Unhandled interpacket: Opcode: 0x0098 Length: 16 Data: 74 65 73 74 6D 61 67 65 00 00 00 00 00 00 00 00 
[09.02.2012 10:49:38] (Debug) Unhandled interpacket: Opcode: 0x0098 Length: 16 Data: 53 74 61 6E 00 00 00 00 00 00 00 00 00 00 00 00 
[09.02.2012 10:49:41] (Debug) Unhandled interpacket: Opcode: 0x0098 Length: 16 Data: 74 65 73 74 6D 61 67 65 00 00 00 00 00 00 00 00 
[09.02.2012 10:49:41] (Debug) Unhandled interpacket: Opcode: 0x0098 Length: 16 Data: 53 74 61 6E 00 00 00 00 00 00 00 00 00 00 00 00 
[09.02.2012 10:49:44] (Debug) Unhandled interpacket: Opcode: 0x0098 Length: 16 Data: 74 65 73 74 6D 61 67 65 00 00 00 00 00 00 00 00 
[09.02.2012 10:49:44] (Debug) Unhandled interpacket: Opcode: 0x0098 Length: 16 Data: 53 74 61 6E 00 00 00 00 00 00 00 00 00 00 00 00 
[09.02.2012 10:49:47] (Debug) Unhandled interpacket: Opcode: 0x0098 Length: 16 Data: 74 65 73 74 6D 61 67 65 00 00 00 00 00 00 00 00 
[09.02.2012 10:49:47] (Debug) Unhandled interpacket: Opcode: 0x0098 Length: 16 Data: 53 74 61 6E 00 00 00 00 00 00 00 00 00 00 00 00 
[09.02.2012 10:49:50] (Debug) Unhandled interpacket: Opcode: 0x0098 Length: 16 Data: 74 65 73 74 6D 61 67 65 00 00 00 00 00 00 00 00 
[09.02.2012 10:49:50] (Debug) Unhandled interpacket: Opcode: 0x0098 Length: 16 Data: 53 74 61 6E 00 00 00 00 00 00 00 00 00 00 00 00 
[09.02.2012 10:49:53] (Debug) Unhandled interpacket: Opcode: 0x0098 Length: 16 Data: 74 65 73 74 6D 61 67 65 00 00 00 00 00 00 00 00 
[09.02.2012 10:49:53] (Debug) Unhandled interpacket: Opcode: 0x0098 Length: 16 Data: 53 74 61 6E 00 00 00 00 00 00 00 00 00 00 00 00 
[09.02.2012 10:49:56] (Debug) Unhandled interpacket: Opcode: 0x0098 Length: 16 Data: 74 65 73 74 6D 61 67 65 00 00 00 00 00 00 00 00 
[09.02.2012 10:49:56] (Debug) Unhandled interpacket: Opcode: 0x0098 Length: 16 Data: 53 74 61 6E 00 00 00 00 00 00 00 00 00 00 00 00 
[09.02.2012 10:49:59] (Debug) Unhandled interpacket: Opcode: 0x0098 Length: 16 Data: 74 65 73 74 6D 61 67 65 00 00 00 00 00 00 00 00 
[09.02.2012 10:49:59] (Debug) Unhandled interpacket: Opcode: 0x0098 Length: 16 Data: 53 74 61 6E 00 00 00 00 00 00 00 00 00 00 00 00 
[09.02.2012 10:50:02] (Debug) Unhandled interpacket: Opcode: 0x0098 Length: 16 Data: 74 65 73 74 6D 61 67 65 00 00 00 00 00 00 00 00 
[09.02.2012 10:50:02] (Debug) Unhandled interpacket: Opcode: 0x0098 Length: 16 Data: 53 74 61 6E 00 00 00 00 00 00 00 00 00 00 00 00 
[09.02.2012 10:50:05] (Debug) Unhandled interpacket: Opcode: 0x0098 Length: 16 Data: 74 65 73 74 6D 61 67 65 00 00 00 00 00 00 00 00 
[09.02.2012 10:50:05] (Debug) Unhandled interpacket: Opcode: 0x0098 Length: 16 Data: 53 74 61 6E 00 00 00 00 00 00 00 00 00 00 00 00 
[09.02.2012 10:50:07] (Info) Zone 0 disconnected.
