[09.02.2012 09:48:21] (Info) 6 InterHandlers loaded.
[09.02.2012 09:48:21] (Info) 27 Handlers loaded.
[09.02.2012 09:48:21] (Info) Loaded 1182 bad names.
[09.02.2012 09:48:21] (Info) DataProvider initialized successfully!
[09.02.2012 09:48:21] (Info) Listening on port 11000 for zones.
[09.02.2012 09:48:21] (Info) Connected to server @ localhost:10000
[09.02.2012 09:48:21] (Info) ClientManager initialized.
[09.02.2012 09:48:21] (Info) WorldAcceptor ready at 9110
[09.02.2012 09:48:21] (Info) IV data received
[09.02.2012 09:48:21] (Info) <3 LoginServer.
[09.02.2012 09:48:30] (Info) Incoming connection from 85.214.55.189:52400
[09.02.2012 09:48:30] (Info) IV data received
[09.02.2012 09:48:31] (Info) Added zone 0 with 64 maps.
[09.02.2012 09:48:31] (Info) Zone 0 listens @ 85.214.55.189:9210
[09.02.2012 09:49:40] (Debug) Client connected from 188.96.168.19
[09.02.2012 09:49:41] (Debug) test authenticated.
[09.02.2012 09:49:41] (Debug) Unhandled packet: 2|13 Opcode: 0x080D Length: 0 Data: 
[09.02.2012 09:49:57] (Debug) Client connected from 188.96.168.19
[09.02.2012 09:49:57] (Debug) test99 authenticated.
[09.02.2012 09:49:57] (Debug) Unhandled packet: 2|13 Opcode: 0x080D Length: 0 Data: 
[09.02.2012 09:50:18] (Debug) Unhandled packet: 22|27 Opcode: 0x581B Length: 0 Data: 
[09.02.2012 09:50:21] (Debug) Unhandled packet: 22|27 Opcode: 0x581B Length: 0 Data: 
[09.02.2012 09:51:14] (Debug) Unhandled interpacket: Opcode: 0x0098 Length: 16 Data: 53 74 61 6E 00 00 00 00 00 00 00 00 00 00 00 00 
[09.02.2012 09:51:14] (Debug) Unhandled interpacket: Opcode: 0x0098 Length: 16 Data: 74 65 73 74 6D 61 67 65 00 00 00 00 00 00 00 00 
[09.02.2012 09:51:38] (Debug) Unhandled interpacket: Opcode: 0x0098 Length: 16 Data: 74 65 73 74 6D 61 67 65 00 00 00 00 00 00 00 00 
[09.02.2012 09:51:38] (Debug) Unhandled interpacket: Opcode: 0x0098 Length: 16 Data: 53 74 61 6E 00 00 00 00 00 00 00 00 00 00 00 00 
[09.02.2012 09:51:41] (Debug) Unhandled interpacket: Opcode: 0x0098 Length: 16 Data: 53 74 61 6E 00 00 00 00 00 00 00 00 00 00 00 00 
[09.02.2012 09:51:41] (Debug) Unhandled interpacket: Opcode: 0x0098 Length: 16 Data: 74 65 73 74 6D 61 67 65 00 00 00 00 00 00 00 00 
[09.02.2012 09:51:44] (Debug) Unhandled interpacket: Opcode: 0x0098 Length: 16 Data: 53 74 61 6E 00 00 00 00 00 00 00 00 00 00 00 00 
[09.02.2012 09:51:44] (Debug) Unhandled interpacket: Opcode: 0x0098 Length: 16 Data: 74 65 73 74 6D 61 67 65 00 00 00 00 00 00 00 00 
[09.02.2012 09:51:47] (Debug) Unhandled interpacket: Opcode: 0x0098 Length: 16 Data: 53 74 61 6E 00 00 00 00 00 00 00 00 00 00 00 00 
[09.02.2012 09:51:47] (Debug) Unhandled interpacket: Opcode: 0x0098 Length: 16 Data: 74 65 73 74 6D 61 67 65 00 00 00 00 00 00 00 00 
[09.02.2012 09:51:50] (Debug) Unhandled interpacket: Opcode: 0x0098 Length: 16 Data: 53 74 61 6E 00 00 00 00 00 00 00 00 00 00 00 00 
[09.02.2012 09:51:50] (Debug) Unhandled interpacket: Opcode: 0x0098 Length: 16 Data: 74 65 73 74 6D 61 67 65 00 00 00 00 00 00 00 00 
[09.02.2012 09:51:53] (Debug) Unhandled interpacket: Opcode: 0x0098 Length: 16 Data: 74 65 73 74 6D 61 67 65 00 00 00 00 00 00 00 00 
[09.02.2012 09:51:53] (Debug) Unhandled interpacket: Opcode: 0x0098 Length: 16 Data: 53 74 61 6E 00 00 00 00 00 00 00 00 00 00 00 00 
[09.02.2012 09:51:56] (Debug) Unhandled interpacket: Opcode: 0x0098 Length: 16 Data: 74 65 73 74 6D 61 67 65 00 00 00 00 00 00 00 00 
[09.02.2012 09:51:56] (Debug) Unhandled interpacket: Opcode: 0x0098 Length: 16 Data: 53 74 61 6E 00 00 00 00 00 00 00 00 00 00 00 00 
[09.02.2012 09:51:59] (Debug) Unhandled interpacket: Opcode: 0x0098 Length: 16 Data: 53 74 61 6E 00 00 00 00 00 00 00 00 00 00 00 00 
[09.02.2012 09:51:59] (Debug) Unhandled interpacket: Opcode: 0x0098 Length: 16 Data: 74 65 73 74 6D 61 67 65 00 00 00 00 00 00 00 00 
[09.02.2012 09:52:02] (Debug) Unhandled interpacket: Opcode: 0x0098 Length: 16 Data: 53 74 61 6E 00 00 00 00 00 00 00 00 00 00 00 00 
[09.02.2012 09:52:02] (Debug) Unhandled interpacket: Opcode: 0x0098 Length: 16 Data: 74 65 73 74 6D 61 67 65 00 00 00 00 00 00 00 00 
[09.02.2012 09:52:05] (Debug) Unhandled interpacket: Opcode: 0x0098 Length: 16 Data: 74 65 73 74 6D 61 67 65 00 00 00 00 00 00 00 00 
[09.02.2012 09:52:05] (Debug) Unhandled interpacket: Opcode: 0x0098 Length: 16 Data: 53 74 61 6E 00 00 00 00 00 00 00 00 00 00 00 00 
[09.02.2012 09:52:08] (Debug) Unhandled interpacket: Opcode: 0x0098 Length: 16 Data: 53 74 61 6E 00 00 00 00 00 00 00 00 00 00 00 00 
[09.02.2012 09:52:08] (Debug) Unhandled interpacket: Opcode: 0x0098 Length: 16 Data: 74 65 73 74 6D 61 67 65 00 00 00 00 00 00 00 00 
[09.02.2012 09:52:11] (Debug) Unhandled interpacket: Opcode: 0x0098 Length: 16 Data: 74 65 73 74 6D 61 67 65 00 00 00 00 00 00 00 00 
[09.02.2012 09:52:11] (Debug) Unhandled interpacket: Opcode: 0x0098 Length: 16 Data: 53 74 61 6E 00 00 00 00 00 00 00 00 00 00 00 00 
[09.02.2012 09:52:14] (Debug) Unhandled interpacket: Opcode: 0x0098 Length: 16 Data: 53 74 61 6E 00 00 00 00 00 00 00 00 00 00 00 00 
[09.02.2012 09:52:14] (Debug) Unhandled interpacket: Opcode: 0x0098 Length: 16 Data: 74 65 73 74 6D 61 67 65 00 00 00 00 00 00 00 00 
[09.02.2012 09:52:17] (Debug) Unhandled interpacket: Opcode: 0x0098 Length: 16 Data: 74 65 73 74 6D 61 67 65 00 00 00 00 00 00 00 00 
[09.02.2012 09:52:17] (Debug) Unhandled interpacket: Opcode: 0x0098 Length: 16 Data: 53 74 61 6E 00 00 00 00 00 00 00 00 00 00 00 00 
[09.02.2012 09:52:34] (Debug) Unhandled interpacket: Opcode: 0x0098 Length: 16 Data: 74 65 73 74 6D 61 67 65 00 00 00 00 00 00 00 00 
[09.02.2012 09:52:34] (Debug) Unhandled interpacket: Opcode: 0x0098 Length: 16 Data: 53 74 61 6E 00 00 00 00 00 00 00 00 00 00 00 00 
[09.02.2012 09:52:37] (Debug) Unhandled interpacket: Opcode: 0x0098 Length: 16 Data: 74 65 73 74 6D 61 67 65 00 00 00 00 00 00 00 00 
[09.02.2012 09:52:37] (Debug) Unhandled interpacket: Opcode: 0x0098 Length: 16 Data: 53 74 61 6E 00 00 00 00 00 00 00 00 00 00 00 00 
[09.02.2012 09:52:41] (Debug) Unhandled interpacket: Opcode: 0x0098 Length: 16 Data: 74 65 73 74 6D 61 67 65 00 00 00 00 00 00 00 00 
[09.02.2012 09:52:41] (Debug) Unhandled interpacket: Opcode: 0x0098 Length: 16 Data: 53 74 61 6E 00 00 00 00 00 00 00 00 00 00 00 00 
[09.02.2012 09:52:44] (Debug) Unhandled interpacket: Opcode: 0x0098 Length: 16 Data: 74 65 73 74 6D 61 67 65 00 00 00 00 00 00 00 00 
[09.02.2012 09:52:44] (Debug) Unhandled interpacket: Opcode: 0x0098 Length: 16 Data: 53 74 61 6E 00 00 00 00 00 00 00 00 00 00 00 00 
[09.02.2012 09:52:47] (Debug) Unhandled interpacket: Opcode: 0x0098 Length: 16 Data: 74 65 73 74 6D 61 67 65 00 00 00 00 00 00 00 00 
[09.02.2012 09:52:47] (Debug) Unhandled interpacket: Opcode: 0x0098 Length: 16 Data: 53 74 61 6E 00 00 00 00 00 00 00 00 00 00 00 00 
[09.02.2012 09:53:00] (Debug) Unhandled interpacket: Opcode: 0x0098 Length: 16 Data: 53 74 61 6E 00 00 00 00 00 00 00 00 00 00 00 00 
[09.02.2012 09:53:00] (Debug) Unhandled interpacket: Opcode: 0x0098 Length: 16 Data: 74 65 73 74 6D 61 67 65 00 00 00 00 00 00 00 00 
[09.02.2012 09:53:03] (Debug) Unhandled interpacket: Opcode: 0x0098 Length: 16 Data: 53 74 61 6E 00 00 00 00 00 00 00 00 00 00 00 00 
[09.02.2012 09:53:03] (Debug) Unhandled interpacket: Opcode: 0x0098 Length: 16 Data: 74 65 73 74 6D 61 67 65 00 00 00 00 00 00 00 00 
[09.02.2012 09:53:06] (Debug) Unhandled interpacket: Opcode: 0x0098 Length: 16 Data: 53 74 61 6E 00 00 00 00 00 00 00 00 00 00 00 00 
[09.02.2012 09:53:06] (Debug) Unhandled interpacket: Opcode: 0x0098 Length: 16 Data: 74 65 73 74 6D 61 67 65 00 00 00 00 00 00 00 00 
[09.02.2012 09:53:09] (Debug) Unhandled interpacket: Opcode: 0x0098 Length: 16 Data: 74 65 73 74 6D 61 67 65 00 00 00 00 00 00 00 00 
[09.02.2012 09:53:09] (Debug) Unhandled interpacket: Opcode: 0x0098 Length: 16 Data: 53 74 61 6E 00 00 00 00 00 00 00 00 00 00 00 00 
[09.02.2012 09:53:12] (Debug) Unhandled interpacket: Opcode: 0x0098 Length: 16 Data: 53 74 61 6E 00 00 00 00 00 00 00 00 00 00 00 00 
[09.02.2012 09:53:12] (Debug) Unhandled interpacket: Opcode: 0x0098 Length: 16 Data: 74 65 73 74 6D 61 67 65 00 00 00 00 00 00 00 00 
[09.02.2012 09:53:15] (Debug) Unhandled interpacket: Opcode: 0x0098 Length: 16 Data: 74 65 73 74 6D 61 67 65 00 00 00 00 00 00 00 00 
[09.02.2012 09:53:15] (Debug) Unhandled interpacket: Opcode: 0x0098 Length: 16 Data: 53 74 61 6E 00 00 00 00 00 00 00 00 00 00 00 00 
[09.02.2012 09:53:18] (Debug) Unhandled interpacket: Opcode: 0x0098 Length: 16 Data: 53 74 61 6E 00 00 00 00 00 00 00 00 00 00 00 00 
[09.02.2012 09:53:18] (Debug) Unhandled interpacket: Opcode: 0x0098 Length: 16 Data: 74 65 73 74 6D 61 67 65 00 00 00 00 00 00 00 00 
[09.02.2012 09:53:21] (Debug) Unhandled interpacket: Opcode: 0x0098 Length: 16 Data: 74 65 73 74 6D 61 67 65 00 00 00 00 00 00 00 00 
[09.02.2012 09:53:21] (Debug) Unhandled interpacket: Opcode: 0x0098 Length: 16 Data: 53 74 61 6E 00 00 00 00 00 00 00 00 00 00 00 00 
[09.02.2012 09:53:24] (Debug) Unhandled interpacket: Opcode: 0x0098 Length: 16 Data: 74 65 73 74 6D 61 67 65 00 00 00 00 00 00 00 00 
[09.02.2012 09:53:24] (Debug) Unhandled interpacket: Opcode: 0x0098 Length: 16 Data: 53 74 61 6E 00 00 00 00 00 00 00 00 00 00 00 00 
[09.02.2012 09:53:27] (Debug) Unhandled interpacket: Opcode: 0x0098 Length: 16 Data: 53 74 61 6E 00 00 00 00 00 00 00 00 00 00 00 00 
[09.02.2012 09:53:27] (Debug) Unhandled interpacket: Opcode: 0x0098 Length: 16 Data: 74 65 73 74 6D 61 67 65 00 00 00 00 00 00 00 00 
[09.02.2012 09:53:30] (Debug) Unhandled interpacket: Opcode: 0x0098 Length: 16 Data: 53 74 61 6E 00 00 00 00 00 00 00 00 00 00 00 00 
[09.02.2012 09:53:30] (Debug) Unhandled interpacket: Opcode: 0x0098 Length: 16 Data: 74 65 73 74 6D 61 67 65 00 00 00 00 00 00 00 00 
[09.02.2012 09:53:33] (Debug) Unhandled interpacket: Opcode: 0x0098 Length: 16 Data: 53 74 61 6E 00 00 00 00 00 00 00 00 00 00 00 00 
[09.02.2012 09:53:33] (Debug) Unhandled interpacket: Opcode: 0x0098 Length: 16 Data: 74 65 73 74 6D 61 67 65 00 00 00 00 00 00 00 00 
[09.02.2012 09:53:36] (Debug) Unhandled interpacket: Opcode: 0x0098 Length: 16 Data: 53 74 61 6E 00 00 00 00 00 00 00 00 00 00 00 00 
[09.02.2012 09:53:36] (Debug) Unhandled interpacket: Opcode: 0x0098 Length: 16 Data: 74 65 73 74 6D 61 67 65 00 00 00 00 00 00 00 00 
[09.02.2012 09:53:39] (Debug) Unhandled interpacket: Opcode: 0x0098 Length: 16 Data: 53 74 61 6E 00 00 00 00 00 00 00 00 00 00 00 00 
[09.02.2012 09:53:39] (Debug) Unhandled interpacket: Opcode: 0x0098 Length: 16 Data: 74 65 73 74 6D 61 67 65 00 00 00 00 00 00 00 00 
[09.02.2012 09:53:42] (Debug) Unhandled interpacket: Opcode: 0x0098 Length: 16 Data: 74 65 73 74 6D 61 67 65 00 00 00 00 00 00 00 00 
[09.02.2012 09:53:42] (Debug) Unhandled interpacket: Opcode: 0x0098 Length: 16 Data: 53 74 61 6E 00 00 00 00 00 00 00 00 00 00 00 00 
[09.02.2012 09:53:45] (Debug) Unhandled interpacket: Opcode: 0x0098 Length: 16 Data: 74 65 73 74 6D 61 67 65 00 00 00 00 00 00 00 00 
[09.02.2012 09:53:45] (Debug) Unhandled interpacket: Opcode: 0x0098 Length: 16 Data: 53 74 61 6E 00 00 00 00 00 00 00 00 00 00 00 00 
[09.02.2012 09:53:48] (Debug) Unhandled interpacket: Opcode: 0x0098 Length: 16 Data: 74 65 73 74 6D 61 67 65 00 00 00 00 00 00 00 00 
[09.02.2012 09:53:48] (Debug) Unhandled interpacket: Opcode: 0x0098 Length: 16 Data: 53 74 61 6E 00 00 00 00 00 00 00 00 00 00 00 00 
[09.02.2012 09:53:51] (Debug) Unhandled interpacket: Opcode: 0x0098 Length: 16 Data: 53 74 61 6E 00 00 00 00 00 00 00 00 00 00 00 00 
[09.02.2012 09:53:51] (Debug) Unhandled interpacket: Opcode: 0x0098 Length: 16 Data: 74 65 73 74 6D 61 67 65 00 00 00 00 00 00 00 00 
[09.02.2012 09:53:54] (Debug) Unhandled interpacket: Opcode: 0x0098 Length: 16 Data: 53 74 61 6E 00 00 00 00 00 00 00 00 00 00 00 00 
[09.02.2012 09:53:54] (Debug) Unhandled interpacket: Opcode: 0x0098 Length: 16 Data: 74 65 73 74 6D 61 67 65 00 00 00 00 00 00 00 00 
[09.02.2012 09:53:57] (Debug) Unhandled interpacket: Opcode: 0x0098 Length: 16 Data: 53 74 61 6E 00 00 00 00 00 00 00 00 00 00 00 00 
[09.02.2012 09:53:57] (Debug) Unhandled interpacket: Opcode: 0x0098 Length: 16 Data: 74 65 73 74 6D 61 67 65 00 00 00 00 00 00 00 00 
[09.02.2012 09:54:00] (Debug) Unhandled interpacket: Opcode: 0x0098 Length: 16 Data: 53 74 61 6E 00 00 00 00 00 00 00 00 00 00 00 00 
[09.02.2012 09:54:00] (Debug) Unhandled interpacket: Opcode: 0x0098 Length: 16 Data: 74 65 73 74 6D 61 67 65 00 00 00 00 00 00 00 00 
[09.02.2012 09:54:03] (Debug) Unhandled interpacket: Opcode: 0x0098 Length: 16 Data: 53 74 61 6E 00 00 00 00 00 00 00 00 00 00 00 00 
[09.02.2012 09:54:03] (Debug) Unhandled interpacket: Opcode: 0x0098 Length: 16 Data: 74 65 73 74 6D 61 67 65 00 00 00 00 00 00 00 00 
[09.02.2012 09:54:06] (Debug) Unhandled interpacket: Opcode: 0x0098 Length: 16 Data: 53 74 61 6E 00 00 00 00 00 00 00 00 00 00 00 00 
[09.02.2012 09:54:24] (Debug) Unhandled interpacket: Opcode: 0x0098 Length: 16 Data: 74 65 73 74 6D 61 67 65 00 00 00 00 00 00 00 00 
[09.02.2012 09:54:25] (Debug) Unhandled interpacket: Opcode: 0x0098 Length: 16 Data: 53 74 61 6E 00 00 00 00 00 00 00 00 00 00 00 00 
[09.02.2012 09:54:27] (Debug) Unhandled interpacket: Opcode: 0x0098 Length: 16 Data: 74 65 73 74 6D 61 67 65 00 00 00 00 00 00 00 00 
[09.02.2012 09:54:28] (Debug) Unhandled interpacket: Opcode: 0x0098 Length: 16 Data: 53 74 61 6E 00 00 00 00 00 00 00 00 00 00 00 00 
[09.02.2012 09:54:30] (Debug) Unhandled interpacket: Opcode: 0x0098 Length: 16 Data: 74 65 73 74 6D 61 67 65 00 00 00 00 00 00 00 00 
[09.02.2012 09:54:31] (Debug) Unhandled interpacket: Opcode: 0x0098 Length: 16 Data: 53 74 61 6E 00 00 00 00 00 00 00 00 00 00 00 00 
[09.02.2012 09:54:33] (Debug) Unhandled interpacket: Opcode: 0x0098 Length: 16 Data: 74 65 73 74 6D 61 67 65 00 00 00 00 00 00 00 00 
[09.02.2012 09:54:34] (Debug) Unhandled interpacket: Opcode: 0x0098 Length: 16 Data: 53 74 61 6E 00 00 00 00 00 00 00 00 00 00 00 00 
[09.02.2012 09:54:36] (Debug) Unhandled interpacket: Opcode: 0x0098 Length: 16 Data: 74 65 73 74 6D 61 67 65 00 00 00 00 00 00 00 00 
[09.02.2012 09:54:37] (Debug) Unhandled interpacket: Opcode: 0x0098 Length: 16 Data: 53 74 61 6E 00 00 00 00 00 00 00 00 00 00 00 00 
[09.02.2012 09:54:39] (Debug) Unhandled interpacket: Opcode: 0x0098 Length: 16 Data: 74 65 73 74 6D 61 67 65 00 00 00 00 00 00 00 00 
[09.02.2012 09:54:40] (Debug) Unhandled interpacket: Opcode: 0x0098 Length: 16 Data: 53 74 61 6E 00 00 00 00 00 00 00 00 00 00 00 00 
[09.02.2012 09:54:42] (Debug) Unhandled interpacket: Opcode: 0x0098 Length: 16 Data: 74 65 73 74 6D 61 67 65 00 00 00 00 00 00 00 00 
[09.02.2012 09:54:43] (Debug) Unhandled interpacket: Opcode: 0x0098 Length: 16 Data: 53 74 61 6E 00 00 00 00 00 00 00 00 00 00 00 00 
[09.02.2012 09:54:45] (Debug) Unhandled interpacket: Opcode: 0x0098 Length: 16 Data: 74 65 73 74 6D 61 67 65 00 00 00 00 00 00 00 00 
[09.02.2012 09:54:46] (Debug) Unhandled interpacket: Opcode: 0x0098 Length: 16 Data: 53 74 61 6E 00 00 00 00 00 00 00 00 00 00 00 00 
[09.02.2012 09:54:48] (Debug) Unhandled interpacket: Opcode: 0x0098 Length: 16 Data: 74 65 73 74 6D 61 67 65 00 00 00 00 00 00 00 00 
[09.02.2012 09:54:49] (Debug) Unhandled interpacket: Opcode: 0x0098 Length: 16 Data: 53 74 61 6E 00 00 00 00 00 00 00 00 00 00 00 00 
[09.02.2012 09:54:51] (Debug) Unhandled interpacket: Opcode: 0x0098 Length: 16 Data: 74 65 73 74 6D 61 67 65 00 00 00 00 00 00 00 00 
[09.02.2012 09:54:52] (Debug) Unhandled interpacket: Opcode: 0x0098 Length: 16 Data: 53 74 61 6E 00 00 00 00 00 00 00 00 00 00 00 00 
[09.02.2012 09:54:54] (Debug) Unhandled interpacket: Opcode: 0x0098 Length: 16 Data: 74 65 73 74 6D 61 67 65 00 00 00 00 00 00 00 00 
[09.02.2012 09:54:55] (Debug) Unhandled interpacket: Opcode: 0x0098 Length: 16 Data: 53 74 61 6E 00 00 00 00 00 00 00 00 00 00 00 00 
[09.02.2012 09:54:57] (Debug) Unhandled interpacket: Opcode: 0x0098 Length: 16 Data: 74 65 73 74 6D 61 67 65 00 00 00 00 00 00 00 00 
[09.02.2012 09:54:59] (Debug) Unhandled interpacket: Opcode: 0x0098 Length: 16 Data: 53 74 61 6E 00 00 00 00 00 00 00 00 00 00 00 00 
[09.02.2012 09:55:00] (Debug) Unhandled interpacket: Opcode: 0x0098 Length: 16 Data: 74 65 73 74 6D 61 67 65 00 00 00 00 00 00 00 00 
[09.02.2012 09:55:02] (Debug) Unhandled interpacket: Opcode: 0x0098 Length: 16 Data: 53 74 61 6E 00 00 00 00 00 00 00 00 00 00 00 00 
[09.02.2012 09:55:03] (Debug) Unhandled interpacket: Opcode: 0x0098 Length: 16 Data: 74 65 73 74 6D 61 67 65 00 00 00 00 00 00 00 00 
[09.02.2012 09:55:05] (Debug) Unhandled interpacket: Opcode: 0x0098 Length: 16 Data: 53 74 61 6E 00 00 00 00 00 00 00 00 00 00 00 00 
[09.02.2012 09:55:06] (Debug) Unhandled interpacket: Opcode: 0x0098 Length: 16 Data: 74 65 73 74 6D 61 67 65 00 00 00 00 00 00 00 00 
[09.02.2012 09:55:08] (Debug) Unhandled interpacket: Opcode: 0x0098 Length: 16 Data: 53 74 61 6E 00 00 00 00 00 00 00 00 00 00 00 00 
[09.02.2012 09:55:09] (Debug) Unhandled interpacket: Opcode: 0x0098 Length: 16 Data: 74 65 73 74 6D 61 67 65 00 00 00 00 00 00 00 00 
[09.02.2012 09:55:11] (Debug) Unhandled interpacket: Opcode: 0x0098 Length: 16 Data: 53 74 61 6E 00 00 00 00 00 00 00 00 00 00 00 00 
[09.02.2012 09:55:12] (Debug) Unhandled interpacket: Opcode: 0x0098 Length: 16 Data: 74 65 73 74 6D 61 67 65 00 00 00 00 00 00 00 00 
[09.02.2012 09:55:14] (Debug) Unhandled interpacket: Opcode: 0x0098 Length: 16 Data: 53 74 61 6E 00 00 00 00 00 00 00 00 00 00 00 00 
[09.02.2012 09:55:15] (Debug) Unhandled interpacket: Opcode: 0x0098 Length: 16 Data: 74 65 73 74 6D 61 67 65 00 00 00 00 00 00 00 00 
[09.02.2012 09:55:17] (Debug) Unhandled interpacket: Opcode: 0x0098 Length: 16 Data: 53 74 61 6E 00 00 00 00 00 00 00 00 00 00 00 00 
[09.02.2012 09:55:18] (Debug) Unhandled interpacket: Opcode: 0x0098 Length: 16 Data: 74 65 73 74 6D 61 67 65 00 00 00 00 00 00 00 00 
[09.02.2012 09:55:20] (Debug) Unhandled interpacket: Opcode: 0x0098 Length: 16 Data: 53 74 61 6E 00 00 00 00 00 00 00 00 00 00 00 00 
[09.02.2012 09:55:21] (Debug) Unhandled interpacket: Opcode: 0x0098 Length: 16 Data: 74 65 73 74 6D 61 67 65 00 00 00 00 00 00 00 00 
[09.02.2012 09:55:24] (Debug) Unhandled interpacket: Opcode: 0x0098 Length: 16 Data: 53 74 61 6E 00 00 00 00 00 00 00 00 00 00 00 00 
[09.02.2012 09:55:24] (Debug) Unhandled interpacket: Opcode: 0x0098 Length: 16 Data: 74 65 73 74 6D 61 67 65 00 00 00 00 00 00 00 00 
[09.02.2012 09:55:27] (Debug) Unhandled interpacket: Opcode: 0x0098 Length: 16 Data: 53 74 61 6E 00 00 00 00 00 00 00 00 00 00 00 00 
[09.02.2012 09:55:27] (Debug) Unhandled interpacket: Opcode: 0x0098 Length: 16 Data: 74 65 73 74 6D 61 67 65 00 00 00 00 00 00 00 00 
[09.02.2012 09:55:30] (Debug) Unhandled interpacket: Opcode: 0x0098 Length: 16 Data: 53 74 61 6E 00 00 00 00 00 00 00 00 00 00 00 00 
[09.02.2012 09:55:30] (Debug) Unhandled interpacket: Opcode: 0x0098 Length: 16 Data: 74 65 73 74 6D 61 67 65 00 00 00 00 00 00 00 00 
[09.02.2012 09:55:33] (Debug) Unhandled interpacket: Opcode: 0x0098 Length: 16 Data: 53 74 61 6E 00 00 00 00 00 00 00 00 00 00 00 00 
[09.02.2012 09:55:33] (Debug) Unhandled interpacket: Opcode: 0x0098 Length: 16 Data: 74 65 73 74 6D 61 67 65 00 00 00 00 00 00 00 00 
[09.02.2012 09:55:36] (Debug) Unhandled interpacket: Opcode: 0x0098 Length: 16 Data: 53 74 61 6E 00 00 00 00 00 00 00 00 00 00 00 00 
[09.02.2012 09:55:36] (Debug) Unhandled interpacket: Opcode: 0x0098 Length: 16 Data: 74 65 73 74 6D 61 67 65 00 00 00 00 00 00 00 00 
[09.02.2012 09:55:39] (Debug) Unhandled interpacket: Opcode: 0x0098 Length: 16 Data: 53 74 61 6E 00 00 00 00 00 00 00 00 00 00 00 00 
[09.02.2012 09:55:39] (Debug) Unhandled interpacket: Opcode: 0x0098 Length: 16 Data: 74 65 73 74 6D 61 67 65 00 00 00 00 00 00 00 00 
[09.02.2012 09:55:42] (Debug) Unhandled interpacket: Opcode: 0x0098 Length: 16 Data: 53 74 61 6E 00 00 00 00 00 00 00 00 00 00 00 00 
[09.02.2012 09:55:42] (Debug) Unhandled interpacket: Opcode: 0x0098 Length: 16 Data: 74 65 73 74 6D 61 67 65 00 00 00 00 00 00 00 00 
[09.02.2012 09:55:45] (Debug) Unhandled interpacket: Opcode: 0x0098 Length: 16 Data: 74 65 73 74 6D 61 67 65 00 00 00 00 00 00 00 00 
[09.02.2012 09:55:45] (Debug) Unhandled interpacket: Opcode: 0x0098 Length: 16 Data: 53 74 61 6E 00 00 00 00 00 00 00 00 00 00 00 00 
[09.02.2012 09:55:48] (Debug) Unhandled interpacket: Opcode: 0x0098 Length: 16 Data: 74 65 73 74 6D 61 67 65 00 00 00 00 00 00 00 00 
[09.02.2012 09:55:48] (Debug) Unhandled interpacket: Opcode: 0x0098 Length: 16 Data: 53 74 61 6E 00 00 00 00 00 00 00 00 00 00 00 00 
[09.02.2012 09:55:51] (Debug) Unhandled interpacket: Opcode: 0x0098 Length: 16 Data: 74 65 73 74 6D 61 67 65 00 00 00 00 00 00 00 00 
[09.02.2012 09:55:52] (Debug) Unhandled interpacket: Opcode: 0x0098 Length: 16 Data: 53 74 61 6E 00 00 00 00 00 00 00 00 00 00 00 00 
[09.02.2012 09:55:54] (Debug) Unhandled interpacket: Opcode: 0x0098 Length: 16 Data: 74 65 73 74 6D 61 67 65 00 00 00 00 00 00 00 00 
[09.02.2012 09:55:55] (Debug) Unhandled interpacket: Opcode: 0x0098 Length: 16 Data: 53 74 61 6E 00 00 00 00 00 00 00 00 00 00 00 00 
[09.02.2012 09:55:57] (Debug) Unhandled interpacket: Opcode: 0x0098 Length: 16 Data: 74 65 73 74 6D 61 67 65 00 00 00 00 00 00 00 00 
[09.02.2012 09:55:58] (Debug) Unhandled interpacket: Opcode: 0x0098 Length: 16 Data: 53 74 61 6E 00 00 00 00 00 00 00 00 00 00 00 00 
[09.02.2012 09:56:00] (Debug) Unhandled interpacket: Opcode: 0x0098 Length: 16 Data: 74 65 73 74 6D 61 67 65 00 00 00 00 00 00 00 00 
[09.02.2012 09:56:01] (Debug) Unhandled interpacket: Opcode: 0x0098 Length: 16 Data: 53 74 61 6E 00 00 00 00 00 00 00 00 00 00 00 00 
[09.02.2012 09:56:03] (Debug) Unhandled interpacket: Opcode: 0x0098 Length: 16 Data: 74 65 73 74 6D 61 67 65 00 00 00 00 00 00 00 00 
[09.02.2012 09:56:04] (Debug) Unhandled interpacket: Opcode: 0x0098 Length: 16 Data: 53 74 61 6E 00 00 00 00 00 00 00 00 00 00 00 00 
[09.02.2012 09:56:06] (Debug) Unhandled interpacket: Opcode: 0x0098 Length: 16 Data: 74 65 73 74 6D 61 67 65 00 00 00 00 00 00 00 00 
[09.02.2012 09:56:08] (Debug) Unhandled interpacket: Opcode: 0x0098 Length: 16 Data: 53 74 61 6E 00 00 00 00 00 00 00 00 00 00 00 00 
[09.02.2012 09:56:09] (Debug) Unhandled interpacket: Opcode: 0x0098 Length: 16 Data: 74 65 73 74 6D 61 67 65 00 00 00 00 00 00 00 00 
[09.02.2012 09:56:11] (Debug) Unhandled interpacket: Opcode: 0x0098 Length: 16 Data: 53 74 61 6E 00 00 00 00 00 00 00 00 00 00 00 00 
[09.02.2012 09:56:12] (Debug) Unhandled interpacket: Opcode: 0x0098 Length: 16 Data: 74 65 73 74 6D 61 67 65 00 00 00 00 00 00 00 00 
[09.02.2012 09:56:14] (Debug) Unhandled interpacket: Opcode: 0x0098 Length: 16 Data: 53 74 61 6E 00 00 00 00 00 00 00 00 00 00 00 00 
[09.02.2012 09:56:15] (Debug) Unhandled interpacket: Opcode: 0x0098 Length: 16 Data: 74 65 73 74 6D 61 67 65 00 00 00 00 00 00 00 00 
[09.02.2012 09:56:17] (Debug) Unhandled interpacket: Opcode: 0x0098 Length: 16 Data: 53 74 61 6E 00 00 00 00 00 00 00 00 00 00 00 00 
[09.02.2012 09:56:18] (Debug) Unhandled interpacket: Opcode: 0x0098 Length: 16 Data: 74 65 73 74 6D 61 67 65 00 00 00 00 00 00 00 00 
[09.02.2012 09:56:20] (Debug) Unhandled interpacket: Opcode: 0x0098 Length: 16 Data: 53 74 61 6E 00 00 00 00 00 00 00 00 00 00 00 00 
[09.02.2012 09:56:21] (Debug) Unhandled interpacket: Opcode: 0x0098 Length: 16 Data: 74 65 73 74 6D 61 67 65 00 00 00 00 00 00 00 00 
[09.02.2012 09:56:23] (Debug) Unhandled interpacket: Opcode: 0x0098 Length: 16 Data: 53 74 61 6E 00 00 00 00 00 00 00 00 00 00 00 00 
[09.02.2012 09:56:24] (Debug) Unhandled interpacket: Opcode: 0x0098 Length: 16 Data: 74 65 73 74 6D 61 67 65 00 00 00 00 00 00 00 00 
[09.02.2012 09:56:26] (Debug) Unhandled interpacket: Opcode: 0x0098 Length: 16 Data: 53 74 61 6E 00 00 00 00 00 00 00 00 00 00 00 00 
[09.02.2012 09:56:30] (Debug) Unhandled interpacket: Opcode: 0x0098 Length: 16 Data: 74 65 73 74 6D 61 67 65 00 00 00 00 00 00 00 00 
[09.02.2012 09:56:30] (Debug) Unhandled interpacket: Opcode: 0x0098 Length: 16 Data: 53 74 61 6E 00 00 00 00 00 00 00 00 00 00 00 00 
[09.02.2012 09:56:33] (Debug) Unhandled interpacket: Opcode: 0x0098 Length: 16 Data: 74 65 73 74 6D 61 67 65 00 00 00 00 00 00 00 00 
[09.02.2012 09:56:33] (Debug) Unhandled interpacket: Opcode: 0x0098 Length: 16 Data: 53 74 61 6E 00 00 00 00 00 00 00 00 00 00 00 00 
[09.02.2012 09:56:36] (Debug) Unhandled interpacket: Opcode: 0x0098 Length: 16 Data: 74 65 73 74 6D 61 67 65 00 00 00 00 00 00 00 00 
[09.02.2012 09:56:36] (Debug) Unhandled interpacket: Opcode: 0x0098 Length: 16 Data: 53 74 61 6E 00 00 00 00 00 00 00 00 00 00 00 00 
[09.02.2012 09:56:53] (Debug) Unhandled interpacket: Opcode: 0x0098 Length: 16 Data: 74 65 73 74 6D 61 67 65 00 00 00 00 00 00 00 00 
[09.02.2012 09:56:53] (Debug) Unhandled interpacket: Opcode: 0x0098 Length: 16 Data: 53 74 61 6E 00 00 00 00 00 00 00 00 00 00 00 00 
[09.02.2012 09:56:56] (Debug) Unhandled interpacket: Opcode: 0x0098 Length: 16 Data: 74 65 73 74 6D 61 67 65 00 00 00 00 00 00 00 00 
[09.02.2012 09:56:56] (Debug) Unhandled interpacket: Opcode: 0x0098 Length: 16 Data: 53 74 61 6E 00 00 00 00 00 00 00 00 00 00 00 00 
[09.02.2012 09:56:59] (Debug) Unhandled interpacket: Opcode: 0x0098 Length: 16 Data: 74 65 73 74 6D 61 67 65 00 00 00 00 00 00 00 00 
[09.02.2012 09:56:59] (Debug) Unhandled interpacket: Opcode: 0x0098 Length: 16 Data: 53 74 61 6E 00 00 00 00 00 00 00 00 00 00 00 00 
[09.02.2012 09:57:02] (Debug) Unhandled interpacket: Opcode: 0x0098 Length: 16 Data: 74 65 73 74 6D 61 67 65 00 00 00 00 00 00 00 00 
[09.02.2012 09:57:02] (Debug) Unhandled interpacket: Opcode: 0x0098 Length: 16 Data: 53 74 61 6E 00 00 00 00 00 00 00 00 00 00 00 00 
[09.02.2012 09:57:05] (Debug) Unhandled interpacket: Opcode: 0x0098 Length: 16 Data: 74 65 73 74 6D 61 67 65 00 00 00 00 00 00 00 00 
[09.02.2012 09:57:05] (Debug) Unhandled interpacket: Opcode: 0x0098 Length: 16 Data: 53 74 61 6E 00 00 00 00 00 00 00 00 00 00 00 00 
[09.02.2012 09:57:08] (Debug) Unhandled interpacket: Opcode: 0x0098 Length: 16 Data: 74 65 73 74 6D 61 67 65 00 00 00 00 00 00 00 00 
[09.02.2012 09:57:08] (Debug) Unhandled interpacket: Opcode: 0x0098 Length: 16 Data: 53 74 61 6E 00 00 00 00 00 00 00 00 00 00 00 00 
[09.02.2012 09:57:33] (Debug) Unhandled interpacket: Opcode: 0x0098 Length: 16 Data: 74 65 73 74 6D 61 67 65 00 00 00 00 00 00 00 00 
[09.02.2012 09:57:33] (Debug) Unhandled interpacket: Opcode: 0x0098 Length: 16 Data: 53 74 61 6E 00 00 00 00 00 00 00 00 00 00 00 00 
[09.02.2012 09:57:36] (Debug) Unhandled interpacket: Opcode: 0x0098 Length: 16 Data: 74 65 73 74 6D 61 67 65 00 00 00 00 00 00 00 00 
[09.02.2012 09:57:36] (Debug) Unhandled interpacket: Opcode: 0x0098 Length: 16 Data: 53 74 61 6E 00 00 00 00 00 00 00 00 00 00 00 00 
[09.02.2012 09:57:39] (Debug) Unhandled interpacket: Opcode: 0x0098 Length: 16 Data: 74 65 73 74 6D 61 67 65 00 00 00 00 00 00 00 00 
[09.02.2012 09:57:39] (Debug) Unhandled interpacket: Opcode: 0x0098 Length: 16 Data: 53 74 61 6E 00 00 00 00 00 00 00 00 00 00 00 00 
[09.02.2012 09:57:50] (Debug) Unhandled interpacket: Opcode: 0x0098 Length: 16 Data: 74 65 73 74 6D 61 67 65 00 00 00 00 00 00 00 00 
[09.02.2012 09:57:50] (Debug) Unhandled interpacket: Opcode: 0x0098 Length: 16 Data: 53 74 61 6E 00 00 00 00 00 00 00 00 00 00 00 00 
[09.02.2012 09:57:53] (Debug) Unhandled interpacket: Opcode: 0x0098 Length: 16 Data: 74 65 73 74 6D 61 67 65 00 00 00 00 00 00 00 00 
[09.02.2012 09:57:53] (Debug) Unhandled interpacket: Opcode: 0x0098 Length: 16 Data: 53 74 61 6E 00 00 00 00 00 00 00 00 00 00 00 00 
[09.02.2012 09:58:00] (Debug) Unhandled interpacket: Opcode: 0x0098 Length: 16 Data: 74 65 73 74 6D 61 67 65 00 00 00 00 00 00 00 00 
[09.02.2012 09:58:00] (Debug) Unhandled interpacket: Opcode: 0x0098 Length: 16 Data: 53 74 61 6E 00 00 00 00 00 00 00 00 00 00 00 00 
[09.02.2012 09:58:03] (Debug) Unhandled interpacket: Opcode: 0x0098 Length: 16 Data: 74 65 73 74 6D 61 67 65 00 00 00 00 00 00 00 00 
[09.02.2012 09:58:03] (Debug) Unhandled interpacket: Opcode: 0x0098 Length: 16 Data: 53 74 61 6E 00 00 00 00 00 00 00 00 00 00 00 00 
[09.02.2012 09:58:06] (Debug) Unhandled interpacket: Opcode: 0x0098 Length: 16 Data: 74 65 73 74 6D 61 67 65 00 00 00 00 00 00 00 00 
[09.02.2012 09:58:06] (Debug) Unhandled interpacket: Opcode: 0x0098 Length: 16 Data: 53 74 61 6E 00 00 00 00 00 00 00 00 00 00 00 00 
[09.02.2012 09:58:09] (Debug) Unhandled interpacket: Opcode: 0x0098 Length: 16 Data: 74 65 73 74 6D 61 67 65 00 00 00 00 00 00 00 00 
[09.02.2012 09:58:09] (Debug) Unhandled interpacket: Opcode: 0x0098 Length: 16 Data: 53 74 61 6E 00 00 00 00 00 00 00 00 00 00 00 00 
[09.02.2012 09:58:12] (Debug) Unhandled interpacket: Opcode: 0x0098 Length: 16 Data: 74 65 73 74 6D 61 67 65 00 00 00 00 00 00 00 00 
[09.02.2012 09:58:12] (Debug) Unhandled interpacket: Opcode: 0x0098 Length: 16 Data: 53 74 61 6E 00 00 00 00 00 00 00 00 00 00 00 00 
[09.02.2012 09:58:15] (Debug) Unhandled interpacket: Opcode: 0x0098 Length: 16 Data: 53 74 61 6E 00 00 00 00 00 00 00 00 00 00 00 00 
[09.02.2012 09:58:15] (Debug) Unhandled interpacket: Opcode: 0x0098 Length: 16 Data: 74 65 73 74 6D 61 67 65 00 00 00 00 00 00 00 00 
[09.02.2012 09:58:18] (Debug) Unhandled interpacket: Opcode: 0x0098 Length: 16 Data: 53 74 61 6E 00 00 00 00 00 00 00 00 00 00 00 00 
[09.02.2012 09:58:18] (Debug) Unhandled interpacket: Opcode: 0x0098 Length: 16 Data: 74 65 73 74 6D 61 67 65 00 00 00 00 00 00 00 00 
[09.02.2012 09:58:21] (Debug) Unhandled interpacket: Opcode: 0x0098 Length: 16 Data: 74 65 73 74 6D 61 67 65 00 00 00 00 00 00 00 00 
[09.02.2012 09:58:21] (Debug) Unhandled interpacket: Opcode: 0x0098 Length: 16 Data: 53 74 61 6E 00 00 00 00 00 00 00 00 00 00 00 00 
[09.02.2012 09:58:24] (Debug) Unhandled interpacket: Opcode: 0x0098 Length: 16 Data: 53 74 61 6E 00 00 00 00 00 00 00 00 00 00 00 00 
[09.02.2012 09:58:24] (Debug) Unhandled interpacket: Opcode: 0x0098 Length: 16 Data: 74 65 73 74 6D 61 67 65 00 00 00 00 00 00 00 00 
[09.02.2012 09:58:27] (Debug) Unhandled interpacket: Opcode: 0x0098 Length: 16 Data: 53 74 61 6E 00 00 00 00 00 00 00 00 00 00 00 00 
[09.02.2012 09:58:27] (Debug) Unhandled interpacket: Opcode: 0x0098 Length: 16 Data: 74 65 73 74 6D 61 67 65 00 00 00 00 00 00 00 00 
[09.02.2012 09:58:30] (Debug) Unhandled interpacket: Opcode: 0x0098 Length: 16 Data: 74 65 73 74 6D 61 67 65 00 00 00 00 00 00 00 00 
[09.02.2012 09:58:30] (Debug) Unhandled interpacket: Opcode: 0x0098 Length: 16 Data: 53 74 61 6E 00 00 00 00 00 00 00 00 00 00 00 00 
[09.02.2012 09:58:33] (Debug) Unhandled interpacket: Opcode: 0x0098 Length: 16 Data: 53 74 61 6E 00 00 00 00 00 00 00 00 00 00 00 00 
[09.02.2012 09:58:33] (Debug) Unhandled interpacket: Opcode: 0x0098 Length: 16 Data: 74 65 73 74 6D 61 67 65 00 00 00 00 00 00 00 00 
[09.02.2012 09:58:36] (Debug) Unhandled interpacket: Opcode: 0x0098 Length: 16 Data: 53 74 61 6E 00 00 00 00 00 00 00 00 00 00 00 00 
[09.02.2012 09:58:46] (Debug) Unhandled interpacket: Opcode: 0x0098 Length: 16 Data: 53 74 61 6E 00 00 00 00 00 00 00 00 00 00 00 00 
[09.02.2012 09:58:48] (Debug) Unhandled interpacket: Opcode: 0x0098 Length: 16 Data: 74 65 73 74 6D 61 67 65 00 00 00 00 00 00 00 00 
[09.02.2012 09:58:49] (Debug) Unhandled interpacket: Opcode: 0x0098 Length: 16 Data: 53 74 61 6E 00 00 00 00 00 00 00 00 00 00 00 00 
[09.02.2012 09:58:51] (Debug) Unhandled interpacket: Opcode: 0x0098 Length: 16 Data: 74 65 73 74 6D 61 67 65 00 00 00 00 00 00 00 00 
[09.02.2012 09:58:52] (Debug) Unhandled interpacket: Opcode: 0x0098 Length: 16 Data: 53 74 61 6E 00 00 00 00 00 00 00 00 00 00 00 00 
[09.02.2012 09:58:54] (Debug) Unhandled interpacket: Opcode: 0x0098 Length: 16 Data: 74 65 73 74 6D 61 67 65 00 00 00 00 00 00 00 00 
[09.02.2012 09:58:55] (Debug) Unhandled interpacket: Opcode: 0x0098 Length: 16 Data: 53 74 61 6E 00 00 00 00 00 00 00 00 00 00 00 00 
[09.02.2012 09:58:57] (Debug) Unhandled interpacket: Opcode: 0x0098 Length: 16 Data: 74 65 73 74 6D 61 67 65 00 00 00 00 00 00 00 00 
[09.02.2012 09:58:58] (Debug) Unhandled interpacket: Opcode: 0x0098 Length: 16 Data: 53 74 61 6E 00 00 00 00 00 00 00 00 00 00 00 00 
[09.02.2012 09:59:00] (Debug) Unhandled interpacket: Opcode: 0x0098 Length: 16 Data: 74 65 73 74 6D 61 67 65 00 00 00 00 00 00 00 00 
[09.02.2012 09:59:01] (Debug) Unhandled interpacket: Opcode: 0x0098 Length: 16 Data: 53 74 61 6E 00 00 00 00 00 00 00 00 00 00 00 00 
[09.02.2012 09:59:03] (Debug) Unhandled interpacket: Opcode: 0x0098 Length: 16 Data: 74 65 73 74 6D 61 67 65 00 00 00 00 00 00 00 00 
[09.02.2012 09:59:04] (Debug) Unhandled interpacket: Opcode: 0x0098 Length: 16 Data: 53 74 61 6E 00 00 00 00 00 00 00 00 00 00 00 00 
[09.02.2012 09:59:08] (Debug) Unhandled interpacket: Opcode: 0x0098 Length: 16 Data: 53 74 61 6E 00 00 00 00 00 00 00 00 00 00 00 00 
[09.02.2012 10:01:02] (Debug) Unhandled interpacket: Opcode: 0x0098 Length: 16 Data: 53 74 61 6E 00 00 00 00 00 00 00 00 00 00 00 00 
[09.02.2012 10:01:04] (Debug) Unhandled interpacket: Opcode: 0x0098 Length: 16 Data: 74 65 73 74 6D 61 67 65 00 00 00 00 00 00 00 00 
[09.02.2012 10:01:05] (Debug) Unhandled interpacket: Opcode: 0x0098 Length: 16 Data: 53 74 61 6E 00 00 00 00 00 00 00 00 00 00 00 00 
[09.02.2012 10:01:07] (Debug) Unhandled interpacket: Opcode: 0x0098 Length: 16 Data: 74 65 73 74 6D 61 67 65 00 00 00 00 00 00 00 00 
[09.02.2012 10:01:08] (Debug) Unhandled interpacket: Opcode: 0x0098 Length: 16 Data: 53 74 61 6E 00 00 00 00 00 00 00 00 00 00 00 00 
[09.02.2012 10:01:10] (Debug) Unhandled interpacket: Opcode: 0x0098 Length: 16 Data: 74 65 73 74 6D 61 67 65 00 00 00 00 00 00 00 00 
[09.02.2012 10:01:11] (Debug) Unhandled interpacket: Opcode: 0x0098 Length: 16 Data: 53 74 61 6E 00 00 00 00 00 00 00 00 00 00 00 00 
[09.02.2012 10:01:13] (Debug) Unhandled interpacket: Opcode: 0x0098 Length: 16 Data: 74 65 73 74 6D 61 67 65 00 00 00 00 00 00 00 00 
[09.02.2012 10:01:14] (Debug) Unhandled interpacket: Opcode: 0x0098 Length: 16 Data: 53 74 61 6E 00 00 00 00 00 00 00 00 00 00 00 00 
[09.02.2012 10:01:16] (Debug) Unhandled interpacket: Opcode: 0x0098 Length: 16 Data: 74 65 73 74 6D 61 67 65 00 00 00 00 00 00 00 00 
[09.02.2012 10:01:17] (Debug) Unhandled interpacket: Opcode: 0x0098 Length: 16 Data: 53 74 61 6E 00 00 00 00 00 00 00 00 00 00 00 00 
[09.02.2012 10:01:19] (Debug) Unhandled interpacket: Opcode: 0x0098 Length: 16 Data: 74 65 73 74 6D 61 67 65 00 00 00 00 00 00 00 00 
[09.02.2012 10:01:20] (Debug) Unhandled interpacket: Opcode: 0x0098 Length: 16 Data: 53 74 61 6E 00 00 00 00 00 00 00 00 00 00 00 00 
[09.02.2012 10:01:22] (Debug) Unhandled interpacket: Opcode: 0x0098 Length: 16 Data: 74 65 73 74 6D 61 67 65 00 00 00 00 00 00 00 00 
[09.02.2012 10:01:23] (Debug) Unhandled interpacket: Opcode: 0x0098 Length: 16 Data: 53 74 61 6E 00 00 00 00 00 00 00 00 00 00 00 00 
[09.02.2012 10:01:25] (Debug) Unhandled interpacket: Opcode: 0x0098 Length: 16 Data: 74 65 73 74 6D 61 67 65 00 00 00 00 00 00 00 00 
[09.02.2012 10:01:26] (Debug) Unhandled interpacket: Opcode: 0x0098 Length: 16 Data: 53 74 61 6E 00 00 00 00 00 00 00 00 00 00 00 00 
[09.02.2012 10:01:28] (Debug) Unhandled interpacket: Opcode: 0x0098 Length: 16 Data: 74 65 73 74 6D 61 67 65 00 00 00 00 00 00 00 00 
[09.02.2012 10:01:29] (Debug) Unhandled interpacket: Opcode: 0x0098 Length: 16 Data: 53 74 61 6E 00 00 00 00 00 00 00 00 00 00 00 00 
[09.02.2012 10:01:31] (Debug) Unhandled interpacket: Opcode: 0x0098 Length: 16 Data: 74 65 73 74 6D 61 67 65 00 00 00 00 00 00 00 00 
[09.02.2012 10:01:32] (Debug) Unhandled interpacket: Opcode: 0x0098 Length: 16 Data: 53 74 61 6E 00 00 00 00 00 00 00 00 00 00 00 00 
[09.02.2012 10:01:34] (Debug) Unhandled interpacket: Opcode: 0x0098 Length: 16 Data: 74 65 73 74 6D 61 67 65 00 00 00 00 00 00 00 00 
[09.02.2012 10:01:35] (Debug) Unhandled interpacket: Opcode: 0x0098 Length: 16 Data: 53 74 61 6E 00 00 00 00 00 00 00 00 00 00 00 00 
[09.02.2012 10:01:37] (Debug) Unhandled interpacket: Opcode: 0x0098 Length: 16 Data: 74 65 73 74 6D 61 67 65 00 00 00 00 00 00 00 00 
[09.02.2012 10:01:38] (Debug) Unhandled interpacket: Opcode: 0x0098 Length: 16 Data: 53 74 61 6E 00 00 00 00 00 00 00 00 00 00 00 00 
[09.02.2012 10:01:40] (Debug) Unhandled interpacket: Opcode: 0x0098 Length: 16 Data: 74 65 73 74 6D 61 67 65 00 00 00 00 00 00 00 00 
[09.02.2012 10:01:41] (Debug) Unhandled interpacket: Opcode: 0x0098 Length: 16 Data: 53 74 61 6E 00 00 00 00 00 00 00 00 00 00 00 00 
[09.02.2012 10:01:43] (Debug) Unhandled interpacket: Opcode: 0x0098 Length: 16 Data: 74 65 73 74 6D 61 67 65 00 00 00 00 00 00 00 00 
[09.02.2012 10:01:44] (Debug) Unhandled interpacket: Opcode: 0x0098 Length: 16 Data: 53 74 61 6E 00 00 00 00 00 00 00 00 00 00 00 00 
[09.02.2012 10:01:46] (Debug) Unhandled interpacket: Opcode: 0x0098 Length: 16 Data: 74 65 73 74 6D 61 67 65 00 00 00 00 00 00 00 00 
[09.02.2012 10:01:47] (Debug) Unhandled interpacket: Opcode: 0x0098 Length: 16 Data: 53 74 61 6E 00 00 00 00 00 00 00 00 00 00 00 00 
[09.02.2012 10:01:49] (Debug) Unhandled interpacket: Opcode: 0x0098 Length: 16 Data: 74 65 73 74 6D 61 67 65 00 00 00 00 00 00 00 00 
[09.02.2012 10:01:50] (Debug) Unhandled interpacket: Opcode: 0x0098 Length: 16 Data: 53 74 61 6E 00 00 00 00 00 00 00 00 00 00 00 00 
[09.02.2012 10:01:51] (Debug) Unhandled interpacket: Opcode: 0x0098 Length: 16 Data: 74 65 73 74 6D 61 67 65 00 00 00 00 00 00 00 00 
[09.02.2012 10:01:53] (Debug) Unhandled interpacket: Opcode: 0x0098 Length: 16 Data: 53 74 61 6E 00 00 00 00 00 00 00 00 00 00 00 00 
[09.02.2012 10:01:54] (Debug) Unhandled interpacket: Opcode: 0x0098 Length: 16 Data: 74 65 73 74 6D 61 67 65 00 00 00 00 00 00 00 00 
[09.02.2012 10:01:56] (Debug) Unhandled interpacket: Opcode: 0x0098 Length: 16 Data: 53 74 61 6E 00 00 00 00 00 00 00 00 00 00 00 00 
[09.02.2012 10:01:57] (Debug) Unhandled interpacket: Opcode: 0x0098 Length: 16 Data: 74 65 73 74 6D 61 67 65 00 00 00 00 00 00 00 00 
[09.02.2012 10:01:59] (Debug) Unhandled interpacket: Opcode: 0x0098 Length: 16 Data: 53 74 61 6E 00 00 00 00 00 00 00 00 00 00 00 00 
[09.02.2012 10:02:00] (Debug) Unhandled interpacket: Opcode: 0x0098 Length: 16 Data: 74 65 73 74 6D 61 67 65 00 00 00 00 00 00 00 00 
[09.02.2012 10:02:02] (Debug) Unhandled interpacket: Opcode: 0x0098 Length: 16 Data: 53 74 61 6E 00 00 00 00 00 00 00 00 00 00 00 00 
[09.02.2012 10:02:03] (Debug) Unhandled interpacket: Opcode: 0x0098 Length: 16 Data: 74 65 73 74 6D 61 67 65 00 00 00 00 00 00 00 00 
[09.02.2012 10:02:05] (Debug) Unhandled interpacket: Opcode: 0x0098 Length: 16 Data: 53 74 61 6E 00 00 00 00 00 00 00 00 00 00 00 00 
[09.02.2012 10:02:06] (Debug) Unhandled interpacket: Opcode: 0x0098 Length: 16 Data: 74 65 73 74 6D 61 67 65 00 00 00 00 00 00 00 00 
[09.02.2012 10:02:08] (Debug) Unhandled interpacket: Opcode: 0x0098 Length: 16 Data: 53 74 61 6E 00 00 00 00 00 00 00 00 00 00 00 00 
[09.02.2012 10:02:08] (Debug) Unhandled packet: 2|13 Opcode: 0x080D Length: 0 Data: 
[09.02.2012 10:02:11] (Debug) Unhandled interpacket: Opcode: 0x0098 Length: 16 Data: 53 74 61 6E 00 00 00 00 00 00 00 00 00 00 00 00 
[09.02.2012 10:02:14] (Debug) Unhandled interpacket: Opcode: 0x0098 Length: 16 Data: 53 74 61 6E 00 00 00 00 00 00 00 00 00 00 00 00 
[09.02.2012 10:02:17] (Debug) Unhandled interpacket: Opcode: 0x0098 Length: 16 Data: 53 74 61 6E 00 00 00 00 00 00 00 00 00 00 00 00 
[09.02.2012 10:02:20] (Debug) Unhandled interpacket: Opcode: 0x0098 Length: 16 Data: 53 74 61 6E 00 00 00 00 00 00 00 00 00 00 00 00 
[09.02.2012 10:02:23] (Debug) Unhandled interpacket: Opcode: 0x0098 Length: 16 Data: 53 74 61 6E 00 00 00 00 00 00 00 00 00 00 00 00 
[09.02.2012 10:02:24] (Debug) Unhandled packet: 22|27 Opcode: 0x581B Length: 0 Data: 
[09.02.2012 10:02:26] (Debug) Unhandled interpacket: Opcode: 0x0098 Length: 16 Data: 53 74 61 6E 00 00 00 00 00 00 00 00 00 00 00 00 
[09.02.2012 10:02:29] (Debug) Unhandled interpacket: Opcode: 0x0098 Length: 16 Data: 53 74 61 6E 00 00 00 00 00 00 00 00 00 00 00 00 
[09.02.2012 10:02:32] (Debug) Unhandled interpacket: Opcode: 0x0098 Length: 16 Data: 53 74 61 6E 00 00 00 00 00 00 00 00 00 00 00 00 
[09.02.2012 10:02:35] (Debug) Unhandled interpacket: Opcode: 0x0098 Length: 16 Data: 53 74 61 6E 00 00 00 00 00 00 00 00 00 00 00 00 
[09.02.2012 10:02:38] (Debug) Unhandled interpacket: Opcode: 0x0098 Length: 16 Data: 53 74 61 6E 00 00 00 00 00 00 00 00 00 00 00 00 
[09.02.2012 10:02:39] (Debug) Unhandled packet: 2|13 Opcode: 0x080D Length: 0 Data: 
[09.02.2012 10:02:41] (Debug) Unhandled interpacket: Opcode: 0x0098 Length: 16 Data: 53 74 61 6E 00 00 00 00 00 00 00 00 00 00 00 00 
[09.02.2012 10:02:44] (Debug) Unhandled interpacket: Opcode: 0x0098 Length: 16 Data: 53 74 61 6E 00 00 00 00 00 00 00 00 00 00 00 00 
[09.02.2012 10:02:47] (Debug) Unhandled interpacket: Opcode: 0x0098 Length: 16 Data: 53 74 61 6E 00 00 00 00 00 00 00 00 00 00 00 00 
[09.02.2012 10:02:50] (Debug) Unhandled interpacket: Opcode: 0x0098 Length: 16 Data: 53 74 61 6E 00 00 00 00 00 00 00 00 00 00 00 00 
[09.02.2012 10:02:51] (Debug) Unhandled packet: 22|27 Opcode: 0x581B Length: 0 Data: 
[09.02.2012 10:02:53] (Debug) Unhandled interpacket: Opcode: 0x0098 Length: 16 Data: 53 74 61 6E 00 00 00 00 00 00 00 00 00 00 00 00 
[09.02.2012 10:02:56] (Debug) Unhandled interpacket: Opcode: 0x0098 Length: 16 Data: 53 74 61 6E 00 00 00 00 00 00 00 00 00 00 00 00 
[09.02.2012 10:02:59] (Debug) Unhandled interpacket: Opcode: 0x0098 Length: 16 Data: 53 74 61 6E 00 00 00 00 00 00 00 00 00 00 00 00 
[09.02.2012 10:03:02] (Debug) Unhandled interpacket: Opcode: 0x0098 Length: 16 Data: 53 74 61 6E 00 00 00 00 00 00 00 00 00 00 00 00 
[09.02.2012 10:03:05] (Debug) Unhandled interpacket: Opcode: 0x0098 Length: 16 Data: 53 74 61 6E 00 00 00 00 00 00 00 00 00 00 00 00 
[09.02.2012 10:03:08] (Debug) Unhandled interpacket: Opcode: 0x0098 Length: 16 Data: 53 74 61 6E 00 00 00 00 00 00 00 00 00 00 00 00 
[09.02.2012 10:03:11] (Debug) Unhandled interpacket: Opcode: 0x0098 Length: 16 Data: 53 74 61 6E 00 00 00 00 00 00 00 00 00 00 00 00 
[09.02.2012 10:03:14] (Debug) Unhandled interpacket: Opcode: 0x0098 Length: 16 Data: 53 74 61 6E 00 00 00 00 00 00 00 00 00 00 00 00 
[09.02.2012 10:03:15] (Debug) Unhandled interpacket: Opcode: 0x0098 Length: 16 Data: 74 65 73 74 6D 61 67 65 00 00 00 00 00 00 00 00 
[09.02.2012 10:03:17] (Debug) Unhandled interpacket: Opcode: 0x0098 Length: 16 Data: 53 74 61 6E 00 00 00 00 00 00 00 00 00 00 00 00 
[09.02.2012 10:03:18] (Debug) Unhandled interpacket: Opcode: 0x0098 Length: 16 Data: 74 65 73 74 6D 61 67 65 00 00 00 00 00 00 00 00 
[09.02.2012 10:03:20] (Debug) Unhandled interpacket: Opcode: 0x0098 Length: 16 Data: 53 74 61 6E 00 00 00 00 00 00 00 00 00 00 00 00 
[09.02.2012 10:03:21] (Debug) Unhandled interpacket: Opcode: 0x0098 Length: 16 Data: 74 65 73 74 6D 61 67 65 00 00 00 00 00 00 00 00 
[09.02.2012 10:03:23] (Debug) Unhandled interpacket: Opcode: 0x0098 Length: 16 Data: 53 74 61 6E 00 00 00 00 00 00 00 00 00 00 00 00 
[09.02.2012 10:03:24] (Debug) Unhandled interpacket: Opcode: 0x0098 Length: 16 Data: 74 65 73 74 6D 61 67 65 00 00 00 00 00 00 00 00 
[09.02.2012 10:03:26] (Debug) Unhandled interpacket: Opcode: 0x0098 Length: 16 Data: 53 74 61 6E 00 00 00 00 00 00 00 00 00 00 00 00 
[09.02.2012 10:03:27] (Debug) Unhandled interpacket: Opcode: 0x0098 Length: 16 Data: 74 65 73 74 6D 61 67 65 00 00 00 00 00 00 00 00 
[09.02.2012 10:03:29] (Debug) Unhandled interpacket: Opcode: 0x0098 Length: 16 Data: 53 74 61 6E 00 00 00 00 00 00 00 00 00 00 00 00 
[09.02.2012 10:03:30] (Debug) Unhandled interpacket: Opcode: 0x0098 Length: 16 Data: 74 65 73 74 6D 61 67 65 00 00 00 00 00 00 00 00 
[09.02.2012 10:03:32] (Debug) Unhandled interpacket: Opcode: 0x0098 Length: 16 Data: 53 74 61 6E 00 00 00 00 00 00 00 00 00 00 00 00 
[09.02.2012 10:03:33] (Debug) Unhandled interpacket: Opcode: 0x0098 Length: 16 Data: 74 65 73 74 6D 61 67 65 00 00 00 00 00 00 00 00 
[09.02.2012 10:03:35] (Debug) Unhandled interpacket: Opcode: 0x0098 Length: 16 Data: 53 74 61 6E 00 00 00 00 00 00 00 00 00 00 00 00 
[09.02.2012 10:03:36] (Debug) Unhandled interpacket: Opcode: 0x0098 Length: 16 Data: 74 65 73 74 6D 61 67 65 00 00 00 00 00 00 00 00 
[09.02.2012 10:03:38] (Debug) Unhandled interpacket: Opcode: 0x0098 Length: 16 Data: 53 74 61 6E 00 00 00 00 00 00 00 00 00 00 00 00 
[09.02.2012 10:03:39] (Debug) Unhandled interpacket: Opcode: 0x0098 Length: 16 Data: 74 65 73 74 6D 61 67 65 00 00 00 00 00 00 00 00 
[09.02.2012 10:03:41] (Debug) Unhandled interpacket: Opcode: 0x0098 Length: 16 Data: 53 74 61 6E 00 00 00 00 00 00 00 00 00 00 00 00 
[09.02.2012 10:03:42] (Debug) Unhandled interpacket: Opcode: 0x0098 Length: 16 Data: 74 65 73 74 6D 61 67 65 00 00 00 00 00 00 00 00 
[09.02.2012 10:03:44] (Debug) Unhandled interpacket: Opcode: 0x0098 Length: 16 Data: 53 74 61 6E 00 00 00 00 00 00 00 00 00 00 00 00 
[09.02.2012 10:03:45] (Debug) Unhandled interpacket: Opcode: 0x0098 Length: 16 Data: 74 65 73 74 6D 61 67 65 00 00 00 00 00 00 00 00 
[09.02.2012 10:03:47] (Debug) Unhandled interpacket: Opcode: 0x0098 Length: 16 Data: 53 74 61 6E 00 00 00 00 00 00 00 00 00 00 00 00 
[09.02.2012 10:03:48] (Debug) Unhandled interpacket: Opcode: 0x0098 Length: 16 Data: 74 65 73 74 6D 61 67 65 00 00 00 00 00 00 00 00 
[09.02.2012 10:03:50] (Debug) Unhandled interpacket: Opcode: 0x0098 Length: 16 Data: 53 74 61 6E 00 00 00 00 00 00 00 00 00 00 00 00 
[09.02.2012 10:03:51] (Debug) Unhandled interpacket: Opcode: 0x0098 Length: 16 Data: 74 65 73 74 6D 61 67 65 00 00 00 00 00 00 00 00 
[09.02.2012 10:03:53] (Debug) Unhandled interpacket: Opcode: 0x0098 Length: 16 Data: 53 74 61 6E 00 00 00 00 00 00 00 00 00 00 00 00 
[09.02.2012 10:03:54] (Debug) Unhandled interpacket: Opcode: 0x0098 Length: 16 Data: 74 65 73 74 6D 61 67 65 00 00 00 00 00 00 00 00 
[09.02.2012 10:03:56] (Debug) Unhandled interpacket: Opcode: 0x0098 Length: 16 Data: 53 74 61 6E 00 00 00 00 00 00 00 00 00 00 00 00 
[09.02.2012 10:03:57] (Debug) Unhandled interpacket: Opcode: 0x0098 Length: 16 Data: 74 65 73 74 6D 61 67 65 00 00 00 00 00 00 00 00 
[09.02.2012 10:03:59] (Debug) Unhandled interpacket: Opcode: 0x0098 Length: 16 Data: 53 74 61 6E 00 00 00 00 00 00 00 00 00 00 00 00 
[09.02.2012 10:04:00] (Debug) Unhandled interpacket: Opcode: 0x0098 Length: 16 Data: 74 65 73 74 6D 61 67 65 00 00 00 00 00 00 00 00 
[09.02.2012 10:04:02] (Debug) Unhandled interpacket: Opcode: 0x0098 Length: 16 Data: 53 74 61 6E 00 00 00 00 00 00 00 00 00 00 00 00 
[09.02.2012 10:04:03] (Debug) Unhandled interpacket: Opcode: 0x0098 Length: 16 Data: 74 65 73 74 6D 61 67 65 00 00 00 00 00 00 00 00 
[09.02.2012 10:04:05] (Debug) Unhandled interpacket: Opcode: 0x0098 Length: 16 Data: 53 74 61 6E 00 00 00 00 00 00 00 00 00 00 00 00 
[09.02.2012 10:04:06] (Debug) Unhandled interpacket: Opcode: 0x0098 Length: 16 Data: 74 65 73 74 6D 61 67 65 00 00 00 00 00 00 00 00 
[09.02.2012 10:04:08] (Debug) Unhandled interpacket: Opcode: 0x0098 Length: 16 Data: 53 74 61 6E 00 00 00 00 00 00 00 00 00 00 00 00 
[09.02.2012 10:04:09] (Debug) Unhandled interpacket: Opcode: 0x0098 Length: 16 Data: 74 65 73 74 6D 61 67 65 00 00 00 00 00 00 00 00 
[09.02.2012 10:04:11] (Debug) Unhandled interpacket: Opcode: 0x0098 Length: 16 Data: 53 74 61 6E 00 00 00 00 00 00 00 00 00 00 00 00 
[09.02.2012 10:04:12] (Debug) Unhandled interpacket: Opcode: 0x0098 Length: 16 Data: 74 65 73 74 6D 61 67 65 00 00 00 00 00 00 00 00 
[09.02.2012 10:04:14] (Debug) Unhandled interpacket: Opcode: 0x0098 Length: 16 Data: 53 74 61 6E 00 00 00 00 00 00 00 00 00 00 00 00 
[09.02.2012 10:04:15] (Debug) Unhandled interpacket: Opcode: 0x0098 Length: 16 Data: 74 65 73 74 6D 61 67 65 00 00 00 00 00 00 00 00 
[09.02.2012 10:04:17] (Debug) Unhandled interpacket: Opcode: 0x0098 Length: 16 Data: 53 74 61 6E 00 00 00 00 00 00 00 00 00 00 00 00 
[09.02.2012 10:04:18] (Debug) Unhandled interpacket: Opcode: 0x0098 Length: 16 Data: 74 65 73 74 6D 61 67 65 00 00 00 00 00 00 00 00 
[09.02.2012 10:04:20] (Debug) Unhandled interpacket: Opcode: 0x0098 Length: 16 Data: 53 74 61 6E 00 00 00 00 00 00 00 00 00 00 00 00 
[09.02.2012 10:04:21] (Debug) Unhandled interpacket: Opcode: 0x0098 Length: 16 Data: 74 65 73 74 6D 61 67 65 00 00 00 00 00 00 00 00 
[09.02.2012 10:04:23] (Debug) Unhandled interpacket: Opcode: 0x0098 Length: 16 Data: 53 74 61 6E 00 00 00 00 00 00 00 00 00 00 00 00 
[09.02.2012 10:04:24] (Debug) Unhandled interpacket: Opcode: 0x0098 Length: 16 Data: 74 65 73 74 6D 61 67 65 00 00 00 00 00 00 00 00 
[09.02.2012 10:04:26] (Debug) Unhandled interpacket: Opcode: 0x0098 Length: 16 Data: 53 74 61 6E 00 00 00 00 00 00 00 00 00 00 00 00 
[09.02.2012 10:04:27] (Debug) Unhandled interpacket: Opcode: 0x0098 Length: 16 Data: 74 65 73 74 6D 61 67 65 00 00 00 00 00 00 00 00 
[09.02.2012 10:04:29] (Debug) Unhandled interpacket: Opcode: 0x0098 Length: 16 Data: 53 74 61 6E 00 00 00 00 00 00 00 00 00 00 00 00 
[09.02.2012 10:04:30] (Debug) Unhandled interpacket: Opcode: 0x0098 Length: 16 Data: 74 65 73 74 6D 61 67 65 00 00 00 00 00 00 00 00 
[09.02.2012 10:04:32] (Debug) Unhandled interpacket: Opcode: 0x0098 Length: 16 Data: 53 74 61 6E 00 00 00 00 00 00 00 00 00 00 00 00 
[09.02.2012 10:04:33] (Debug) Unhandled interpacket: Opcode: 0x0098 Length: 16 Data: 74 65 73 74 6D 61 67 65 00 00 00 00 00 00 00 00 
[09.02.2012 10:04:35] (Debug) Unhandled packet: 3|31 Opcode: 0x0C1F Length: 1 Data: 00 
[09.02.2012 10:04:35] (Debug) Unhandled packet: 2|13 Opcode: 0x080D Length: 0 Data: 
[09.02.2012 10:04:35] (Debug) Unhandled interpacket: Opcode: 0x0098 Length: 16 Data: 53 74 61 6E 00 00 00 00 00 00 00 00 00 00 00 00 
[09.02.2012 10:04:38] (Debug) Unhandled interpacket: Opcode: 0x0098 Length: 16 Data: 53 74 61 6E 00 00 00 00 00 00 00 00 00 00 00 00 
[09.02.2012 10:04:41] (Debug) Unhandled interpacket: Opcode: 0x0098 Length: 16 Data: 53 74 61 6E 00 00 00 00 00 00 00 00 00 00 00 00 
[09.02.2012 10:04:44] (Debug) Unhandled interpacket: Opcode: 0x0098 Length: 16 Data: 53 74 61 6E 00 00 00 00 00 00 00 00 00 00 00 00 
[09.02.2012 10:04:47] (Debug) Unhandled interpacket: Opcode: 0x0098 Length: 16 Data: 53 74 61 6E 00 00 00 00 00 00 00 00 00 00 00 00 
[09.02.2012 10:04:50] (Debug) Unhandled interpacket: Opcode: 0x0098 Length: 16 Data: 53 74 61 6E 00 00 00 00 00 00 00 00 00 00 00 00 
[09.02.2012 10:04:53] (Debug) Unhandled interpacket: Opcode: 0x0098 Length: 16 Data: 53 74 61 6E 00 00 00 00 00 00 00 00 00 00 00 00 
[09.02.2012 10:04:56] (Debug) Unhandled interpacket: Opcode: 0x0098 Length: 16 Data: 53 74 61 6E 00 00 00 00 00 00 00 00 00 00 00 00 
[09.02.2012 10:04:59] (Debug) Unhandled interpacket: Opcode: 0x0098 Length: 16 Data: 53 74 61 6E 00 00 00 00 00 00 00 00 00 00 00 00 
[09.02.2012 10:05:02] (Debug) Unhandled interpacket: Opcode: 0x0098 Length: 16 Data: 53 74 61 6E 00 00 00 00 00 00 00 00 00 00 00 00 
[09.02.2012 10:05:05] (Debug) Unhandled interpacket: Opcode: 0x0098 Length: 16 Data: 53 74 61 6E 00 00 00 00 00 00 00 00 00 00 00 00 
[09.02.2012 10:05:08] (Debug) Unhandled interpacket: Opcode: 0x0098 Length: 16 Data: 53 74 61 6E 00 00 00 00 00 00 00 00 00 00 00 00 
[09.02.2012 10:05:11] (Debug) Unhandled interpacket: Opcode: 0x0098 Length: 16 Data: 53 74 61 6E 00 00 00 00 00 00 00 00 00 00 00 00 
[09.02.2012 10:05:14] (Debug) Unhandled interpacket: Opcode: 0x0098 Length: 16 Data: 53 74 61 6E 00 00 00 00 00 00 00 00 00 00 00 00 
[09.02.2012 10:05:17] (Debug) Unhandled interpacket: Opcode: 0x0098 Length: 16 Data: 53 74 61 6E 00 00 00 00 00 00 00 00 00 00 00 00 
[09.02.2012 10:05:20] (Debug) Unhandled interpacket: Opcode: 0x0098 Length: 16 Data: 53 74 61 6E 00 00 00 00 00 00 00 00 00 00 00 00 
[09.02.2012 10:05:23] (Debug) Unhandled interpacket: Opcode: 0x0098 Length: 16 Data: 53 74 61 6E 00 00 00 00 00 00 00 00 00 00 00 00 
[09.02.2012 10:05:26] (Debug) Unhandled interpacket: Opcode: 0x0098 Length: 16 Data: 53 74 61 6E 00 00 00 00 00 00 00 00 00 00 00 00 
[09.02.2012 10:05:29] (Debug) Unhandled interpacket: Opcode: 0x0098 Length: 16 Data: 53 74 61 6E 00 00 00 00 00 00 00 00 00 00 00 00 
[09.02.2012 10:05:32] (Debug) Unhandled interpacket: Opcode: 0x0098 Length: 16 Data: 53 74 61 6E 00 00 00 00 00 00 00 00 00 00 00 00 
[09.02.2012 10:05:34] (Debug) Unhandled packet: 3|31 Opcode: 0x0C1F Length: 1 Data: 00 
[09.02.2012 10:05:34] (Debug) Unhandled packet: 2|13 Opcode: 0x080D Length: 0 Data: 
[09.02.2012 10:05:37] (Warn) Trying to register client by name without having Character object.
[09.02.2012 10:05:46] (Warn) Trying to register client by name without having Character object.
[09.02.2012 10:06:12] (Debug) Unhandled packet: 22|27 Opcode: 0x581B Length: 0 Data: 
[09.02.2012 10:07:12] (Debug) Unhandled packet: 22|27 Opcode: 0x581B Length: 0 Data: 
[09.02.2012 10:07:46] (Debug) Unhandled interpacket: Opcode: 0x0098 Length: 16 Data: 53 74 61 6E 00 00 00 00 00 00 00 00 00 00 00 00 
[09.02.2012 10:07:49] (Debug) Unhandled interpacket: Opcode: 0x0098 Length: 16 Data: 53 74 61 6E 00 00 00 00 00 00 00 00 00 00 00 00 
[09.02.2012 10:07:52] (Debug) Unhandled interpacket: Opcode: 0x0098 Length: 16 Data: 53 74 61 6E 00 00 00 00 00 00 00 00 00 00 00 00 
[09.02.2012 10:07:55] (Debug) Unhandled interpacket: Opcode: 0x0098 Length: 16 Data: 53 74 61 6E 00 00 00 00 00 00 00 00 00 00 00 00 
[09.02.2012 10:07:58] (Debug) Unhandled interpacket: Opcode: 0x0098 Length: 16 Data: 53 74 61 6E 00 00 00 00 00 00 00 00 00 00 00 00 
[09.02.2012 10:08:01] (Debug) Unhandled interpacket: Opcode: 0x0098 Length: 16 Data: 53 74 61 6E 00 00 00 00 00 00 00 00 00 00 00 00 
[09.02.2012 10:08:04] (Debug) Unhandled interpacket: Opcode: 0x0098 Length: 16 Data: 53 74 61 6E 00 00 00 00 00 00 00 00 00 00 00 00 
[09.02.2012 10:08:07] (Debug) Unhandled interpacket: Opcode: 0x0098 Length: 16 Data: 53 74 61 6E 00 00 00 00 00 00 00 00 00 00 00 00 
[09.02.2012 10:08:10] (Debug) Unhandled interpacket: Opcode: 0x0098 Length: 16 Data: 53 74 61 6E 00 00 00 00 00 00 00 00 00 00 00 00 
[09.02.2012 10:08:13] (Debug) Unhandled interpacket: Opcode: 0x0098 Length: 16 Data: 53 74 61 6E 00 00 00 00 00 00 00 00 00 00 00 00 
[09.02.2012 10:08:16] (Debug) Unhandled interpacket: Opcode: 0x0098 Length: 16 Data: 53 74 61 6E 00 00 00 00 00 00 00 00 00 00 00 00 
[09.02.2012 10:08:19] (Debug) Unhandled interpacket: Opcode: 0x0098 Length: 16 Data: 53 74 61 6E 00 00 00 00 00 00 00 00 00 00 00 00 
[09.02.2012 10:08:24] (Debug) Unhandled interpacket: Opcode: 0x0098 Length: 16 Data: 53 74 61 6E 00 00 00 00 00 00 00 00 00 00 00 00 
[09.02.2012 10:08:37] (Debug) Unhandled interpacket: Opcode: 0x0098 Length: 16 Data: 53 74 61 6E 00 00 00 00 00 00 00 00 00 00 00 00 
[09.02.2012 10:08:44] (Debug) Unhandled interpacket: Opcode: 0x0098 Length: 16 Data: 53 74 61 6E 00 00 00 00 00 00 00 00 00 00 00 00 
[09.02.2012 10:08:47] (Debug) Unhandled interpacket: Opcode: 0x0098 Length: 16 Data: 53 74 61 6E 00 00 00 00 00 00 00 00 00 00 00 00 
[09.02.2012 10:08:50] (Debug) Unhandled interpacket: Opcode: 0x0098 Length: 16 Data: 53 74 61 6E 00 00 00 00 00 00 00 00 00 00 00 00 
[09.02.2012 10:08:57] (Debug) Unhandled interpacket: Opcode: 0x0098 Length: 16 Data: 53 74 61 6E 00 00 00 00 00 00 00 00 00 00 00 00 
[09.02.2012 10:09:00] (Debug) Unhandled interpacket: Opcode: 0x0098 Length: 16 Data: 53 74 61 6E 00 00 00 00 00 00 00 00 00 00 00 00 
[09.02.2012 10:09:03] (Debug) Unhandled interpacket: Opcode: 0x0098 Length: 16 Data: 53 74 61 6E 00 00 00 00 00 00 00 00 00 00 00 00 
[09.02.2012 10:09:06] (Debug) Unhandled interpacket: Opcode: 0x0098 Length: 16 Data: 53 74 61 6E 00 00 00 00 00 00 00 00 00 00 00 00 
[09.02.2012 10:09:09] (Debug) Unhandled interpacket: Opcode: 0x0098 Length: 16 Data: 53 74 61 6E 00 00 00 00 00 00 00 00 00 00 00 00 
[09.02.2012 10:09:38] (Debug) Unhandled interpacket: Opcode: 0x0098 Length: 16 Data: 53 74 61 6E 00 00 00 00 00 00 00 00 00 00 00 00 
[09.02.2012 10:09:41] (Debug) Unhandled interpacket: Opcode: 0x0098 Length: 16 Data: 53 74 61 6E 00 00 00 00 00 00 00 00 00 00 00 00 
[09.02.2012 10:09:44] (Debug) Unhandled interpacket: Opcode: 0x0098 Length: 16 Data: 53 74 61 6E 00 00 00 00 00 00 00 00 00 00 00 00 
[09.02.2012 10:12:58] (Debug) Unhandled interpacket: Opcode: 0x0098 Length: 16 Data: 53 74 61 6E 00 00 00 00 00 00 00 00 00 00 00 00 
[09.02.2012 10:13:01] (Debug) Unhandled interpacket: Opcode: 0x0098 Length: 16 Data: 53 74 61 6E 00 00 00 00 00 00 00 00 00 00 00 00 
[09.02.2012 10:13:04] (Debug) Unhandled interpacket: Opcode: 0x0098 Length: 16 Data: 53 74 61 6E 00 00 00 00 00 00 00 00 00 00 00 00 
[09.02.2012 10:13:07] (Debug) Unhandled interpacket: Opcode: 0x0098 Length: 16 Data: 53 74 61 6E 00 00 00 00 00 00 00 00 00 00 00 00 
[09.02.2012 10:13:10] (Debug) Unhandled interpacket: Opcode: 0x0098 Length: 16 Data: 53 74 61 6E 00 00 00 00 00 00 00 00 00 00 00 00 
[09.02.2012 10:13:13] (Debug) Unhandled interpacket: Opcode: 0x0098 Length: 16 Data: 53 74 61 6E 00 00 00 00 00 00 00 00 00 00 00 00 
[09.02.2012 10:13:16] (Debug) Unhandled interpacket: Opcode: 0x0098 Length: 16 Data: 53 74 61 6E 00 00 00 00 00 00 00 00 00 00 00 00 
[09.02.2012 10:13:19] (Debug) Unhandled interpacket: Opcode: 0x0098 Length: 16 Data: 53 74 61 6E 00 00 00 00 00 00 00 00 00 00 00 00 
[09.02.2012 10:13:22] (Debug) Unhandled interpacket: Opcode: 0x0098 Length: 16 Data: 53 74 61 6E 00 00 00 00 00 00 00 00 00 00 00 00 
[09.02.2012 10:13:30] (Debug) Unhandled interpacket: Opcode: 0x0098 Length: 16 Data: 53 74 61 6E 00 00 00 00 00 00 00 00 00 00 00 00 
[09.02.2012 10:13:33] (Debug) Unhandled interpacket: Opcode: 0x0098 Length: 16 Data: 53 74 61 6E 00 00 00 00 00 00 00 00 00 00 00 00 
[09.02.2012 10:13:36] (Debug) Unhandled interpacket: Opcode: 0x0098 Length: 16 Data: 53 74 61 6E 00 00 00 00 00 00 00 00 00 00 00 00 
[09.02.2012 10:13:39] (Debug) Unhandled interpacket: Opcode: 0x0098 Length: 16 Data: 53 74 61 6E 00 00 00 00 00 00 00 00 00 00 00 00 
[09.02.2012 10:13:42] (Debug) Unhandled interpacket: Opcode: 0x0098 Length: 16 Data: 53 74 61 6E 00 00 00 00 00 00 00 00 00 00 00 00 
[09.02.2012 10:13:45] (Debug) Unhandled interpacket: Opcode: 0x0098 Length: 16 Data: 53 74 61 6E 00 00 00 00 00 00 00 00 00 00 00 00 
[09.02.2012 10:13:48] (Debug) Unhandled interpacket: Opcode: 0x0098 Length: 16 Data: 53 74 61 6E 00 00 00 00 00 00 00 00 00 00 00 00 
[09.02.2012 10:13:51] (Debug) Unhandled interpacket: Opcode: 0x0098 Length: 16 Data: 53 74 61 6E 00 00 00 00 00 00 00 00 00 00 00 00 
[09.02.2012 10:13:54] (Debug) Unhandled interpacket: Opcode: 0x0098 Length: 16 Data: 53 74 61 6E 00 00 00 00 00 00 00 00 00 00 00 00 
[09.02.2012 10:13:57] (Debug) Unhandled interpacket: Opcode: 0x0098 Length: 16 Data: 53 74 61 6E 00 00 00 00 00 00 00 00 00 00 00 00 
[09.02.2012 10:14:00] (Debug) Unhandled interpacket: Opcode: 0x0098 Length: 16 Data: 53 74 61 6E 00 00 00 00 00 00 00 00 00 00 00 00 
[09.02.2012 10:14:03] (Debug) Unhandled interpacket: Opcode: 0x0098 Length: 16 Data: 53 74 61 6E 00 00 00 00 00 00 00 00 00 00 00 00 
[09.02.2012 10:14:06] (Debug) Unhandled interpacket: Opcode: 0x0098 Length: 16 Data: 53 74 61 6E 00 00 00 00 00 00 00 00 00 00 00 00 
[09.02.2012 10:14:09] (Debug) Unhandled interpacket: Opcode: 0x0098 Length: 16 Data: 53 74 61 6E 00 00 00 00 00 00 00 00 00 00 00 00 
[09.02.2012 10:14:12] (Debug) Unhandled interpacket: Opcode: 0x0098 Length: 16 Data: 53 74 61 6E 00 00 00 00 00 00 00 00 00 00 00 00 
[09.02.2012 10:14:15] (Debug) Unhandled interpacket: Opcode: 0x0098 Length: 16 Data: 53 74 61 6E 00 00 00 00 00 00 00 00 00 00 00 00 
[09.02.2012 10:14:18] (Debug) Unhandled interpacket: Opcode: 0x0098 Length: 16 Data: 53 74 61 6E 00 00 00 00 00 00 00 00 00 00 00 00 
[09.02.2012 10:14:21] (Debug) Unhandled interpacket: Opcode: 0x0098 Length: 16 Data: 53 74 61 6E 00 00 00 00 00 00 00 00 00 00 00 00 
[09.02.2012 10:14:24] (Debug) Unhandled interpacket: Opcode: 0x0098 Length: 16 Data: 53 74 61 6E 00 00 00 00 00 00 00 00 00 00 00 00 
[09.02.2012 10:14:27] (Debug) Unhandled interpacket: Opcode: 0x0098 Length: 16 Data: 53 74 61 6E 00 00 00 00 00 00 00 00 00 00 00 00 
[09.02.2012 10:15:02] (Debug) Unhandled interpacket: Opcode: 0x0098 Length: 16 Data: 53 74 61 6E 00 00 00 00 00 00 00 00 00 00 00 00 
[09.02.2012 10:15:05] (Debug) Unhandled interpacket: Opcode: 0x0098 Length: 16 Data: 53 74 61 6E 00 00 00 00 00 00 00 00 00 00 00 00 
[09.02.2012 10:15:08] (Debug) Unhandled interpacket: Opcode: 0x0098 Length: 16 Data: 53 74 61 6E 00 00 00 00 00 00 00 00 00 00 00 00 
[09.02.2012 10:15:11] (Debug) Unhandled interpacket: Opcode: 0x0098 Length: 16 Data: 53 74 61 6E 00 00 00 00 00 00 00 00 00 00 00 00 
[09.02.2012 10:15:14] (Debug) Unhandled interpacket: Opcode: 0x0098 Length: 16 Data: 53 74 61 6E 00 00 00 00 00 00 00 00 00 00 00 00 
[09.02.2012 10:15:17] (Debug) Unhandled interpacket: Opcode: 0x0098 Length: 16 Data: 53 74 61 6E 00 00 00 00 00 00 00 00 00 00 00 00 
[09.02.2012 10:15:27] (Debug) Unhandled interpacket: Opcode: 0x0098 Length: 16 Data: 53 74 61 6E 00 00 00 00 00 00 00 00 00 00 00 00 
[09.02.2012 10:15:30] (Debug) Unhandled interpacket: Opcode: 0x0098 Length: 16 Data: 53 74 61 6E 00 00 00 00 00 00 00 00 00 00 00 00 
[09.02.2012 10:15:33] (Debug) Unhandled interpacket: Opcode: 0x0098 Length: 16 Data: 53 74 61 6E 00 00 00 00 00 00 00 00 00 00 00 00 
[09.02.2012 10:15:36] (Debug) Unhandled interpacket: Opcode: 0x0098 Length: 16 Data: 53 74 61 6E 00 00 00 00 00 00 00 00 00 00 00 00 
[09.02.2012 10:15:39] (Debug) Unhandled interpacket: Opcode: 0x0098 Length: 16 Data: 53 74 61 6E 00 00 00 00 00 00 00 00 00 00 00 00 
[09.02.2012 10:15:42] (Debug) Unhandled interpacket: Opcode: 0x0098 Length: 16 Data: 53 74 61 6E 00 00 00 00 00 00 00 00 00 00 00 00 
[09.02.2012 10:15:45] (Debug) Unhandled interpacket: Opcode: 0x0098 Length: 16 Data: 53 74 61 6E 00 00 00 00 00 00 00 00 00 00 00 00 
[09.02.2012 10:15:48] (Debug) Unhandled interpacket: Opcode: 0x0098 Length: 16 Data: 53 74 61 6E 00 00 00 00 00 00 00 00 00 00 00 00 
[09.02.2012 10:15:51] (Debug) Unhandled interpacket: Opcode: 0x0098 Length: 16 Data: 53 74 61 6E 00 00 00 00 00 00 00 00 00 00 00 00 
[09.02.2012 10:15:54] (Debug) Unhandled interpacket: Opcode: 0x0098 Length: 16 Data: 53 74 61 6E 00 00 00 00 00 00 00 00 00 00 00 00 
[09.02.2012 10:16:36] (Debug) Unhandled interpacket: Opcode: 0x0098 Length: 16 Data: 53 74 61 6E 00 00 00 00 00 00 00 00 00 00 00 00 
[09.02.2012 10:16:39] (Debug) Unhandled interpacket: Opcode: 0x0098 Length: 16 Data: 53 74 61 6E 00 00 00 00 00 00 00 00 00 00 00 00 
[09.02.2012 10:16:42] (Debug) Unhandled interpacket: Opcode: 0x0098 Length: 16 Data: 53 74 61 6E 00 00 00 00 00 00 00 00 00 00 00 00 
[09.02.2012 10:16:45] (Debug) Unhandled interpacket: Opcode: 0x0098 Length: 16 Data: 53 74 61 6E 00 00 00 00 00 00 00 00 00 00 00 00 
[09.02.2012 10:16:48] (Debug) Unhandled interpacket: Opcode: 0x0098 Length: 16 Data: 53 74 61 6E 00 00 00 00 00 00 00 00 00 00 00 00 
[09.02.2012 10:16:51] (Debug) Unhandled interpacket: Opcode: 0x0098 Length: 16 Data: 53 74 61 6E 00 00 00 00 00 00 00 00 00 00 00 00 
[09.02.2012 10:16:54] (Debug) Unhandled interpacket: Opcode: 0x0098 Length: 16 Data: 53 74 61 6E 00 00 00 00 00 00 00 00 00 00 00 00 
[09.02.2012 10:16:57] (Debug) Unhandled interpacket: Opcode: 0x0098 Length: 16 Data: 53 74 61 6E 00 00 00 00 00 00 00 00 00 00 00 00 
[09.02.2012 10:17:00] (Debug) Unhandled interpacket: Opcode: 0x0098 Length: 16 Data: 53 74 61 6E 00 00 00 00 00 00 00 00 00 00 00 00 
[09.02.2012 10:17:03] (Debug) Unhandled interpacket: Opcode: 0x0098 Length: 16 Data: 53 74 61 6E 00 00 00 00 00 00 00 00 00 00 00 00 
[09.02.2012 10:17:06] (Debug) Unhandled interpacket: Opcode: 0x0098 Length: 16 Data: 53 74 61 6E 00 00 00 00 00 00 00 00 00 00 00 00 
[09.02.2012 10:17:09] (Debug) Unhandled interpacket: Opcode: 0x0098 Length: 16 Data: 53 74 61 6E 00 00 00 00 00 00 00 00 00 00 00 00 
[09.02.2012 10:17:12] (Debug) Unhandled interpacket: Opcode: 0x0098 Length: 16 Data: 53 74 61 6E 00 00 00 00 00 00 00 00 00 00 00 00 
[09.02.2012 10:17:15] (Debug) Unhandled interpacket: Opcode: 0x0098 Length: 16 Data: 53 74 61 6E 00 00 00 00 00 00 00 00 00 00 00 00 
[09.02.2012 10:17:18] (Debug) Unhandled interpacket: Opcode: 0x0098 Length: 16 Data: 53 74 61 6E 00 00 00 00 00 00 00 00 00 00 00 00 
[09.02.2012 10:17:21] (Debug) Unhandled interpacket: Opcode: 0x0098 Length: 16 Data: 53 74 61 6E 00 00 00 00 00 00 00 00 00 00 00 00 
[09.02.2012 10:17:24] (Debug) Unhandled interpacket: Opcode: 0x0098 Length: 16 Data: 53 74 61 6E 00 00 00 00 00 00 00 00 00 00 00 00 
[09.02.2012 10:17:27] (Debug) Unhandled interpacket: Opcode: 0x0098 Length: 16 Data: 53 74 61 6E 00 00 00 00 00 00 00 00 00 00 00 00 
[09.02.2012 10:17:30] (Debug) Unhandled interpacket: Opcode: 0x0098 Length: 16 Data: 53 74 61 6E 00 00 00 00 00 00 00 00 00 00 00 00 
[09.02.2012 10:17:33] (Debug) Unhandled interpacket: Opcode: 0x0098 Length: 16 Data: 53 74 61 6E 00 00 00 00 00 00 00 00 00 00 00 00 
[09.02.2012 10:17:36] (Debug) Unhandled interpacket: Opcode: 0x0098 Length: 16 Data: 53 74 61 6E 00 00 00 00 00 00 00 00 00 00 00 00 
[09.02.2012 10:17:39] (Debug) Unhandled interpacket: Opcode: 0x0098 Length: 16 Data: 53 74 61 6E 00 00 00 00 00 00 00 00 00 00 00 00 
[09.02.2012 10:17:42] (Debug) Unhandled interpacket: Opcode: 0x0098 Length: 16 Data: 53 74 61 6E 00 00 00 00 00 00 00 00 00 00 00 00 
[09.02.2012 10:17:45] (Debug) Unhandled interpacket: Opcode: 0x0098 Length: 16 Data: 53 74 61 6E 00 00 00 00 00 00 00 00 00 00 00 00 
[09.02.2012 10:17:48] (Debug) Unhandled interpacket: Opcode: 0x0098 Length: 16 Data: 53 74 61 6E 00 00 00 00 00 00 00 00 00 00 00 00 
[09.02.2012 10:17:51] (Debug) Unhandled interpacket: Opcode: 0x0098 Length: 16 Data: 53 74 61 6E 00 00 00 00 00 00 00 00 00 00 00 00 
[09.02.2012 10:17:54] (Debug) Unhandled interpacket: Opcode: 0x0098 Length: 16 Data: 53 74 61 6E 00 00 00 00 00 00 00 00 00 00 00 00 
[09.02.2012 10:17:57] (Debug) Unhandled interpacket: Opcode: 0x0098 Length: 16 Data: 53 74 61 6E 00 00 00 00 00 00 00 00 00 00 00 00 
[09.02.2012 10:20:29] (Debug) Unhandled interpacket: Opcode: 0x0098 Length: 16 Data: 53 74 61 6E 00 00 00 00 00 00 00 00 00 00 00 00 
[09.02.2012 10:20:32] (Debug) Unhandled interpacket: Opcode: 0x0098 Length: 16 Data: 53 74 61 6E 00 00 00 00 00 00 00 00 00 00 00 00 
[09.02.2012 10:20:35] (Debug) Unhandled interpacket: Opcode: 0x0098 Length: 16 Data: 53 74 61 6E 00 00 00 00 00 00 00 00 00 00 00 00 
[09.02.2012 10:20:38] (Debug) Unhandled interpacket: Opcode: 0x0098 Length: 16 Data: 53 74 61 6E 00 00 00 00 00 00 00 00 00 00 00 00 
[09.02.2012 10:20:41] (Debug) Unhandled interpacket: Opcode: 0x0098 Length: 16 Data: 53 74 61 6E 00 00 00 00 00 00 00 00 00 00 00 00 
[09.02.2012 10:20:44] (Debug) Unhandled interpacket: Opcode: 0x0098 Length: 16 Data: 53 74 61 6E 00 00 00 00 00 00 00 00 00 00 00 00 
[09.02.2012 10:20:47] (Debug) Unhandled interpacket: Opcode: 0x0098 Length: 16 Data: 53 74 61 6E 00 00 00 00 00 00 00 00 00 00 00 00 
[09.02.2012 10:20:50] (Debug) Unhandled interpacket: Opcode: 0x0098 Length: 16 Data: 53 74 61 6E 00 00 00 00 00 00 00 00 00 00 00 00 
[09.02.2012 10:20:53] (Debug) Unhandled interpacket: Opcode: 0x0098 Length: 16 Data: 53 74 61 6E 00 00 00 00 00 00 00 00 00 00 00 00 
[09.02.2012 10:20:56] (Debug) Unhandled interpacket: Opcode: 0x0098 Length: 16 Data: 53 74 61 6E 00 00 00 00 00 00 00 00 00 00 00 00 
[09.02.2012 10:20:59] (Debug) Unhandled interpacket: Opcode: 0x0098 Length: 16 Data: 53 74 61 6E 00 00 00 00 00 00 00 00 00 00 00 00 
[09.02.2012 10:21:02] (Debug) Unhandled interpacket: Opcode: 0x0098 Length: 16 Data: 53 74 61 6E 00 00 00 00 00 00 00 00 00 00 00 00 
[09.02.2012 10:21:05] (Debug) Unhandled interpacket: Opcode: 0x0098 Length: 16 Data: 53 74 61 6E 00 00 00 00 00 00 00 00 00 00 00 00 
[09.02.2012 10:21:08] (Debug) Unhandled interpacket: Opcode: 0x0098 Length: 16 Data: 53 74 61 6E 00 00 00 00 00 00 00 00 00 00 00 00 
[09.02.2012 10:21:11] (Debug) Unhandled interpacket: Opcode: 0x0098 Length: 16 Data: 53 74 61 6E 00 00 00 00 00 00 00 00 00 00 00 00 
[09.02.2012 10:21:14] (Debug) Unhandled interpacket: Opcode: 0x0098 Length: 16 Data: 53 74 61 6E 00 00 00 00 00 00 00 00 00 00 00 00 
[09.02.2012 10:21:17] (Debug) Unhandled interpacket: Opcode: 0x0098 Length: 16 Data: 53 74 61 6E 00 00 00 00 00 00 00 00 00 00 00 00 
