[09.02.2012 11:21:46] (Info) 6 InterHandlers loaded.
[09.02.2012 11:21:47] (Info) 27 Handlers loaded.
[09.02.2012 11:21:47] (Info) Loaded 1182 bad names.
[09.02.2012 11:21:47] (Info) DataProvider initialized successfully!
[09.02.2012 11:21:47] (Info) Listening on port 11000 for zones.
[09.02.2012 11:21:47] (Info) Connected to server @ localhost:10000
[09.02.2012 11:21:47] (Info) ClientManager initialized.
[09.02.2012 11:21:47] (Info) IV data received
[09.02.2012 11:21:47] (Info) WorldAcceptor ready at 9110
[09.02.2012 11:21:47] (Info) <3 LoginServer.
[09.02.2012 11:21:56] (Info) Incoming connection from 85.214.55.189:52557
[09.02.2012 11:21:56] (Info) IV data received
[09.02.2012 11:21:56] (Info) Added zone 0 with 64 maps.
[09.02.2012 11:21:56] (Info) Zone 0 listens @ 85.214.55.189:9210
[09.02.2012 11:22:21] (Debug) Client connected from 188.96.168.19
[09.02.2012 11:22:21] (Debug) test authenticated.
[09.02.2012 11:22:21] (Debug) Unhandled packet: 2|13 Opcode: 0x080D Length: 0 Data: 
[09.02.2012 11:22:45] (Debug) Unhandled packet: 22|27 Opcode: 0x581B Length: 0 Data: 
[09.02.2012 11:23:27] (Debug) Client connected from 188.96.168.19
[09.02.2012 11:23:27] (Debug) test99 authenticated.
[09.02.2012 11:23:27] (Debug) Unhandled packet: 2|13 Opcode: 0x080D Length: 0 Data: 
[09.02.2012 11:25:11] (Debug) Unhandled packet: 22|27 Opcode: 0x581B Length: 0 Data: 
[09.02.2012 11:26:12] (Debug) Unhandled interpacket: Opcode: 0x0098 Length: 16 Data: 53 74 61 6E 00 00 00 00 00 00 00 00 00 00 00 00 
[09.02.2012 11:26:15] (Debug) Unhandled interpacket: Opcode: 0x0098 Length: 16 Data: 53 74 61 6E 00 00 00 00 00 00 00 00 00 00 00 00 
[09.02.2012 11:26:18] (Debug) Unhandled interpacket: Opcode: 0x0098 Length: 16 Data: 53 74 61 6E 00 00 00 00 00 00 00 00 00 00 00 00 
[09.02.2012 11:26:21] (Debug) Unhandled interpacket: Opcode: 0x0098 Length: 16 Data: 53 74 61 6E 00 00 00 00 00 00 00 00 00 00 00 00 
[09.02.2012 11:26:24] (Debug) Unhandled interpacket: Opcode: 0x0098 Length: 16 Data: 53 74 61 6E 00 00 00 00 00 00 00 00 00 00 00 00 
[09.02.2012 11:26:27] (Debug) Unhandled interpacket: Opcode: 0x0098 Length: 16 Data: 53 74 61 6E 00 00 00 00 00 00 00 00 00 00 00 00 
[09.02.2012 11:26:30] (Debug) Unhandled interpacket: Opcode: 0x0098 Length: 16 Data: 53 74 61 6E 00 00 00 00 00 00 00 00 00 00 00 00 
[09.02.2012 11:26:33] (Debug) Unhandled interpacket: Opcode: 0x0098 Length: 16 Data: 53 74 61 6E 00 00 00 00 00 00 00 00 00 00 00 00 
[09.02.2012 11:26:36] (Debug) Unhandled interpacket: Opcode: 0x0098 Length: 16 Data: 53 74 61 6E 00 00 00 00 00 00 00 00 00 00 00 00 
[09.02.2012 11:26:39] (Debug) Unhandled interpacket: Opcode: 0x0098 Length: 16 Data: 53 74 61 6E 00 00 00 00 00 00 00 00 00 00 00 00 
[09.02.2012 11:26:42] (Debug) Unhandled interpacket: Opcode: 0x0098 Length: 16 Data: 53 74 61 6E 00 00 00 00 00 00 00 00 00 00 00 00 
[09.02.2012 11:26:45] (Debug) Unhandled interpacket: Opcode: 0x0098 Length: 16 Data: 53 74 61 6E 00 00 00 00 00 00 00 00 00 00 00 00 
[09.02.2012 11:26:48] (Debug) Unhandled interpacket: Opcode: 0x0098 Length: 16 Data: 53 74 61 6E 00 00 00 00 00 00 00 00 00 00 00 00 
[09.02.2012 11:26:51] (Debug) Unhandled interpacket: Opcode: 0x0098 Length: 16 Data: 53 74 61 6E 00 00 00 00 00 00 00 00 00 00 00 00 
[09.02.2012 11:26:54] (Debug) Unhandled interpacket: Opcode: 0x0098 Length: 16 Data: 53 74 61 6E 00 00 00 00 00 00 00 00 00 00 00 00 
[09.02.2012 11:26:57] (Debug) Unhandled interpacket: Opcode: 0x0098 Length: 16 Data: 53 74 61 6E 00 00 00 00 00 00 00 00 00 00 00 00 
[09.02.2012 11:27:00] (Debug) Unhandled interpacket: Opcode: 0x0098 Length: 16 Data: 53 74 61 6E 00 00 00 00 00 00 00 00 00 00 00 00 
[09.02.2012 11:27:03] (Debug) Unhandled interpacket: Opcode: 0x0098 Length: 16 Data: 53 74 61 6E 00 00 00 00 00 00 00 00 00 00 00 00 
[09.02.2012 11:27:06] (Debug) Unhandled interpacket: Opcode: 0x0098 Length: 16 Data: 53 74 61 6E 00 00 00 00 00 00 00 00 00 00 00 00 
[09.02.2012 11:27:09] (Debug) Unhandled interpacket: Opcode: 0x0098 Length: 16 Data: 53 74 61 6E 00 00 00 00 00 00 00 00 00 00 00 00 
[09.02.2012 11:27:20] (Debug) Unhandled interpacket: Opcode: 0x0098 Length: 16 Data: 53 74 61 6E 00 00 00 00 00 00 00 00 00 00 00 00 
[09.02.2012 11:27:23] (Debug) Unhandled interpacket: Opcode: 0x0098 Length: 16 Data: 53 74 61 6E 00 00 00 00 00 00 00 00 00 00 00 00 
[09.02.2012 11:27:26] (Debug) Unhandled interpacket: Opcode: 0x0098 Length: 16 Data: 53 74 61 6E 00 00 00 00 00 00 00 00 00 00 00 00 
[09.02.2012 11:27:29] (Debug) Unhandled interpacket: Opcode: 0x0098 Length: 16 Data: 53 74 61 6E 00 00 00 00 00 00 00 00 00 00 00 00 
[09.02.2012 11:27:32] (Debug) Unhandled interpacket: Opcode: 0x0098 Length: 16 Data: 53 74 61 6E 00 00 00 00 00 00 00 00 00 00 00 00 
[09.02.2012 11:27:35] (Debug) Unhandled interpacket: Opcode: 0x0098 Length: 16 Data: 53 74 61 6E 00 00 00 00 00 00 00 00 00 00 00 00 
[09.02.2012 11:27:38] (Debug) Unhandled interpacket: Opcode: 0x0098 Length: 16 Data: 53 74 61 6E 00 00 00 00 00 00 00 00 00 00 00 00 
[09.02.2012 11:27:41] (Debug) Unhandled interpacket: Opcode: 0x0098 Length: 16 Data: 53 74 61 6E 00 00 00 00 00 00 00 00 00 00 00 00 
[09.02.2012 11:27:42] (Error) Disconnected from server.
