[09.02.2012 07:26:48] (Info) 26 command(s) registered.
[09.02.2012 07:26:48] (Info) 6 InterHandlers loaded.
[09.02.2012 07:26:48] (Warn) Duplicate handler found: 9:1
[09.02.2012 07:26:48] (Warn) Duplicate handler found: 9:8
[09.02.2012 07:26:48] (Warn) Duplicate handler found: 9:43
[09.02.2012 07:26:48] (Warn) Duplicate handler found: 9:61
[09.02.2012 07:26:48] (Warn) Duplicate handler found: 9:50
[09.02.2012 07:26:48] (Warn) Duplicate handler found: 9:64
[09.02.2012 07:26:48] (Warn) Duplicate handler found: 9:65
[09.02.2012 07:26:48] (Warn) Duplicate handler found: 8:1
[09.02.2012 07:26:48] (Warn) Duplicate handler found: 8:29
[09.02.2012 07:26:48] (Warn) Duplicate handler found: 8:30
[09.02.2012 07:26:48] (Warn) Duplicate handler found: 8:10
[09.02.2012 07:26:48] (Warn) Duplicate handler found: 8:39
[09.02.2012 07:26:48] (Warn) Duplicate handler found: 8:42
[09.02.2012 07:26:48] (Warn) Duplicate handler found: 8:32
[09.02.2012 07:26:48] (Warn) Duplicate handler found: 8:36
[09.02.2012 07:26:48] (Warn) Duplicate handler found: 8:25
[09.02.2012 07:26:48] (Warn) Duplicate handler found: 8:18
[09.02.2012 07:26:48] (Warn) Duplicate handler found: 8:23
[09.02.2012 07:26:48] (Warn) Duplicate handler found: 7:1
[09.02.2012 07:26:48] (Warn) Duplicate handler found: 6:1
[09.02.2012 07:26:48] (Warn) Duplicate handler found: 6:22
[09.02.2012 07:26:48] (Warn) Duplicate handler found: 6:3
[09.02.2012 07:26:48] (Warn) Duplicate handler found: 4:78
[09.02.2012 07:26:48] (Warn) Duplicate handler found: 4:92
[09.02.2012 07:26:48] (Warn) Duplicate handler found: 15:2
[09.02.2012 07:26:48] (Warn) Duplicate handler found: 14:72
[09.02.2012 07:26:48] (Warn) Duplicate handler found: 2:5
[09.02.2012 07:26:48] (Warn) Duplicate handler found: 12:18
[09.02.2012 07:26:48] (Warn) Duplicate handler found: 12:3
[09.02.2012 07:26:48] (Warn) Duplicate handler found: 12:6
[09.02.2012 07:26:48] (Warn) Duplicate handler found: 12:9
[09.02.2012 07:26:48] (Warn) Duplicate handler found: 12:21
[09.02.2012 07:26:48] (Warn) Duplicate handler found: 12:15
[09.02.2012 07:26:48] (Warn) Duplicate handler found: 12:11
[09.02.2012 07:26:48] (Warn) Duplicate handler found: 12:7
[09.02.2012 07:26:48] (Warn) Duplicate handler found: 12:23
[09.02.2012 07:26:48] (Warn) Duplicate handler found: 20:7
[09.02.2012 07:26:48] (Warn) Duplicate handler found: 20:9
[09.02.2012 07:26:48] (Info) 38 Handlers loaded.
[09.02.2012 07:26:48] (Info) ClientManager initialized.
[09.02.2012 07:26:49] (Error) Couldn't connect to server @ 85.214.55.189:11000
